############################################
Teste=246
Precisao=0.9666666666666667
Recall=1.0
Encontrados=30
Esperados=29
############################################
Alinhamentos esperados:


Funcao1=similarity.structure.ConceptNameSimilarity@21102215
Peso1=0.94

Funcao2=similarity.structure.DirectIndividualSimilarity@76b0d1aa
Peso2=0.005

Funcao3=similarity.structure.CommentTokenSimilarity@2872d9f9
Peso3=0.055

Funcao4=class similarity.FunctionContainer@FuncoesHierarquia
Peso4=0.0

Funcao5=similarity.structure.DirectSuperClassSimilarity@f4dbdd2
Peso5=0.505

Funcao6=similarity.structure.DirectSubClassSimilarity@2f6d36a4
Peso6=0.415

Funcao5=class similarity.FunctionContainer@FuncoesPropriedades
Peso5=0.0

Funcao6=similarity.structure.DirectPropertybyRangeDomainSimilarity@5fa08f62
Peso6=0.11

Funcao7=similarity.structure.DirectPropertybyNameSimilarity@61a3387e
Peso7=0.09

############################
#Similaridade dos recursos

(Academic            ,MastersThesis       ,0.25492305)
(Academic            ,PhdThesis           ,0.24688888)
(Academic            ,Date                ,0.2455)
(Academic            ,InCollection        ,0.2455)
(Academic            ,Address             ,0.24499999)
(Academic            ,Misc                ,0.24)
(Academic            ,Collection          ,0.203)
(Academic            ,TechReport          ,0.20085713)
(Academic            ,Conference          ,0.19299999)
(Academic            ,Proceedings         ,0.18090908)
(Academic            ,LectureNotes        ,0.16166668)
(Academic            ,MotionPicture       ,0.15747252)
(Academic            ,InProceedings       ,0.15511538)
(Academic            ,School              ,0.13821429)
(Academic            ,Article             ,0.13472222)
(Academic            ,Chapter             ,0.13096154)
(Academic            ,Manual              ,0.1225)
(Academic            ,PageRange           ,0.11631944)
(Academic            ,Reference           ,0.10944444)
(Academic            ,PersonList          ,0.10587502)
(Academic            ,Deliverable         ,0.09656563)
(Academic            ,Unpublished         ,0.095037855)
(Academic            ,Institution         ,0.09045452)
(Academic            ,Booklet             ,0.012857143)
(Academic            ,Publisher           ,0.01111111)
(Academic            ,Journal             ,0.01)
(Academic            ,Report              ,0.0095833335)
(Academic            ,InBook              ,0.0095833335)
(Academic            ,Monograph           ,0.009230769)
(Address             ,Address             ,1.0)
(Address             ,PhdThesis           ,0.42277774)
(Address             ,MastersThesis       ,0.36653844)
(Address             ,Date                ,0.2785714)
(Address             ,LectureNotes        ,0.24)
(Address             ,InProceedings       ,0.22192305)
(Address             ,PageRange           ,0.21938887)
(Address             ,Reference           ,0.21388887)
(Address             ,Conference          ,0.19849999)
(Address             ,TechReport          ,0.19623528)
(Address             ,Proceedings         ,0.17590909)
(Address             ,Article             ,0.14386903)
(Address             ,Misc                ,0.1392857)
(Address             ,Journal             ,0.1392857)
(Address             ,Publisher           ,0.12044444)
(Address             ,Monograph           ,0.10944444)
(Address             ,Collection          ,0.10746156)
(Address             ,PersonList          ,0.104500026)
(Address             ,Deliverable         ,0.09045452)
(Address             ,Unpublished         ,0.09045452)
(Address             ,InCollection        ,0.08791665)
(Address             ,Chapter             ,0.0123333335)
(Address             ,School              ,0.0105)
(Address             ,InBook              ,0.008928571)
(Address             ,Booklet             ,0.008235294)
(Address             ,Manual              ,0.005)
(Address             ,MotionPicture       ,0.005)
(Address             ,Report              ,0.005)
(Address             ,Institution         ,0.005)
(Article             ,Article             ,0.995)
(Article             ,MotionPicture       ,0.29610577)
(Article             ,Date                ,0.2738095)
(Article             ,Deliverable         ,0.2618636)
(Article             ,MastersThesis       ,0.22379805)
(Article             ,PageRange           ,0.21499999)
(Article             ,Publisher           ,0.21438888)
(Article             ,Reference           ,0.20888887)
(Article             ,Conference          ,0.19411111)
(Article             ,PersonList          ,0.19411111)
(Article             ,Proceedings         ,0.1809091)
(Article             ,Unpublished         ,0.18007576)
(Article             ,Institution         ,0.17876624)
(Article             ,InProceedings       ,0.16294871)
(Article             ,InCollection        ,0.16166668)
(Article             ,LectureNotes        ,0.15666668)
(Article             ,School              ,0.1480357)
(Article             ,Report              ,0.14345238)
(Article             ,Booklet             ,0.14161904)
(Article             ,Address             ,0.13886903)
(Article             ,Misc                ,0.1342857)
(Article             ,Manual              ,0.1342857)
(Article             ,PhdThesis           ,0.11131944)
(Article             ,Collection          ,0.103166685)
(Article             ,TechReport          ,0.10133335)
(Article             ,Chapter             ,0.007857143)
(Article             ,Journal             ,0.0045833336)
(Article             ,InBook              ,0.0042307694)
(Article             ,Monograph           ,0.0039285715)
(Book                ,InBook              ,0.6434523)
(Book                ,Booklet             ,0.5482539)
(Book                ,School              ,0.3283333)
(Book                ,Monograph           ,0.22488886)
(Book                ,Collection          ,0.22299999)
(Book                ,InCollection        ,0.17541668)
(Book                ,Report              ,0.16510418)
(Book                ,MotionPicture       ,0.15461537)
(Book                ,Journal             ,0.14295237)
(Book                ,Publisher           ,0.118611105)
(Book                ,PersonList          ,0.10900002)
(Book                ,TechReport          ,0.10511113)
(Book                ,Conference          ,0.09900002)
(Book                ,Proceedings         ,0.09831166)
(Book                ,Unpublished         ,0.093892016)
(Book                ,Institution         ,0.09045452)
(Book                ,LectureNotes        ,0.08333331)
(Book                ,InProceedings       ,0.081236266)
(Book                ,Chapter             ,0.019666668)
(Book                ,Date                ,0.015000001)
(Book                ,PageRange           ,0.015000001)
(Book                ,Article             ,0.013461539)
(Book                ,Address             ,0.012857143)
(Book                ,MastersThesis       ,0.01)
(Book                ,PhdThesis           ,0.01)
(Book                ,Deliverable         ,0.009230769)
(Book                ,Misc                ,0.005)
(Book                ,Manual              ,0.005)
(Book                ,Reference           ,0.005)
(Booklet             ,Booklet             ,1.0)
(Booklet             ,InCollection        ,0.3217708)
(Booklet             ,Collection          ,0.2973125)
(Booklet             ,PersonList          ,0.29092857)
(Booklet             ,InBook              ,0.27662694)
(Booklet             ,MotionPicture       ,0.22615382)
(Booklet             ,Publisher           ,0.22174601)
(Booklet             ,Monograph           ,0.21999998)
(Booklet             ,TechReport          ,0.2016842)
(Booklet             ,Conference          ,0.19692856)
(Booklet             ,Proceedings         ,0.17914438)
(Booklet             ,Unpublished         ,0.17896464)
(Booklet             ,LectureNotes        ,0.16166668)
(Booklet             ,InProceedings       ,0.15305288)
(Booklet             ,School              ,0.14774723)
(Booklet             ,Article             ,0.14661904)
(Booklet             ,Date                ,0.1458857)
(Booklet             ,Report              ,0.14575629)
(Booklet             ,Chapter             ,0.14507517)
(Booklet             ,Journal             ,0.142521)
(Booklet             ,PhdThesis           ,0.11367521)
(Booklet             ,Reference           ,0.10944444)
(Booklet             ,Institution         ,0.095037855)
(Booklet             ,Deliverable         ,0.09412119)
(Booklet             ,MastersThesis       ,0.08153846)
(Booklet             ,PageRange           ,0.008928571)
(Booklet             ,Address             ,0.008235294)
(Booklet             ,Misc                ,0.005)
(Booklet             ,Manual              ,0.005)
(Chapter             ,Chapter             ,1.0)
(Chapter             ,Date                ,0.41473213)
(Chapter             ,TechReport          ,0.29278946)
(Chapter             ,LectureNotes        ,0.24)
(Chapter             ,MastersThesis       ,0.22650638)
(Chapter             ,MotionPicture       ,0.22650638)
(Chapter             ,Publisher           ,0.2223504)
(Chapter             ,PhdThesis           ,0.2184722)
(Chapter             ,Collection          ,0.20871428)
(Chapter             ,Conference          ,0.19299999)
(Chapter             ,InCollection        ,0.18666668)
(Chapter             ,Deliverable         ,0.17983766)
(Chapter             ,School              ,0.14845237)
(Chapter             ,Booklet             ,0.14507517)
(Chapter             ,Report              ,0.142521)
(Chapter             ,Manual              ,0.1392857)
(Chapter             ,PageRange           ,0.118611105)
(Chapter             ,Reference           ,0.10944444)
(Chapter             ,Unpublished         ,0.10145452)
(Chapter             ,Proceedings         ,0.093892016)
(Chapter             ,Institution         ,0.09045452)
(Chapter             ,InProceedings       ,0.08097436)
(Chapter             ,InBook              ,0.015999999)
(Chapter             ,PersonList          ,0.014166667)
(Chapter             ,Article             ,0.012857143)
(Chapter             ,Address             ,0.0123333335)
(Chapter             ,Monograph           ,0.011470588)
(Chapter             ,Journal             ,0.008437499)
(Chapter             ,Misc                ,0.005)
(Collection          ,Collection          ,1.0)
(Collection          ,InCollection        ,0.8033333)
(Collection          ,Institution         ,0.34681818)
(Collection          ,Booklet             ,0.2973125)
(Collection          ,Conference          ,0.287)
(Collection          ,MotionPicture       ,0.22742306)
(Collection          ,Chapter             ,0.20871428)
(Collection          ,School              ,0.204)
(Collection          ,Deliverable         ,0.18049242)
(Collection          ,Proceedings         ,0.17983766)
(Collection          ,LectureNotes        ,0.16166668)
(Collection          ,MastersThesis       ,0.15511538)
(Collection          ,InProceedings       ,0.15384614)
(Collection          ,Monograph           ,0.1159231)
(Collection          ,InBook              ,0.11169233)
(Collection          ,PersonList          ,0.11000002)
(Collection          ,PageRange           ,0.11000002)
(Collection          ,Date                ,0.10947621)
(Collection          ,Publisher           ,0.10900002)
(Collection          ,Article             ,0.10816669)
(Collection          ,Address             ,0.10746156)
(Collection          ,PhdThesis           ,0.104500026)
(Collection          ,Journal             ,0.102928594)
(Collection          ,Report              ,0.10266669)
(Collection          ,Misc                ,0.09900002)
(Collection          ,Reference           ,0.09900002)
(Collection          ,TechReport          ,0.011470588)
(Collection          ,Unpublished         ,0.008666666)
(Collection          ,Manual              ,0.005)
(Conference          ,Conference          ,0.995)
(Conference          ,Reference           ,0.658)
(Conference          ,PageRange           ,0.376)
(Conference          ,LectureNotes        ,0.3133333)
(Conference          ,Collection          ,0.282)
(Conference          ,Journal             ,0.282)
(Conference          ,Monograph           ,0.282)
(Conference          ,Proceedings         ,0.2618636)
(Conference          ,Deliverable         ,0.2563636)
(Conference          ,InCollection        ,0.235)
(Conference          ,InProceedings       ,0.22303417)
(Conference          ,MastersThesis       ,0.21692306)
(Conference          ,MotionPicture       ,0.21692306)
(Conference          ,Article             ,0.19411111)
(Conference          ,Address             ,0.1935)
(Conference          ,Booklet             ,0.19192857)
(Conference          ,Chapter             ,0.188)
(Conference          ,Report              ,0.09900002)
(Conference          ,Misc                ,0.09400002)
(Conference          ,Date                ,0.09400002)
(Conference          ,Manual              ,0.09400002)
(Conference          ,PhdThesis           ,0.09400002)
(Conference          ,TechReport          ,0.09400002)
(Conference          ,InBook              ,0.09400002)
(Conference          ,Unpublished         ,0.09045452)
(Conference          ,Institution         ,0.011)
(Conference          ,Publisher           ,0.0)
(Conference          ,School              ,0.0)
(Conference          ,PersonList          ,0.0)
(Date                ,Date                ,1.0)
(Date                ,Chapter             ,0.41473213)
(Date                ,Article             ,0.2788095)
(Date                ,Address             ,0.2785714)
(Date                ,Deliverable         ,0.26398265)
(Date                ,MastersThesis       ,0.22481778)
(Date                ,PageRange           ,0.21967834)
(Date                ,PhdThesis           ,0.21678361)
(Date                ,Manual              ,0.16166668)
(Date                ,LectureNotes        ,0.16166668)
(Date                ,MotionPicture       ,0.1525101)
(Date                ,Booklet             ,0.1458857)
(Date                ,Publisher           ,0.11494444)
(Date                ,Monograph           ,0.114027776)
(Date                ,Collection          ,0.10947621)
(Date                ,Reference           ,0.10944444)
(Date                ,TechReport          ,0.10323079)
(Date                ,Conference          ,0.09900002)
(Date                ,Proceedings         ,0.09545452)
(Date                ,Unpublished         ,0.09274618)
(Date                ,Institution         ,0.09045452)
(Date                ,InCollection        ,0.08857141)
(Date                ,InProceedings       ,0.07980769)
(Date                ,School              ,0.010789474)
(Date                ,PersonList          ,0.010789474)
(Date                ,InBook              ,0.009782609)
(Date                ,Journal             ,0.0073913042)
(Date                ,Report              ,0.0072916667)
(Date                ,Misc                ,0.005)
(Deliverable         ,Deliverable         ,1.0)
(Deliverable         ,PageRange           ,0.3536932)
(Deliverable         ,Reference           ,0.34681818)
(Deliverable         ,Article             ,0.26686358)
(Deliverable         ,Date                ,0.26398265)
(Deliverable         ,Conference          ,0.2613636)
(Deliverable         ,Report              ,0.18590909)
(Deliverable         ,TechReport          ,0.18376623)
(Deliverable         ,Journal             ,0.18090908)
(Deliverable         ,Collection          ,0.18049242)
(Deliverable         ,Monograph           ,0.18013985)
(Deliverable         ,Chapter             ,0.17983766)
(Deliverable         ,Publisher           ,0.17590909)
(Deliverable         ,Manual              ,0.17590909)
(Deliverable         ,LectureNotes        ,0.16166668)
(Deliverable         ,MastersThesis       ,0.15747252)
(Deliverable         ,MotionPicture       ,0.15747252)
(Deliverable         ,PhdThesis           ,0.09831166)
(Deliverable         ,School              ,0.09732952)
(Deliverable         ,PersonList          ,0.09732952)
(Deliverable         ,Proceedings         ,0.09545452)
(Deliverable         ,InBook              ,0.095037855)
(Deliverable         ,Booklet             ,0.09412119)
(Deliverable         ,Misc                ,0.09045452)
(Deliverable         ,Address             ,0.09045452)
(Deliverable         ,InCollection        ,0.08883332)
(Deliverable         ,InProceedings       ,0.08280769)
(Deliverable         ,Unpublished         ,0.0095833335)
(Deliverable         ,Institution         ,0.005)
(InBook              ,InBook              ,0.995)
(InBook              ,InCollection        ,0.32833332)
(InBook              ,School              ,0.3183333)
(InBook              ,Booklet             ,0.27162695)
(InBook              ,Institution         ,0.2563636)
(InBook              ,InProceedings       ,0.22115383)
(InBook              ,Unpublished         ,0.17457576)
(InBook              ,Report              ,0.16452383)
(InBook              ,MotionPicture       ,0.15011539)
(InBook              ,Monograph           ,0.11177777)
(InBook              ,Publisher           ,0.10902777)
(InBook              ,Collection          ,0.10669233)
(InBook              ,PersonList          ,0.10500002)
(InBook              ,TechReport          ,0.10047061)
(InBook              ,Conference          ,0.09400002)
(InBook              ,Deliverable         ,0.09003785)
(InBook              ,LectureNotes        ,0.07833331)
(InBook              ,PageRange           ,0.0275)
(InBook              ,Chapter             ,0.011)
(InBook              ,MastersThesis       ,0.0055)
(InBook              ,PhdThesis           ,0.0055)
(InBook              ,Date                ,0.0047826087)
(InBook              ,Article             ,0.0042307694)
(InBook              ,Journal             ,0.0039285715)
(InBook              ,Address             ,0.0039285715)
(InBook              ,Proceedings         ,0.0039285715)
(InBook              ,Misc                ,0.0)
(InBook              ,Manual              ,0.0)
(InBook              ,Reference           ,0.0)
(InCollection        ,InCollection        ,1.0)
(InCollection        ,Collection          ,0.8033333)
(InCollection        ,Institution         ,0.475)
(InCollection        ,InBook              ,0.3333333)
(InCollection        ,Booklet             ,0.3217708)
(InCollection        ,InProceedings       ,0.29923075)
(InCollection        ,Conference          ,0.24)
(InCollection        ,MotionPicture       ,0.22879805)
(InCollection        ,Chapter             ,0.18666668)
(InCollection        ,Unpublished         ,0.17666668)
(InCollection        ,PersonList          ,0.17541668)
(InCollection        ,PhdThesis           ,0.16854167)
(InCollection        ,School              ,0.16777779)
(InCollection        ,Article             ,0.16666667)
(InCollection        ,Proceedings         ,0.16625)
(InCollection        ,Report              ,0.16589744)
(InCollection        ,TechReport          ,0.16510418)
(InCollection        ,LectureNotes        ,0.16166668)
(InCollection        ,PageRange           ,0.097083315)
(InCollection        ,Monograph           ,0.09179485)
(InCollection        ,Publisher           ,0.08883332)
(InCollection        ,Deliverable         ,0.08883332)
(InCollection        ,Date                ,0.08857141)
(InCollection        ,Journal             ,0.08791665)
(InCollection        ,Address             ,0.08791665)
(InCollection        ,Misc                ,0.08333331)
(InCollection        ,Manual              ,0.08333331)
(InCollection        ,Reference           ,0.08333331)
(InCollection        ,MastersThesis       ,0.011875)
(InProceedings       ,InProceedings       ,0.995)
(InProceedings       ,Proceedings         ,0.81188464)
(InProceedings       ,PhdThesis           ,0.29610577)
(InProceedings       ,PageRange           ,0.29534188)
(InProceedings       ,InCollection        ,0.29423076)
(InProceedings       ,Institution         ,0.2247802)
(InProceedings       ,Conference          ,0.22303417)
(InProceedings       ,InBook              ,0.22115383)
(InProceedings       ,Reference           ,0.21692306)
(InProceedings       ,Address             ,0.21692306)
(InProceedings       ,Article             ,0.16294871)
(InProceedings       ,Unpublished         ,0.15378205)
(InProceedings       ,Report              ,0.15378205)
(InProceedings       ,MastersThesis       ,0.15149038)
(InProceedings       ,PersonList          ,0.1507265)
(InProceedings       ,Journal             ,0.14919871)
(InProceedings       ,Collection          ,0.14884615)
(InProceedings       ,Booklet             ,0.14805289)
(InProceedings       ,LectureNotes        ,0.14461538)
(InProceedings       ,MotionPicture       ,0.07918269)
(InProceedings       ,School              ,0.0784188)
(InProceedings       ,Deliverable         ,0.077807695)
(InProceedings       ,Monograph           ,0.07623626)
(InProceedings       ,Chapter             ,0.07597436)
(InProceedings       ,TechReport          ,0.07574519)
(InProceedings       ,Date                ,0.07480769)
(InProceedings       ,Misc                ,0.07230769)
(InProceedings       ,Publisher           ,0.07230769)
(InProceedings       ,Manual              ,0.0)
(Informal            ,Journal             ,0.36249998)
(Informal            ,InBook              ,0.36208332)
(Informal            ,Conference          ,0.287)
(Informal            ,School              ,0.25571427)
(Informal            ,Report              ,0.25)
(Informal            ,InCollection        ,0.2455)
(Informal            ,Manual              ,0.24)
(Informal            ,InProceedings       ,0.22742306)
(Informal            ,Monograph           ,0.21811964)
(Informal            ,Reference           ,0.21388887)
(Informal            ,Deliverable         ,0.1820202)
(Informal            ,Institution         ,0.17590909)
(Informal            ,MotionPicture       ,0.15747252)
(Informal            ,Booklet             ,0.13035715)
(Informal            ,Address             ,0.1275)
(Informal            ,PageRange           ,0.11631944)
(Informal            ,TechReport          ,0.11169233)
(Informal            ,Unpublished         ,0.106954515)
(Informal            ,PersonList          ,0.10587502)
(Informal            ,MastersThesis       ,0.08516484)
(Informal            ,LectureNotes        ,0.08333331)
(Informal            ,Article             ,0.017222222)
(Informal            ,Collection          ,0.015000001)
(Informal            ,Chapter             ,0.013461539)
(Informal            ,PhdThesis           ,0.012857143)
(Informal            ,Publisher           ,0.01111111)
(Informal            ,Date                ,0.0105)
(Informal            ,Proceedings         ,0.01)
(Informal            ,Misc                ,0.005)
(Institution         ,Institution         ,1.0)
(Institution         ,InCollection        ,0.475)
(Institution         ,Collection          ,0.34681818)
(Institution         ,InBook              ,0.2613636)
(Institution         ,InProceedings       ,0.2297802)
(Institution         ,MastersThesis       ,0.22192305)
(Institution         ,Article             ,0.18376623)
(Institution         ,School              ,0.17590909)
(Institution         ,PhdThesis           ,0.17590909)
(Institution         ,MotionPicture       ,0.14961538)
(Institution         ,Report              ,0.10420452)
(Institution         ,Unpublished         ,0.09656563)
(Institution         ,Booklet             ,0.095037855)
(Institution         ,Misc                ,0.09045452)
(Institution         ,Publisher           ,0.09045452)
(Institution         ,Date                ,0.09045452)
(Institution         ,Manual              ,0.09045452)
(Institution         ,Journal             ,0.09045452)
(Institution         ,Chapter             ,0.09045452)
(Institution         ,PersonList          ,0.09045452)
(Institution         ,LectureNotes        ,0.08333331)
(Institution         ,Conference          ,0.015999999)
(Institution         ,Proceedings         ,0.011875)
(Institution         ,TechReport          ,0.0095833335)
(Institution         ,Deliverable         ,0.005)
(Institution         ,Reference           ,0.005)
(Institution         ,Address             ,0.005)
(Institution         ,Monograph           ,0.005)
(Institution         ,PageRange           ,0.005)
(Journal             ,Journal             ,0.995)
(Journal             ,Conference          ,0.282)
(Journal             ,Manual              ,0.2685714)
(Journal             ,LectureNotes        ,0.235)
(Journal             ,PageRange           ,0.21438888)
(Journal             ,Monograph           ,0.21255554)
(Journal             ,Reference           ,0.20888887)
(Journal             ,Deliverable         ,0.17590909)
(Journal             ,Proceedings         ,0.17513986)
(Journal             ,MotionPicture       ,0.1507265)
(Journal             ,InProceedings       ,0.14919871)
(Journal             ,School              ,0.1397857)
(Journal             ,Booklet             ,0.137521)
(Journal             ,Address             ,0.1342857)
(Journal             ,PersonList          ,0.099500015)
(Journal             ,Collection          ,0.09792859)
(Journal             ,TechReport          ,0.097235315)
(Journal             ,Unpublished         ,0.08938309)
(Journal             ,Institution         ,0.085454516)
(Journal             ,InCollection        ,0.08291665)
(Journal             ,MastersThesis       ,0.0784188)
(Journal             ,PhdThesis           ,0.006111111)
(Journal             ,Article             ,0.0045833336)
(Journal             ,Report              ,0.0039285715)
(Journal             ,InBook              ,0.0039285715)
(Journal             ,Chapter             ,0.0034375)
(Journal             ,Date                ,0.0023913044)
(Journal             ,Misc                ,0.0)
(Journal             ,Publisher           ,0.0)
(LectureNotes        ,LectureNotes        ,1.0)
(LectureNotes        ,Reference           ,0.39666668)
(LectureNotes        ,TechReport          ,0.39666668)
(LectureNotes        ,Conference          ,0.3183333)
(LectureNotes        ,Journal             ,0.24)
(LectureNotes        ,Chapter             ,0.24)
(LectureNotes        ,Address             ,0.24)
(LectureNotes        ,Report              ,0.24)
(LectureNotes        ,PhdThesis           ,0.24)
(LectureNotes        ,PageRange           ,0.24)
(LectureNotes        ,MastersThesis       ,0.22192305)
(LectureNotes        ,Publisher           ,0.16166668)
(LectureNotes        ,Collection          ,0.16166668)
(LectureNotes        ,Date                ,0.16166668)
(LectureNotes        ,InCollection        ,0.16166668)
(LectureNotes        ,Article             ,0.16166668)
(LectureNotes        ,Booklet             ,0.16166668)
(LectureNotes        ,Deliverable         ,0.16166668)
(LectureNotes        ,Unpublished         ,0.16166668)
(LectureNotes        ,School              ,0.16166668)
(LectureNotes        ,Proceedings         ,0.16166668)
(LectureNotes        ,PersonList          ,0.16166668)
(LectureNotes        ,InProceedings       ,0.14961538)
(LectureNotes        ,Manual              ,0.08333331)
(LectureNotes        ,Monograph           ,0.08333331)
(LectureNotes        ,Institution         ,0.08333331)
(LectureNotes        ,InBook              ,0.08333331)
(LectureNotes        ,MotionPicture       ,0.07730769)
(LectureNotes        ,Misc                ,0.005)
(Manual              ,Manual              ,1.0)
(Manual              ,Monograph           ,0.3183333)
(Manual              ,Journal             ,0.2735714)
(Manual              ,MotionPicture       ,0.22192305)
(Manual              ,PageRange           ,0.21388887)
(Manual              ,Deliverable         ,0.17590909)
(Manual              ,Unpublished         ,0.17590909)
(Manual              ,Misc                ,0.16166668)
(Manual              ,Date                ,0.16166668)
(Manual              ,School              ,0.16166668)
(Manual              ,MastersThesis       ,0.14961538)
(Manual              ,Article             ,0.1392857)
(Manual              ,Chapter             ,0.1392857)
(Manual              ,Conference          ,0.09900002)
(Manual              ,PersonList          ,0.09900002)
(Manual              ,Institution         ,0.09045452)
(Manual              ,InCollection        ,0.08333331)
(Manual              ,LectureNotes        ,0.08333331)
(Manual              ,Publisher           ,0.005)
(Manual              ,Collection          ,0.005)
(Manual              ,Booklet             ,0.005)
(Manual              ,Reference           ,0.005)
(Manual              ,Address             ,0.005)
(Manual              ,Report              ,0.005)
(Manual              ,PhdThesis           ,0.005)
(Manual              ,Proceedings         ,0.005)
(Manual              ,TechReport          ,0.005)
(Manual              ,InProceedings       ,0.005)
(Manual              ,InBook              ,0.005)
(MastersThesis       ,MastersThesis       ,1.0)
(MastersThesis       ,PhdThesis           ,0.4663461)
(MastersThesis       ,Address             ,0.36653844)
(MastersThesis       ,PersonList          ,0.30339742)
(MastersThesis       ,PageRange           ,0.30339742)
(MastersThesis       ,Article             ,0.22879805)
(MastersThesis       ,Monograph           ,0.22692305)
(MastersThesis       ,Chapter             ,0.22650638)
(MastersThesis       ,Date                ,0.22481778)
(MastersThesis       ,Publisher           ,0.22192305)
(MastersThesis       ,Conference          ,0.22192305)
(MastersThesis       ,Reference           ,0.22192305)
(MastersThesis       ,LectureNotes        ,0.22192305)
(MastersThesis       ,Institution         ,0.22192305)
(MastersThesis       ,School              ,0.15878205)
(MastersThesis       ,Deliverable         ,0.15747252)
(MastersThesis       ,InProceedings       ,0.15649037)
(MastersThesis       ,Proceedings         ,0.15572649)
(MastersThesis       ,Collection          ,0.15511538)
(MastersThesis       ,Unpublished         ,0.15511538)
(MastersThesis       ,Report              ,0.15511538)
(MastersThesis       ,TechReport          ,0.15384614)
(MastersThesis       ,Misc                ,0.14961538)
(MastersThesis       ,Manual              ,0.14961538)
(MastersThesis       ,MotionPicture       ,0.08830769)
(MastersThesis       ,Journal             ,0.0834188)
(MastersThesis       ,Booklet             ,0.08153846)
(MastersThesis       ,InCollection        ,0.011875)
(MastersThesis       ,InBook              ,0.0105)
(Misc                ,Misc                ,0.995)
(Misc                ,MotionPicture       ,0.21692306)
(Misc                ,Publisher           ,0.20888887)
(Misc                ,PersonList          ,0.188)
(Misc                ,Unpublished         ,0.17090909)
(Misc                ,Manual              ,0.15666668)
(Misc                ,MastersThesis       ,0.14461538)
(Misc                ,Article             ,0.1342857)
(Misc                ,Address             ,0.1342857)
(Misc                ,Reference           ,0.10444444)
(Misc                ,Monograph           ,0.10444444)
(Misc                ,PhdThesis           ,0.10444444)
(Misc                ,Conference          ,0.09400002)
(Misc                ,Collection          ,0.09400002)
(Misc                ,Deliverable         ,0.085454516)
(Misc                ,Proceedings         ,0.085454516)
(Misc                ,Institution         ,0.085454516)
(Misc                ,InCollection        ,0.07833331)
(Misc                ,InProceedings       ,0.07230769)
(Misc                ,Date                ,0.0)
(Misc                ,Booklet             ,0.0)
(Misc                ,Journal             ,0.0)
(Misc                ,School              ,0.0)
(Misc                ,Chapter             ,0.0)
(Misc                ,LectureNotes        ,0.0)
(Misc                ,Report              ,0.0)
(Misc                ,PageRange           ,0.0)
(Misc                ,TechReport          ,0.0)
(Misc                ,InBook              ,0.0)
(Monograph           ,Monograph           ,0.995)
(Monograph           ,Manual              ,0.3133333)
(Monograph           ,Conference          ,0.282)
(Monograph           ,MastersThesis       ,0.22192305)
(Monograph           ,MotionPicture       ,0.22192305)
(Monograph           ,Booklet             ,0.21499999)
(Monograph           ,Journal             ,0.21255554)
(Monograph           ,Report              ,0.21232638)
(Monograph           ,Deliverable         ,0.17513986)
(Monograph           ,InBook              ,0.11177777)
(Monograph           ,Collection          ,0.1109231)
(Monograph           ,Date                ,0.10902777)
(Monograph           ,School              ,0.10902777)
(Monograph           ,PageRange           ,0.10902777)
(Monograph           ,Misc                ,0.10444444)
(Monograph           ,Address             ,0.10444444)
(Monograph           ,PersonList          ,0.098583356)
(Monograph           ,TechReport          ,0.096894756)
(Monograph           ,Proceedings         ,0.089121185)
(Monograph           ,Unpublished         ,0.08889201)
(Monograph           ,InCollection        ,0.08679485)
(Monograph           ,LectureNotes        ,0.07833331)
(Monograph           ,InProceedings       ,0.07623626)
(Monograph           ,Chapter             ,0.006470588)
(Monograph           ,PhdThesis           ,0.0050000004)
(Monograph           ,Article             ,0.0039285715)
(Monograph           ,Publisher           ,0.0)
(Monograph           ,Reference           ,0.0)
(Monograph           ,Institution         ,0.0)
(MotionPicture       ,MotionPicture       ,1.0)
(MotionPicture       ,PersonList          ,0.30339742)
(MotionPicture       ,Article             ,0.30110577)
(MotionPicture       ,InCollection        ,0.22879805)
(MotionPicture       ,Collection          ,0.22742306)
(MotionPicture       ,Monograph           ,0.22692305)
(MotionPicture       ,Chapter             ,0.22650638)
(MotionPicture       ,Booklet             ,0.22615382)
(MotionPicture       ,Misc                ,0.22192305)
(MotionPicture       ,Conference          ,0.22192305)
(MotionPicture       ,Manual              ,0.22192305)
(MotionPicture       ,Deliverable         ,0.15747252)
(MotionPicture       ,Journal             ,0.15572649)
(MotionPicture       ,Report              ,0.15511538)
(MotionPicture       ,InBook              ,0.15511538)
(MotionPicture       ,TechReport          ,0.15384614)
(MotionPicture       ,Date                ,0.1525101)
(MotionPicture       ,Publisher           ,0.14961538)
(MotionPicture       ,Reference           ,0.14961538)
(MotionPicture       ,Institution         ,0.14961538)
(MotionPicture       ,MastersThesis       ,0.08830769)
(MotionPicture       ,PhdThesis           ,0.08830769)
(MotionPicture       ,School              ,0.08647436)
(MotionPicture       ,PageRange           ,0.08647436)
(MotionPicture       ,InProceedings       ,0.084182695)
(MotionPicture       ,Proceedings         ,0.0834188)
(MotionPicture       ,Unpublished         ,0.08280769)
(MotionPicture       ,LectureNotes        ,0.07730769)
(MotionPicture       ,Address             ,0.005)
(PageRange           ,PageRange           ,1.0)
(PageRange           ,Reference           ,0.42277774)
(PageRange           ,Conference          ,0.38099998)
(PageRange           ,Deliverable         ,0.3536932)
(PageRange           ,Proceedings         ,0.35231817)
(PageRange           ,MastersThesis       ,0.30339742)
(PageRange           ,InProceedings       ,0.30034187)
(PageRange           ,LectureNotes        ,0.24)
(PageRange           ,Article             ,0.21999998)
(PageRange           ,Date                ,0.21967834)
(PageRange           ,Journal             ,0.21938887)
(PageRange           ,Address             ,0.21938887)
(PageRange           ,Manual              ,0.21388887)
(PageRange           ,PersonList          ,0.21133332)
(PageRange           ,Chapter             ,0.118611105)
(PageRange           ,PhdThesis           ,0.118611105)
(PageRange           ,Publisher           ,0.11631944)
(PageRange           ,Report              ,0.11444444)
(PageRange           ,Monograph           ,0.114027776)
(PageRange           ,Collection          ,0.11000002)
(PageRange           ,TechReport          ,0.102928594)
(PageRange           ,InCollection        ,0.097083315)
(PageRange           ,Unpublished         ,0.09545452)
(PageRange           ,MotionPicture       ,0.08647436)
(PageRange           ,InBook              ,0.0325)
(PageRange           ,School              ,0.012857143)
(PageRange           ,Booklet             ,0.008928571)
(PageRange           ,Misc                ,0.005)
(PageRange           ,Institution         ,0.005)
(Part                ,Report              ,0.47866666)
(Part                ,PageRange           ,0.3293333)
(Part                ,PersonList          ,0.298)
(Part                ,TechReport          ,0.2934706)
(Part                ,Chapter             ,0.2892857)
(Part                ,Article             ,0.28273806)
(Part                ,Date                ,0.2475)
(Part                ,MastersThesis       ,0.22742306)
(Part                ,PhdThesis           ,0.21938887)
(Part                ,Manual              ,0.16166668)
(Part                ,LectureNotes        ,0.16166668)
(Part                ,MotionPicture       ,0.15511538)
(Part                ,Address             ,0.14774723)
(Part                ,Booklet             ,0.14575629)
(Part                ,Journal             ,0.14321427)
(Part                ,Publisher           ,0.11944444)
(Part                ,Collection          ,0.11733335)
(Part                ,Monograph           ,0.11677777)
(Part                ,Reference           ,0.10944444)
(Part                ,InCollection        ,0.10533331)
(Part                ,Conference          ,0.09900002)
(Part                ,Deliverable         ,0.095037855)
(Part                ,Proceedings         ,0.09438309)
(Part                ,Unpublished         ,0.09412119)
(Part                ,Institution         ,0.09045452)
(Part                ,InProceedings       ,0.08153846)
(Part                ,InBook              ,0.017692309)
(Part                ,School              ,0.015999999)
(Part                ,Misc                ,0.005)
(PersonList          ,PersonList          ,1.0)
(PersonList          ,MastersThesis       ,0.30339742)
(PersonList          ,MotionPicture       ,0.30339742)
(PersonList          ,PhdThesis           ,0.29616666)
(PersonList          ,Report              ,0.292)
(PersonList          ,Booklet             ,0.29092857)
(PersonList          ,PageRange           ,0.21133332)
(PersonList          ,School              ,0.20085713)
(PersonList          ,Publisher           ,0.19987498)
(PersonList          ,Article             ,0.1991111)
(PersonList          ,TechReport          ,0.19692856)
(PersonList          ,Misc                ,0.19299999)
(PersonList          ,Proceedings         ,0.18140909)
(PersonList          ,Unpublished         ,0.18090908)
(PersonList          ,InCollection        ,0.17541668)
(PersonList          ,LectureNotes        ,0.16166668)
(PersonList          ,InProceedings       ,0.15572649)
(PersonList          ,Collection          ,0.11000002)
(PersonList          ,InBook              ,0.11000002)
(PersonList          ,Journal             ,0.104500026)
(PersonList          ,Address             ,0.104500026)
(PersonList          ,Monograph           ,0.10358336)
(PersonList          ,Manual              ,0.09900002)
(PersonList          ,Reference           ,0.09900002)
(PersonList          ,Deliverable         ,0.09732952)
(PersonList          ,Institution         ,0.09045452)
(PersonList          ,Chapter             ,0.014166667)
(PersonList          ,Date                ,0.010789474)
(PersonList          ,Conference          ,0.005)
(PhdThesis           ,PhdThesis           ,1.0)
(PhdThesis           ,MastersThesis       ,0.4663461)
(PhdThesis           ,Address             ,0.42277774)
(PhdThesis           ,Proceedings         ,0.3529293)
(PhdThesis           ,InProceedings       ,0.30110577)
(PhdThesis           ,PersonList          ,0.29616666)
(PhdThesis           ,LectureNotes        ,0.24)
(PhdThesis           ,Chapter             ,0.2184722)
(PhdThesis           ,Date                ,0.21678361)
(PhdThesis           ,Institution         ,0.17590909)
(PhdThesis           ,InCollection        ,0.16854167)
(PhdThesis           ,School              ,0.118611105)
(PhdThesis           ,PageRange           ,0.118611105)
(PhdThesis           ,Article             ,0.11631944)
(PhdThesis           ,Booklet             ,0.11367521)
(PhdThesis           ,Misc                ,0.10944444)
(PhdThesis           ,Publisher           ,0.10944444)
(PhdThesis           ,Reference           ,0.10944444)
(PhdThesis           ,Collection          ,0.104500026)
(PhdThesis           ,TechReport          ,0.10323079)
(PhdThesis           ,Conference          ,0.09900002)
(PhdThesis           ,Deliverable         ,0.09831166)
(PhdThesis           ,Unpublished         ,0.09595452)
(PhdThesis           ,MotionPicture       ,0.08830769)
(PhdThesis           ,Journal             ,0.01111111)
(PhdThesis           ,Report              ,0.0105)
(PhdThesis           ,InBook              ,0.0105)
(PhdThesis           ,Monograph           ,0.01)
(PhdThesis           ,Manual              ,0.005)
(Proceedings         ,Proceedings         ,0.995)
(Proceedings         ,InProceedings       ,0.81188464)
(Proceedings         ,PhdThesis           ,0.3479293)
(Proceedings         ,PageRange           ,0.34731817)
(Proceedings         ,Conference          ,0.2618636)
(Proceedings         ,Reference           ,0.2563636)
(Proceedings         ,Article             ,0.1809091)
(Proceedings         ,Report              ,0.17937063)
(Proceedings         ,PersonList          ,0.1764091)
(Proceedings         ,Journal             ,0.17513986)
(Proceedings         ,Collection          ,0.17483766)
(Proceedings         ,Booklet             ,0.17414439)
(Proceedings         ,Address             ,0.17090909)
(Proceedings         ,InCollection        ,0.16125001)
(Proceedings         ,LectureNotes        ,0.15666668)
(Proceedings         ,MastersThesis       ,0.1507265)
(Proceedings         ,School              ,0.09095451)
(Proceedings         ,Date                ,0.09045452)
(Proceedings         ,Deliverable         ,0.09045452)
(Proceedings         ,Monograph           ,0.089121185)
(Proceedings         ,Chapter             ,0.08889201)
(Proceedings         ,TechReport          ,0.08868981)
(Proceedings         ,Misc                ,0.085454516)
(Proceedings         ,Publisher           ,0.085454516)
(Proceedings         ,MotionPicture       ,0.0784188)
(Proceedings         ,Unpublished         ,0.008461539)
(Proceedings         ,Institution         ,0.006875)
(Proceedings         ,InBook              ,0.0039285715)
(Proceedings         ,Manual              ,0.0)
(Publisher           ,Publisher           ,0.995)
(Publisher           ,Unpublished         ,0.68363637)
(Publisher           ,Chapter             ,0.21735041)
(Publisher           ,MastersThesis       ,0.21692306)
(Publisher           ,Booklet             ,0.21674602)
(Publisher           ,Article             ,0.21438888)
(Publisher           ,Misc                ,0.20888887)
(Publisher           ,PersonList          ,0.19487499)
(Publisher           ,Deliverable         ,0.17090909)
(Publisher           ,LectureNotes        ,0.15666668)
(Publisher           ,MotionPicture       ,0.14461538)
(Publisher           ,Address             ,0.11544444)
(Publisher           ,PageRange           ,0.11131944)
(Publisher           ,Date                ,0.10994443)
(Publisher           ,InBook              ,0.10902777)
(Publisher           ,PhdThesis           ,0.10444444)
(Publisher           ,Collection          ,0.10400002)
(Publisher           ,TechReport          ,0.09766669)
(Publisher           ,Proceedings         ,0.085454516)
(Publisher           ,Institution         ,0.085454516)
(Publisher           ,InCollection        ,0.08383331)
(Publisher           ,InProceedings       ,0.07230769)
(Publisher           ,School              ,0.006875)
(Publisher           ,Conference          ,0.0)
(Publisher           ,Manual              ,0.0)
(Publisher           ,Journal             ,0.0)
(Publisher           ,Reference           ,0.0)
(Publisher           ,Monograph           ,0.0)
(Publisher           ,Report              ,0.0)
(Reference           ,Reference           ,0.995)
(Reference           ,Conference          ,0.658)
(Reference           ,PageRange           ,0.41777775)
(Reference           ,LectureNotes        ,0.39166668)
(Reference           ,Deliverable         ,0.34181818)
(Reference           ,Report              ,0.3133333)
(Reference           ,TechReport          ,0.282)
(Reference           ,Proceedings         ,0.2563636)
(Reference           ,MastersThesis       ,0.21692306)
(Reference           ,InProceedings       ,0.21692306)
(Reference           ,Article             ,0.20888887)
(Reference           ,Journal             ,0.20888887)
(Reference           ,Address             ,0.20888887)
(Reference           ,MotionPicture       ,0.14461538)
(Reference           ,Misc                ,0.10444444)
(Reference           ,Date                ,0.10444444)
(Reference           ,Booklet             ,0.10444444)
(Reference           ,Chapter             ,0.10444444)
(Reference           ,PhdThesis           ,0.10444444)
(Reference           ,Collection          ,0.09400002)
(Reference           ,PersonList          ,0.09400002)
(Reference           ,Unpublished         ,0.085454516)
(Reference           ,InCollection        ,0.07833331)
(Reference           ,Publisher           ,0.0)
(Reference           ,Manual              ,0.0)
(Reference           ,School              ,0.0)
(Reference           ,Monograph           ,0.0)
(Reference           ,Institution         ,0.0)
(Reference           ,InBook              ,0.0)
(Report              ,Report              ,1.0)
(Report              ,TechReport          ,0.58864284)
(Report              ,Reference           ,0.3183333)
(Report              ,PersonList          ,0.292)
(Report              ,LectureNotes        ,0.24)
(Report              ,Monograph           ,0.21732637)
(Report              ,Deliverable         ,0.18590909)
(Report              ,Proceedings         ,0.18437062)
(Report              ,InBook              ,0.16952382)
(Report              ,School              ,0.16666667)
(Report              ,InCollection        ,0.16589744)
(Report              ,InProceedings       ,0.15878205)
(Report              ,MastersThesis       ,0.15511538)
(Report              ,MotionPicture       ,0.15511538)
(Report              ,Article             ,0.14845237)
(Report              ,Booklet             ,0.14575629)
(Report              ,Chapter             ,0.142521)
(Report              ,PageRange           ,0.11444444)
(Report              ,Institution         ,0.10420452)
(Report              ,Conference          ,0.104000024)
(Report              ,Unpublished         ,0.10314683)
(Report              ,Collection          ,0.10266669)
(Report              ,PhdThesis           ,0.0105)
(Report              ,Journal             ,0.008928571)
(Report              ,Date                ,0.0072916667)
(Report              ,Misc                ,0.005)
(Report              ,Publisher           ,0.005)
(Report              ,Manual              ,0.005)
(Report              ,Address             ,0.005)
(School              ,School              ,1.0)
(School              ,InBook              ,0.3233333)
(School              ,TechReport          ,0.30075)
(School              ,Collection          ,0.204)
(School              ,PersonList          ,0.20085713)
(School              ,Institution         ,0.17590909)
(School              ,InCollection        ,0.16777779)
(School              ,Report              ,0.16666667)
(School              ,Manual              ,0.16166668)
(School              ,LectureNotes        ,0.16166668)
(School              ,MastersThesis       ,0.15878205)
(School              ,Article             ,0.1530357)
(School              ,Chapter             ,0.14845237)
(School              ,Booklet             ,0.14774723)
(School              ,Journal             ,0.1447857)
(School              ,PhdThesis           ,0.118611105)
(School              ,Monograph           ,0.114027776)
(School              ,Deliverable         ,0.09732952)
(School              ,Proceedings         ,0.09595452)
(School              ,Unpublished         ,0.09545452)
(School              ,MotionPicture       ,0.08647436)
(School              ,InProceedings       ,0.0834188)
(School              ,PageRange           ,0.012857143)
(School              ,Publisher           ,0.011875)
(School              ,Date                ,0.010789474)
(School              ,Address             ,0.0105)
(School              ,Misc                ,0.005)
(School              ,Conference          ,0.005)
(School              ,Reference           ,0.005)
(TechReport          ,TechReport          ,1.0)
(TechReport          ,Report              ,0.58864284)
(TechReport          ,LectureNotes        ,0.39666668)
(TechReport          ,School              ,0.30075)
(TechReport          ,Chapter             ,0.29278946)
(TechReport          ,Reference           ,0.287)
(TechReport          ,Booklet             ,0.2016842)
(TechReport          ,PersonList          ,0.19692856)
(TechReport          ,Address             ,0.19623528)
(TechReport          ,Deliverable         ,0.18376623)
(TechReport          ,InCollection        ,0.16510418)
(TechReport          ,MastersThesis       ,0.15384614)
(TechReport          ,MotionPicture       ,0.15384614)
(TechReport          ,Article             ,0.10633335)
(TechReport          ,InBook              ,0.10547061)
(TechReport          ,Date                ,0.10323079)
(TechReport          ,PhdThesis           ,0.10323079)
(TechReport          ,PageRange           ,0.102928594)
(TechReport          ,Publisher           ,0.10266669)
(TechReport          ,Journal             ,0.10223532)
(TechReport          ,Monograph           ,0.10189476)
(TechReport          ,Conference          ,0.09900002)
(TechReport          ,Proceedings         ,0.093689814)
(TechReport          ,InProceedings       ,0.08074519)
(TechReport          ,Collection          ,0.011470588)
(TechReport          ,Unpublished         ,0.011470588)
(TechReport          ,Institution         ,0.0095833335)
(TechReport          ,Misc                ,0.005)
(TechReport          ,Manual              ,0.005)
(Unpublished         ,Unpublished         ,1.0)
(Unpublished         ,Publisher           ,0.68863636)
(Unpublished         ,Article             ,0.18507576)
(Unpublished         ,PersonList          ,0.18090908)
(Unpublished         ,InBook              ,0.17957576)
(Unpublished         ,Booklet             ,0.17896464)
(Unpublished         ,InCollection        ,0.17666668)
(Unpublished         ,Misc                ,0.17590909)
(Unpublished         ,Manual              ,0.17590909)
(Unpublished         ,LectureNotes        ,0.16166668)
(Unpublished         ,InProceedings       ,0.15878205)
(Unpublished         ,MastersThesis       ,0.15511538)
(Unpublished         ,Report              ,0.10314683)
(Unpublished         ,Chapter             ,0.10145452)
(Unpublished         ,Institution         ,0.09656563)
(Unpublished         ,PhdThesis           ,0.09595452)
(Unpublished         ,Conference          ,0.09545452)
(Unpublished         ,School              ,0.09545452)
(Unpublished         ,PageRange           ,0.09545452)
(Unpublished         ,Journal             ,0.09438309)
(Unpublished         ,Monograph           ,0.093892016)
(Unpublished         ,Date                ,0.09274618)
(Unpublished         ,Reference           ,0.09045452)
(Unpublished         ,Address             ,0.09045452)
(Unpublished         ,MotionPicture       ,0.08280769)
(Unpublished         ,Proceedings         ,0.013461539)
(Unpublished         ,TechReport          ,0.011470588)
(Unpublished         ,Deliverable         ,0.0095833335)
(Unpublished         ,Collection          ,0.008666666)
(abstract            ,lastName            ,0.3575)
(address             ,lastName            ,0.1175)
(affiliation         ,lastName            ,0.09045452)
(annote              ,lastName            ,0.3575)
(articles            ,lastName            ,0.24)
(author              ,lastName            ,0.235)
(book                ,lastName            ,0.0)
(chapter             ,lastName            ,0.1225)
(chapters            ,lastName            ,0.1225)
(city                ,lastName            ,0.145)
(collection          ,lastName            ,0.09900002)
(communications      ,lastName            ,0.1392857)
(contents            ,lastName            ,0.1225)
(contract            ,lastName            ,0.24)
(copyright           ,lastName            ,0.005)
(country             ,lastName            ,0.1175)
(date                ,lastName            ,0.3525)
(day                 ,lastName            ,0.15)
(directors           ,lastName            ,0.005)
(edition             ,lastName            ,0.1225)
(editor              ,lastName            ,0.1175)
(endPage             ,lastName            ,0.235)
(event               ,lastName            ,0.1175)
(firstPublished      ,lastName            ,0.20642859)
(howPublished        ,lastName            ,0.08333331)
(humanCreator        ,lastName            ,0.15666668)
(institution         ,lastName            ,0.17590909)
(isPartOf            ,lastName            ,0.0)
(isbn                ,lastName            ,0.24)
(issn                ,lastName            ,0.24)
(issue               ,lastName            ,0.235)
(journal             ,lastName            ,0.235)
(key                 ,lastName            ,0.005)
(keywords            ,lastName            ,0.005)
(language            ,lastName            ,0.475)
(lastName            ,lastName            ,0.9675)
(lccn                ,lastName            ,0.24)
(location            ,lastName            ,0.1175)
(month               ,lastName            ,0.145)
(mrNumber            ,lastName            ,0.1225)
(name                ,lastName            ,0.4975)
(note                ,lastName            ,0.235)
(number              ,lastName            ,0.1225)
(numberOrVolume      ,lastName            ,0.1342857)
(organization        ,lastName            ,0.16166668)
(organizer           ,lastName            ,0.21388887)
(pages               ,lastName            ,0.1175)
(parts               ,lastName            ,0.24)
(periodicity         ,lastName            ,0.005)
(price               ,lastName            ,0.1225)
(proceedings         ,lastName            ,0.0)
(publisher           ,lastName            ,0.10444444)
(reviewed            ,lastName            ,0.005)
(school              ,lastName            ,0.1225)
(series              ,lastName            ,0.1225)
(shortName           ,lastName            ,0.5497222)
(size                ,lastName            ,0.24)
(startPage           ,lastName            ,0.41777775)
(state               ,lastName            ,0.4975)
(title               ,lastName            ,0.235)
(type                ,lastName            ,0.24)
(url                 ,lastName            ,0.0)
(volume              ,lastName            ,0.24)
(year                ,lastName            ,0.145)
