############################################
Teste=233
Precisao=1.0
Recall=1.0
Encontrados=33
Esperados=33
############################################
Alinhamentos esperados:


Funcao1=similarity.structure.ConceptNameSimilarity@4aa78102
Peso1=0.005

Funcao2=similarity.structure.DirectIndividualSimilarity@60c0cfab
Peso2=0.485

Funcao3=similarity.structure.CommentTokenSimilarity@6f81ecc8
Peso3=0.51

Funcao4=class similarity.FunctionContainer@FuncoesHierarquia
Peso4=0.0

Funcao5=similarity.structure.DirectSuperClassSimilarity@53bd48f0
Peso5=0.39

Funcao6=similarity.structure.DirectSubClassSimilarity@25e46c14
Peso6=0.24

Funcao5=class similarity.FunctionContainer@FuncoesPropriedades
Peso5=0.0

Funcao6=similarity.structure.DirectPropertybyRangeDomainSimilarity@433f4294
Peso6=0.37

Funcao7=similarity.structure.DirectPropertybyNameSimilarity@23380197
Peso7=0.22

############################
#Similaridade dos recursos

(Academic            ,Academic            ,1.0)
(Academic            ,MastersThesis       ,0.79215384)
(Academic            ,PhdThesis           ,0.79211116)
(Academic            ,School              ,0.6313393)
(Academic            ,Informal            ,0.613125)
(Academic            ,Collection          ,0.57872725)
(Academic            ,Part                ,0.57835233)
(Academic            ,Book                ,0.57)
(Academic            ,Chapter             ,0.56408656)
(Academic            ,TechReport          ,0.55885714)
(Academic            ,MotionPicture       ,0.5586264)
(Academic            ,Booklet             ,0.55785716)
(Academic            ,PageRange           ,0.54930556)
(Academic            ,PersonList          ,0.54925)
(Academic            ,Deliverable         ,0.54212123)
(Academic            ,InCollection        ,0.53725004)
(Academic            ,Date                ,0.53725004)
(Academic            ,Address             ,0.53261364)
(Academic            ,Unpublished         ,0.5279546)
(Academic            ,Report              ,0.52750003)
(Academic            ,LectureNotes        ,0.48583335)
(Academic            ,Manual              ,0.48562503)
(Academic            ,Reference           ,0.48555556)
(Academic            ,Institution         ,0.48545456)
(Academic            ,Article             ,0.11395833)
(Academic            ,Publisher           ,0.056666665)
(Academic            ,InProceedings       ,0.05176923)
(Academic            ,Proceedings         ,0.047272727)
(Academic            ,Journal             ,0.046363637)
(Academic            ,InBook              ,0.0425)
(Academic            ,Monograph           ,0.03923077)
(Academic            ,Misc                ,0.00125)
(Academic            ,Conference          ,9.999999E-4)
(Address             ,Address             ,1.0)
(Address             ,Part                ,0.56417584)
(Address             ,Collection          ,0.56396157)
(Address             ,Book                ,0.55785716)
(Address             ,Chapter             ,0.55300003)
(Address             ,PageRange           ,0.53711116)
(Address             ,PersonList          ,0.5365)
(Address             ,School              ,0.536)
(Address             ,Date                ,0.5327922)
(Address             ,Academic            ,0.53261364)
(Address             ,Informal            ,0.5319887)
(Address             ,InCollection        ,0.52791667)
(Address             ,TechReport          ,0.516)
(Address             ,Booklet             ,0.515)
(Address             ,PhdThesis           ,0.48722222)
(Address             ,MastersThesis       ,0.4869231)
(Address             ,LectureNotes        ,0.48625)
(Address             ,Reference           ,0.48611113)
(Address             ,Deliverable         ,0.48545456)
(Address             ,Unpublished         ,0.48545456)
(Address             ,Manual              ,0.485)
(Address             ,Report              ,0.485)
(Address             ,MotionPicture       ,0.485)
(Address             ,Institution         ,0.485)
(Address             ,Publisher           ,0.10255555)
(Address             ,Conference          ,0.051999997)
(Address             ,Article             ,0.043214288)
(Address             ,InBook              ,0.03642857)
(Address             ,Journal             ,0.024537116)
(Address             ,InProceedings       ,0.001153846)
(Address             ,Proceedings         ,9.090909E-4)
(Address             ,Misc                ,7.1428565E-4)
(Address             ,Monograph           ,5.555555E-4)
(Article             ,Article             ,1.0)
(Article             ,InProceedings       ,0.17076923)
(Article             ,School              ,0.12821428)
(Article             ,Academic            ,0.11395833)
(Article             ,Informal            ,0.11333333)
(Article             ,Proceedings         ,0.093636364)
(Article             ,Part                ,0.086428575)
(Article             ,Unpublished         ,0.08590909)
(Article             ,Report              ,0.08571429)
(Article             ,Collection          ,0.0855)
(Article             ,Book                ,0.07846154)
(Article             ,Institution         ,0.07376623)
(Article             ,Chapter             ,0.07285714)
(Article             ,Booklet             ,0.06871429)
(Article             ,TechReport          ,0.068500005)
(Article             ,MotionPicture       ,0.06528846)
(Article             ,MastersThesis       ,0.06490385)
(Article             ,PhdThesis           ,0.06430555)
(Article             ,Journal             ,0.064055555)
(Article             ,PageRange           ,0.057777777)
(Article             ,Conference          ,0.057666663)
(Article             ,PersonList          ,0.057666663)
(Article             ,Deliverable         ,0.052363634)
(Article             ,Publisher           ,0.05211111)
(Article             ,Date                ,0.05)
(Article             ,InCollection        ,0.04719697)
(Article             ,Address             ,0.043214288)
(Article             ,InBook              ,0.03923077)
(Article             ,Monograph           ,0.03642857)
(Article             ,Reference           ,0.001111111)
(Article             ,LectureNotes        ,8.333334E-4)
(Article             ,Manual              ,7.1428565E-4)
(Article             ,Misc                ,7.1428565E-4)
(Book                ,Book                ,1.0)
(Book                ,Collection          ,0.76418185)
(Book                ,Part                ,0.64192307)
(Book                ,Chapter             ,0.62100005)
(Book                ,InCollection        ,0.61333334)
(Book                ,School              ,0.579394)
(Book                ,PersonList          ,0.5782273)
(Book                ,PageRange           ,0.5777273)
(Book                ,Date                ,0.5777273)
(Book                ,Informal            ,0.570625)
(Book                ,Academic            ,0.57)
(Book                ,Address             ,0.55785716)
(Book                ,Booklet             ,0.54452384)
(Book                ,TechReport          ,0.54216665)
(Book                ,MotionPicture       ,0.53213286)
(Book                ,MastersThesis       ,0.53136367)
(Book                ,PhdThesis           ,0.53136367)
(Book                ,Deliverable         ,0.5242308)
(Book                ,Report              ,0.51770836)
(Book                ,Unpublished         ,0.5173296)
(Book                ,Institution         ,0.48545456)
(Book                ,LectureNotes        ,0.48541668)
(Book                ,Manual              ,0.485)
(Book                ,Reference           ,0.485)
(Book                ,InBook              ,0.11261904)
(Book                ,Monograph           ,0.10311111)
(Book                ,Publisher           ,0.08555555)
(Book                ,Article             ,0.07846154)
(Book                ,Proceedings         ,0.07331169)
(Book                ,InProceedings       ,0.036813185)
(Book                ,Journal             ,0.03471429)
(Book                ,Conference          ,5.000001E-4)
(Book                ,Misc                ,0.0)
(Booklet             ,Booklet             ,1.0)
(Booklet             ,Collection          ,0.582125)
(Booklet             ,TechReport          ,0.5665263)
(Booklet             ,School              ,0.56417584)
(Booklet             ,Informal            ,0.55848217)
(Booklet             ,Academic            ,0.55785716)
(Booklet             ,Date                ,0.5469143)
(Booklet             ,Part                ,0.54571426)
(Booklet             ,Report              ,0.54571426)
(Booklet             ,Book                ,0.54452384)
(Booklet             ,Chapter             ,0.5393985)
(Booklet             ,Institution         ,0.5279546)
(Booklet             ,MotionPicture       ,0.52538466)
(Booklet             ,PhdThesis           ,0.52478635)
(Booklet             ,MastersThesis       ,0.5246154)
(Booklet             ,PersonList          ,0.5229286)
(Booklet             ,PageRange           ,0.5214286)
(Booklet             ,Deliverable         ,0.51945454)
(Booklet             ,InCollection        ,0.5185417)
(Booklet             ,Address             ,0.515)
(Booklet             ,Unpublished         ,0.5142424)
(Booklet             ,LectureNotes        ,0.48583335)
(Booklet             ,Reference           ,0.48555556)
(Booklet             ,Manual              ,0.485)
(Booklet             ,Publisher           ,0.073968254)
(Booklet             ,Article             ,0.06871429)
(Booklet             ,Monograph           ,0.057777777)
(Booklet             ,Conference          ,0.03742857)
(Booklet             ,InProceedings       ,0.03264423)
(Booklet             ,Proceedings         ,0.03090909)
(Booklet             ,Journal             ,0.030714285)
(Booklet             ,InBook              ,0.029761903)
(Booklet             ,Misc                ,0.0)
(Chapter             ,Chapter             ,1.0)
(Chapter             ,InCollection        ,0.71765155)
(Chapter             ,Part                ,0.6321429)
(Chapter             ,Collection          ,0.6317143)
(Chapter             ,Book                ,0.62100005)
(Chapter             ,Unpublished         ,0.58745456)
(Chapter             ,School              ,0.5707143)
(Chapter             ,PageRange           ,0.57055557)
(Chapter             ,PersonList          ,0.57)
(Chapter             ,Academic            ,0.56408656)
(Chapter             ,Informal            ,0.56346154)
(Chapter             ,Address             ,0.55300003)
(Chapter             ,Date                ,0.55089283)
(Chapter             ,TechReport          ,0.54018426)
(Chapter             ,Booklet             ,0.5393985)
(Chapter             ,MastersThesis       ,0.52865386)
(Chapter             ,MotionPicture       ,0.52865386)
(Chapter             ,PhdThesis           ,0.5286111)
(Chapter             ,Deliverable         ,0.5223377)
(Chapter             ,Report              ,0.5157143)
(Chapter             ,LectureNotes        ,0.48625)
(Chapter             ,Manual              ,0.4857143)
(Chapter             ,Reference           ,0.48555556)
(Chapter             ,Institution         ,0.48545456)
(Chapter             ,InBook              ,0.102)
(Chapter             ,Publisher           ,0.079572655)
(Chapter             ,Article             ,0.07285714)
(Chapter             ,Monograph           ,0.06)
(Chapter             ,InProceedings       ,0.034384616)
(Chapter             ,Proceedings         ,0.032329544)
(Chapter             ,Journal             ,0.031875)
(Chapter             ,Conference          ,9.999999E-4)
(Chapter             ,Misc                ,0.0)
(Collection          ,Collection          ,1.0)
(Collection          ,Book                ,0.76418185)
(Collection          ,Part                ,0.6555)
(Collection          ,Chapter             ,0.6317143)
(Collection          ,InCollection        ,0.6282576)
(Collection          ,School              ,0.588)
(Collection          ,PersonList          ,0.5875)
(Collection          ,PageRange           ,0.5875)
(Collection          ,Date                ,0.58264285)
(Collection          ,Booklet             ,0.582125)
(Collection          ,Academic            ,0.57872725)
(Collection          ,Informal            ,0.5777273)
(Collection          ,Address             ,0.56396157)
(Collection          ,TechReport          ,0.545)
(Collection          ,MotionPicture       ,0.53715384)
(Collection          ,MastersThesis       ,0.5367693)
(Collection          ,PhdThesis           ,0.5365)
(Collection          ,Deliverable         ,0.5284091)
(Collection          ,Report              ,0.5195)
(Collection          ,Unpublished         ,0.519)
(Collection          ,Institution         ,0.4868182)
(Collection          ,LectureNotes        ,0.48583335)
(Collection          ,Reference           ,0.4855)
(Collection          ,Manual              ,0.485)
(Collection          ,Monograph           ,0.15742308)
(Collection          ,InBook              ,0.11819231)
(Collection          ,Publisher           ,0.093227275)
(Collection          ,Article             ,0.0855)
(Collection          ,InProceedings       ,0.040000003)
(Collection          ,Proceedings         ,0.03733766)
(Collection          ,Journal             ,0.03692857)
(Collection          ,Conference          ,0.0015)
(Collection          ,Misc                ,5.000001E-4)
(Conference          ,Conference          ,1.0)
(Conference          ,Institution         ,0.102)
(Conference          ,Journal             ,0.08047798)
(Conference          ,InProceedings       ,0.05782051)
(Conference          ,Article             ,0.057666663)
(Conference          ,Proceedings         ,0.052363634)
(Conference          ,Address             ,0.051999997)
(Conference          ,Report              ,0.046863638)
(Conference          ,Unpublished         ,0.046818182)
(Conference          ,Booklet             ,0.03742857)
(Conference          ,Reference           ,0.0034999999)
(Conference          ,PageRange           ,0.0019999999)
(Conference          ,LectureNotes        ,0.0016666665)
(Conference          ,Informal            ,0.0015)
(Conference          ,Monograph           ,0.0015)
(Conference          ,Collection          ,0.0015)
(Conference          ,Deliverable         ,0.0013636362)
(Conference          ,InCollection        ,0.00125)
(Conference          ,MastersThesis       ,0.001153846)
(Conference          ,MotionPicture       ,0.001153846)
(Conference          ,Chapter             ,9.999999E-4)
(Conference          ,Academic            ,9.999999E-4)
(Conference          ,Part                ,5.000001E-4)
(Conference          ,TechReport          ,5.000001E-4)
(Conference          ,Manual              ,5.000001E-4)
(Conference          ,InBook              ,5.000001E-4)
(Conference          ,PhdThesis           ,5.000001E-4)
(Conference          ,Book                ,5.000001E-4)
(Conference          ,Misc                ,5.000001E-4)
(Conference          ,Date                ,5.000001E-4)
(Conference          ,PersonList          ,0.0)
(Conference          ,School              ,0.0)
(Conference          ,Publisher           ,0.0)
(Date                ,Date                ,1.0)
(Date                ,Collection          ,0.58264285)
(Date                ,Book                ,0.5777273)
(Date                ,Part                ,0.5557955)
(Date                ,Chapter             ,0.55089283)
(Date                ,Booklet             ,0.5469143)
(Date                ,PageRange           ,0.53979534)
(Date                ,PersonList          ,0.53868425)
(Date                ,School              ,0.53868425)
(Date                ,Academic            ,0.53725004)
(Date                ,Informal            ,0.536)
(Date                ,InCollection        ,0.5339881)
(Date                ,Address             ,0.5327922)
(Date                ,TechReport          ,0.5247308)
(Date                ,MastersThesis       ,0.51299596)
(Date                ,PhdThesis           ,0.5129532)
(Date                ,MotionPicture       ,0.5126113)
(Date                ,Deliverable         ,0.5106494)
(Date                ,Unpublished         ,0.50670457)
(Date                ,Report              ,0.50625)
(Date                ,Manual              ,0.48583335)
(Date                ,LectureNotes        ,0.48583335)
(Date                ,Reference           ,0.48555556)
(Date                ,Institution         ,0.48545456)
(Date                ,Publisher           ,0.051555555)
(Date                ,Article             ,0.05)
(Date                ,Proceedings         ,0.046818182)
(Date                ,InBook              ,0.044347826)
(Date                ,Monograph           ,0.043055557)
(Date                ,InProceedings       ,0.023566434)
(Date                ,Journal             ,0.022173913)
(Date                ,Conference          ,5.000001E-4)
(Date                ,Misc                ,0.0)
(Deliverable         ,Deliverable         ,1.0)
(Deliverable         ,Report              ,0.5786364)
(Deliverable         ,TechReport          ,0.55876625)
(Deliverable         ,MastersThesis       ,0.5586264)
(Deliverable         ,MotionPicture       ,0.5586264)
(Deliverable         ,PhdThesis           ,0.5583117)
(Deliverable         ,PageRange           ,0.5505682)
(Deliverable         ,PersonList          ,0.5492046)
(Deliverable         ,School              ,0.5492046)
(Deliverable         ,Informal            ,0.5425758)
(Deliverable         ,Academic            ,0.54212123)
(Deliverable         ,InCollection        ,0.53641665)
(Deliverable         ,Collection          ,0.5284091)
(Deliverable         ,Part                ,0.5279546)
(Deliverable         ,Unpublished         ,0.52750003)
(Deliverable         ,Book                ,0.5242308)
(Deliverable         ,Chapter             ,0.5223377)
(Deliverable         ,Booklet             ,0.51945454)
(Deliverable         ,Date                ,0.5106494)
(Deliverable         ,Reference           ,0.4868182)
(Deliverable         ,Manual              ,0.4859091)
(Deliverable         ,LectureNotes        ,0.48583335)
(Deliverable         ,Address             ,0.48545456)
(Deliverable         ,Institution         ,0.485)
(Deliverable         ,Article             ,0.052363634)
(Deliverable         ,InProceedings       ,0.051384613)
(Deliverable         ,Journal             ,0.047272727)
(Deliverable         ,Proceedings         ,0.046818182)
(Deliverable         ,InBook              ,0.042954545)
(Deliverable         ,Monograph           ,0.04013986)
(Deliverable         ,Conference          ,0.0013636362)
(Deliverable         ,Publisher           ,9.090909E-4)
(Deliverable         ,Misc                ,4.545453E-4)
(InBook              ,InBook              ,1.0)
(InBook              ,PageRange           ,0.255)
(InBook              ,InCollection        ,0.14075758)
(InBook              ,Collection          ,0.11819231)
(InBook              ,Part                ,0.11769231)
(InBook              ,Book                ,0.11261904)
(InBook              ,PersonList          ,0.1025)
(InBook              ,Chapter             ,0.102)
(InBook              ,Journal             ,0.07812831)
(InBook              ,Report              ,0.073690474)
(InBook              ,Monograph           ,0.068555556)
(InBook              ,TechReport          ,0.0605)
(InBook              ,MotionPicture       ,0.05176923)
(InBook              ,MastersThesis       ,0.051)
(InBook              ,PhdThesis           ,0.051)
(InBook              ,School              ,0.048030302)
(InBook              ,Informal            ,0.044375)
(InBook              ,Date                ,0.044347826)
(InBook              ,Publisher           ,0.043055557)
(InBook              ,Deliverable         ,0.042954545)
(InBook              ,Academic            ,0.0425)
(InBook              ,InProceedings       ,0.040384617)
(InBook              ,Article             ,0.03923077)
(InBook              ,Proceedings         ,0.03642857)
(InBook              ,Address             ,0.03642857)
(InBook              ,Unpublished         ,0.034909092)
(InBook              ,Booklet             ,0.029761903)
(InBook              ,Institution         ,0.0013636362)
(InBook              ,Conference          ,5.000001E-4)
(InBook              ,LectureNotes        ,4.1666656E-4)
(InBook              ,Manual              ,0.0)
(InBook              ,Reference           ,0.0)
(InBook              ,Misc                ,0.0)
(InCollection        ,InCollection        ,1.0)
(InCollection        ,Chapter             ,0.71765155)
(InCollection        ,Part                ,0.68941665)
(InCollection        ,Collection          ,0.6282576)
(InCollection        ,Unpublished         ,0.62492424)
(InCollection        ,PersonList          ,0.61333334)
(InCollection        ,Book                ,0.61333334)
(InCollection        ,PageRange           ,0.6129167)
(InCollection        ,MotionPicture       ,0.54990387)
(InCollection        ,PhdThesis           ,0.5495833)
(InCollection        ,MastersThesis       ,0.54875004)
(InCollection        ,School              ,0.5425)
(InCollection        ,Informal            ,0.53725004)
(InCollection        ,Academic            ,0.53725004)
(InCollection        ,Deliverable         ,0.53641665)
(InCollection        ,Date                ,0.5339881)
(InCollection        ,Address             ,0.52791667)
(InCollection        ,Report              ,0.5250641)
(InCollection        ,Booklet             ,0.5185417)
(InCollection        ,TechReport          ,0.51770836)
(InCollection        ,Institution         ,0.4875)
(InCollection        ,LectureNotes        ,0.48583335)
(InCollection        ,Manual              ,0.48541668)
(InCollection        ,Reference           ,0.48541668)
(InCollection        ,InBook              ,0.14075758)
(InCollection        ,Monograph           ,0.07887821)
(InCollection        ,Publisher           ,0.051416665)
(InCollection        ,InProceedings       ,0.0479021)
(InCollection        ,Article             ,0.04719697)
(InCollection        ,Proceedings         ,0.043333333)
(InCollection        ,Journal             ,0.042916667)
(InCollection        ,Conference          ,0.00125)
(InCollection        ,Misc                ,4.1666656E-4)
(InProceedings       ,InProceedings       ,1.0)
(InProceedings       ,Article             ,0.17076923)
(InProceedings       ,Proceedings         ,0.15723076)
(InProceedings       ,Report              ,0.08576923)
(InProceedings       ,Unpublished         ,0.08576923)
(InProceedings       ,Institution         ,0.07401099)
(InProceedings       ,Journal             ,0.06936241)
(InProceedings       ,PhdThesis           ,0.06528846)
(InProceedings       ,MastersThesis       ,0.06451923)
(InProceedings       ,MotionPicture       ,0.06413461)
(InProceedings       ,PageRange           ,0.058205128)
(InProceedings       ,Conference          ,0.05782051)
(InProceedings       ,PersonList          ,0.057435896)
(InProceedings       ,School              ,0.05705128)
(InProceedings       ,Informal            ,0.052153844)
(InProceedings       ,Academic            ,0.05176923)
(InProceedings       ,Deliverable         ,0.051384613)
(InProceedings       ,InCollection        ,0.0479021)
(InProceedings       ,InBook              ,0.040384617)
(InProceedings       ,Collection          ,0.040000003)
(InProceedings       ,Part                ,0.039615385)
(InProceedings       ,Monograph           ,0.036813185)
(InProceedings       ,Book                ,0.036813185)
(InProceedings       ,Chapter             ,0.034384616)
(InProceedings       ,Booklet             ,0.03264423)
(InProceedings       ,TechReport          ,0.032259613)
(InProceedings       ,Date                ,0.023566434)
(InProceedings       ,Reference           ,0.001153846)
(InProceedings       ,Address             ,0.001153846)
(InProceedings       ,LectureNotes        ,7.692307E-4)
(InProceedings       ,Misc                ,3.8461536E-4)
(InProceedings       ,Publisher           ,3.8461536E-4)
(InProceedings       ,Manual              ,0.0)
(Informal            ,Informal            ,1.0)
(Informal            ,Unpublished         ,0.63845456)
(Informal            ,School              ,0.6319643)
(Informal            ,Academic            ,0.613125)
(Informal            ,TechReport          ,0.6031923)
(Informal            ,Report              ,0.5789773)
(Informal            ,Part                ,0.57835233)
(Informal            ,Collection          ,0.5777273)
(Informal            ,Book                ,0.570625)
(Informal            ,Chapter             ,0.56346154)
(Informal            ,MotionPicture       ,0.5586264)
(Informal            ,Booklet             ,0.55848217)
(Informal            ,MastersThesis       ,0.5582418)
(Informal            ,PhdThesis           ,0.55785716)
(Informal            ,PageRange           ,0.54930556)
(Informal            ,PersonList          ,0.54925)
(Informal            ,Deliverable         ,0.5425758)
(Informal            ,InCollection        ,0.53725004)
(Informal            ,Date                ,0.536)
(Informal            ,Address             ,0.5319887)
(Informal            ,Manual              ,0.48625)
(Informal            ,Reference           ,0.48611113)
(Informal            ,Institution         ,0.4859091)
(Informal            ,LectureNotes        ,0.48541668)
(Informal            ,Article             ,0.11333333)
(Informal            ,Publisher           ,0.056666665)
(Informal            ,InProceedings       ,0.052153844)
(Informal            ,Journal             ,0.048238635)
(Informal            ,Proceedings         ,0.046363637)
(Informal            ,InBook              ,0.044375)
(Informal            ,Monograph           ,0.040341884)
(Informal            ,Conference          ,0.0015)
(Informal            ,Misc                ,0.0)
(Institution         ,Institution         ,1.0)
(Institution         ,Report              ,0.61295456)
(Institution         ,Unpublished         ,0.54212123)
(Institution         ,Booklet             ,0.5279546)
(Institution         ,TechReport          ,0.52750003)
(Institution         ,InCollection        ,0.4875)
(Institution         ,Collection          ,0.4868182)
(Institution         ,MastersThesis       ,0.48615387)
(Institution         ,Informal            ,0.4859091)
(Institution         ,PhdThesis           ,0.4859091)
(Institution         ,School              ,0.4859091)
(Institution         ,MotionPicture       ,0.48576924)
(Institution         ,Part                ,0.48545456)
(Institution         ,Manual              ,0.48545456)
(Institution         ,PersonList          ,0.48545456)
(Institution         ,Book                ,0.48545456)
(Institution         ,Chapter             ,0.48545456)
(Institution         ,Date                ,0.48545456)
(Institution         ,Academic            ,0.48545456)
(Institution         ,LectureNotes        ,0.48541668)
(Institution         ,Deliverable         ,0.485)
(Institution         ,Reference           ,0.485)
(Institution         ,Address             ,0.485)
(Institution         ,PageRange           ,0.485)
(Institution         ,Conference          ,0.102)
(Institution         ,InProceedings       ,0.07401099)
(Institution         ,Article             ,0.07376623)
(Institution         ,Proceedings         ,0.06375)
(Institution         ,InBook              ,0.0013636362)
(Institution         ,Journal             ,4.545453E-4)
(Institution         ,Misc                ,4.545453E-4)
(Institution         ,Publisher           ,4.545453E-4)
(Institution         ,Monograph           ,0.0)
(Journal             ,Journal             ,1.0)
(Journal             ,MotionPicture       ,0.057435896)
(Journal             ,MastersThesis       ,0.05705128)
(Journal             ,PhdThesis           ,0.056666665)
(Journal             ,PageRange           ,0.05211111)
(Journal             ,School              ,0.051714286)
(Journal             ,PersonList          ,0.0515)
(Journal             ,Informal            ,0.048238635)
(Journal             ,Deliverable         ,0.047272727)
(Journal             ,Academic            ,0.046363637)
(Journal             ,InProceedings       ,0.043269232)
(Journal             ,InCollection        ,0.042916667)
(Journal             ,Article             ,0.0425)
(Journal             ,Proceedings         ,0.04013986)
(Journal             ,Part                ,0.037142858)
(Journal             ,Collection          ,0.03692857)
(Journal             ,Unpublished         ,0.036883116)
(Journal             ,Report              ,0.03642857)
(Journal             ,InBook              ,0.03642857)
(Journal             ,Monograph           ,0.035111114)
(Journal             ,Book                ,0.03471429)
(Journal             ,Chapter             ,0.031875)
(Journal             ,Booklet             ,0.030714285)
(Journal             ,TechReport          ,0.030499998)
(Journal             ,Date                ,0.022173913)
(Journal             ,Conference          ,0.0015)
(Journal             ,Manual              ,0.0014285713)
(Journal             ,LectureNotes        ,0.00125)
(Journal             ,Reference           ,0.001111111)
(Journal             ,Address             ,7.1428565E-4)
(Journal             ,Institution         ,4.545453E-4)
(Journal             ,Misc                ,0.0)
(Journal             ,Publisher           ,0.0)
(LectureNotes        ,LectureNotes        ,1.0)
(LectureNotes        ,TechReport          ,0.48708335)
(LectureNotes        ,Reference           ,0.48708335)
(LectureNotes        ,Report              ,0.48625)
(LectureNotes        ,PhdThesis           ,0.48625)
(LectureNotes        ,Chapter             ,0.48625)
(LectureNotes        ,Address             ,0.48625)
(LectureNotes        ,PageRange           ,0.48625)
(LectureNotes        ,MastersThesis       ,0.48615387)
(LectureNotes        ,Part                ,0.48583335)
(LectureNotes        ,PersonList          ,0.48583335)
(LectureNotes        ,Deliverable         ,0.48583335)
(LectureNotes        ,Collection          ,0.48583335)
(LectureNotes        ,Booklet             ,0.48583335)
(LectureNotes        ,InCollection        ,0.48583335)
(LectureNotes        ,School              ,0.48583335)
(LectureNotes        ,Date                ,0.48583335)
(LectureNotes        ,Unpublished         ,0.48583335)
(LectureNotes        ,Academic            ,0.48583335)
(LectureNotes        ,Informal            ,0.48541668)
(LectureNotes        ,Manual              ,0.48541668)
(LectureNotes        ,Book                ,0.48541668)
(LectureNotes        ,Institution         ,0.48541668)
(LectureNotes        ,MotionPicture       ,0.48538464)
(LectureNotes        ,Conference          ,0.0016666665)
(LectureNotes        ,Journal             ,0.00125)
(LectureNotes        ,Proceedings         ,8.333334E-4)
(LectureNotes        ,Publisher           ,8.333334E-4)
(LectureNotes        ,Article             ,8.333334E-4)
(LectureNotes        ,InProceedings       ,7.692307E-4)
(LectureNotes        ,InBook              ,4.1666656E-4)
(LectureNotes        ,Monograph           ,4.1666656E-4)
(LectureNotes        ,Misc                ,0.0)
(Manual              ,Manual              ,1.0)
(Manual              ,Informal            ,0.48625)
(Manual              ,MotionPicture       ,0.48615387)
(Manual              ,PageRange           ,0.48611113)
(Manual              ,Deliverable         ,0.4859091)
(Manual              ,Unpublished         ,0.4859091)
(Manual              ,Part                ,0.48583335)
(Manual              ,School              ,0.48583335)
(Manual              ,Date                ,0.48583335)
(Manual              ,MastersThesis       ,0.48576924)
(Manual              ,Chapter             ,0.4857143)
(Manual              ,Academic            ,0.48562503)
(Manual              ,PersonList          ,0.4855)
(Manual              ,Institution         ,0.48545456)
(Manual              ,LectureNotes        ,0.48541668)
(Manual              ,InCollection        ,0.48541668)
(Manual              ,TechReport          ,0.485)
(Manual              ,Report              ,0.485)
(Manual              ,Reference           ,0.485)
(Manual              ,Collection          ,0.485)
(Manual              ,PhdThesis           ,0.485)
(Manual              ,Booklet             ,0.485)
(Manual              ,Book                ,0.485)
(Manual              ,Address             ,0.485)
(Manual              ,Monograph           ,0.0016666665)
(Manual              ,Journal             ,0.0014285713)
(Manual              ,Misc                ,8.333334E-4)
(Manual              ,Article             ,7.1428565E-4)
(Manual              ,Conference          ,5.000001E-4)
(Manual              ,Proceedings         ,0.0)
(Manual              ,InBook              ,0.0)
(Manual              ,InProceedings       ,0.0)
(Manual              ,Publisher           ,0.0)
(MastersThesis       ,MastersThesis       ,1.0)
(MastersThesis       ,Academic            ,0.79215384)
(MastersThesis       ,PhdThesis           ,0.74230766)
(MastersThesis       ,MotionPicture       ,0.58738464)
(MastersThesis       ,PersonList          ,0.57153845)
(MastersThesis       ,PageRange           ,0.57153845)
(MastersThesis       ,School              ,0.57076925)
(MastersThesis       ,Deliverable         ,0.5586264)
(MastersThesis       ,Informal            ,0.5582418)
(MastersThesis       ,InCollection        ,0.54875004)
(MastersThesis       ,Part                ,0.53715384)
(MastersThesis       ,Report              ,0.5367693)
(MastersThesis       ,Collection          ,0.5367693)
(MastersThesis       ,Unpublished         ,0.5367693)
(MastersThesis       ,Book                ,0.53136367)
(MastersThesis       ,Chapter             ,0.52865386)
(MastersThesis       ,TechReport          ,0.52500004)
(MastersThesis       ,Booklet             ,0.5246154)
(MastersThesis       ,Date                ,0.51299596)
(MastersThesis       ,Address             ,0.4869231)
(MastersThesis       ,LectureNotes        ,0.48615387)
(MastersThesis       ,Reference           ,0.48615387)
(MastersThesis       ,Institution         ,0.48615387)
(MastersThesis       ,Manual              ,0.48576924)
(MastersThesis       ,Article             ,0.06490385)
(MastersThesis       ,InProceedings       ,0.06451923)
(MastersThesis       ,Proceedings         ,0.057435896)
(MastersThesis       ,Journal             ,0.05705128)
(MastersThesis       ,InBook              ,0.051)
(MastersThesis       ,Monograph           ,0.047517482)
(MastersThesis       ,Conference          ,0.001153846)
(MastersThesis       ,Publisher           ,0.001153846)
(MastersThesis       ,Misc                ,7.692307E-4)
(Misc                ,Misc                ,1.0)
(Misc                ,Journal             ,0.082483)
(Misc                ,Academic            ,0.00125)
(Misc                ,MotionPicture       ,0.001153846)
(Misc                ,Publisher           ,0.001111111)
(Misc                ,PersonList          ,9.999999E-4)
(Misc                ,Unpublished         ,9.090909E-4)
(Misc                ,Manual              ,8.333334E-4)
(Misc                ,MastersThesis       ,7.692307E-4)
(Misc                ,Address             ,7.1428565E-4)
(Misc                ,Article             ,7.1428565E-4)
(Misc                ,Monograph           ,5.555555E-4)
(Misc                ,Reference           ,5.555555E-4)
(Misc                ,PhdThesis           ,5.555555E-4)
(Misc                ,Conference          ,5.000001E-4)
(Misc                ,Collection          ,5.000001E-4)
(Misc                ,Proceedings         ,4.545453E-4)
(Misc                ,Deliverable         ,4.545453E-4)
(Misc                ,Institution         ,4.545453E-4)
(Misc                ,InCollection        ,4.1666656E-4)
(Misc                ,InProceedings       ,3.8461536E-4)
(Misc                ,Informal            ,0.0)
(Misc                ,Part                ,0.0)
(Misc                ,TechReport          ,0.0)
(Misc                ,Report              ,0.0)
(Misc                ,InBook              ,0.0)
(Misc                ,LectureNotes        ,0.0)
(Misc                ,Booklet             ,0.0)
(Misc                ,Book                ,0.0)
(Misc                ,Chapter             ,0.0)
(Misc                ,School              ,0.0)
(Misc                ,PageRange           ,0.0)
(Misc                ,Date                ,0.0)
(Monograph           ,Monograph           ,1.0)
(Monograph           ,Collection          ,0.15742308)
(Monograph           ,Journal             ,0.13134128)
(Monograph           ,Book                ,0.10311111)
(Monograph           ,InCollection        ,0.07887821)
(Monograph           ,Part                ,0.068555556)
(Monograph           ,InBook              ,0.068555556)
(Monograph           ,Chapter             ,0.06)
(Monograph           ,Booklet             ,0.057777777)
(Monograph           ,MastersThesis       ,0.047517482)
(Monograph           ,MotionPicture       ,0.047517482)
(Monograph           ,PhdThesis           ,0.046363637)
(Monograph           ,School              ,0.043055557)
(Monograph           ,PageRange           ,0.043055557)
(Monograph           ,Date                ,0.043055557)
(Monograph           ,PersonList          ,0.043)
(Monograph           ,Informal            ,0.040341884)
(Monograph           ,Deliverable         ,0.04013986)
(Monograph           ,Academic            ,0.03923077)
(Monograph           ,InProceedings       ,0.036813185)
(Monograph           ,Article             ,0.03642857)
(Monograph           ,Proceedings         ,0.034454547)
(Monograph           ,Report              ,0.032986112)
(Monograph           ,Unpublished         ,0.032329544)
(Monograph           ,TechReport          ,0.027342103)
(Monograph           ,Manual              ,0.0016666665)
(Monograph           ,Conference          ,0.0015)
(Monograph           ,Misc                ,5.555555E-4)
(Monograph           ,Address             ,5.555555E-4)
(Monograph           ,LectureNotes        ,4.1666656E-4)
(Monograph           ,Reference           ,0.0)
(Monograph           ,Institution         ,0.0)
(Monograph           ,Publisher           ,0.0)
(MotionPicture       ,MotionPicture       ,1.0)
(MotionPicture       ,MastersThesis       ,0.58738464)
(MotionPicture       ,PhdThesis           ,0.58738464)
(MotionPicture       ,PersonList          ,0.57153845)
(MotionPicture       ,School              ,0.5703846)
(MotionPicture       ,PageRange           ,0.5703846)
(MotionPicture       ,Informal            ,0.5586264)
(MotionPicture       ,Deliverable         ,0.5586264)
(MotionPicture       ,Academic            ,0.5586264)
(MotionPicture       ,InCollection        ,0.54990387)
(MotionPicture       ,Collection          ,0.53715384)
(MotionPicture       ,Part                ,0.5367693)
(MotionPicture       ,Report              ,0.5367693)
(MotionPicture       ,Unpublished         ,0.53638464)
(MotionPicture       ,Book                ,0.53213286)
(MotionPicture       ,Chapter             ,0.52865386)
(MotionPicture       ,Booklet             ,0.52538466)
(MotionPicture       ,TechReport          ,0.52500004)
(MotionPicture       ,Date                ,0.5126113)
(MotionPicture       ,Manual              ,0.48615387)
(MotionPicture       ,Reference           ,0.48576924)
(MotionPicture       ,Institution         ,0.48576924)
(MotionPicture       ,LectureNotes        ,0.48538464)
(MotionPicture       ,Address             ,0.485)
(MotionPicture       ,Article             ,0.06528846)
(MotionPicture       ,InProceedings       ,0.06413461)
(MotionPicture       ,Journal             ,0.057435896)
(MotionPicture       ,Proceedings         ,0.05705128)
(MotionPicture       ,InBook              ,0.05176923)
(MotionPicture       ,Monograph           ,0.047517482)
(MotionPicture       ,Conference          ,0.001153846)
(MotionPicture       ,Misc                ,0.001153846)
(MotionPicture       ,Publisher           ,7.692307E-4)
(PageRange           ,PageRange           ,1.0)
(PageRange           ,PersonList          ,0.656)
(PageRange           ,InCollection        ,0.6129167)
(PageRange           ,Part                ,0.5886667)
(PageRange           ,Collection          ,0.5875)
(PageRange           ,Book                ,0.5777273)
(PageRange           ,MastersThesis       ,0.57153845)
(PageRange           ,PhdThesis           ,0.57055557)
(PageRange           ,Chapter             ,0.57055557)
(PageRange           ,MotionPicture       ,0.5703846)
(PageRange           ,School              ,0.55785716)
(PageRange           ,Deliverable         ,0.5505682)
(PageRange           ,Informal            ,0.54930556)
(PageRange           ,Academic            ,0.54930556)
(PageRange           ,Date                ,0.53979534)
(PageRange           ,Address             ,0.53711116)
(PageRange           ,Report              ,0.5319192)
(PageRange           ,Unpublished         ,0.5318182)
(PageRange           ,TechReport          ,0.52192855)
(PageRange           ,Booklet             ,0.5214286)
(PageRange           ,Reference           ,0.48722222)
(PageRange           ,LectureNotes        ,0.48625)
(PageRange           ,Manual              ,0.48611113)
(PageRange           ,Institution         ,0.485)
(PageRange           ,InBook              ,0.255)
(PageRange           ,Journal             ,0.11959719)
(PageRange           ,Publisher           ,0.06430555)
(PageRange           ,InProceedings       ,0.058205128)
(PageRange           ,Article             ,0.057777777)
(PageRange           ,Proceedings         ,0.05281818)
(PageRange           ,Monograph           ,0.043055557)
(PageRange           ,Conference          ,0.0019999999)
(PageRange           ,Misc                ,0.0)
(Part                ,Part                ,1.0)
(Part                ,InCollection        ,0.68941665)
(Part                ,Collection          ,0.6555)
(Part                ,Book                ,0.64192307)
(Part                ,Chapter             ,0.6321429)
(Part                ,PageRange           ,0.5886667)
(Part                ,PersonList          ,0.5885)
(Part                ,School              ,0.587)
(Part                ,Informal            ,0.57835233)
(Part                ,Academic            ,0.57835233)
(Part                ,Address             ,0.56417584)
(Part                ,Date                ,0.5557955)
(Part                ,TechReport          ,0.5465)
(Part                ,Booklet             ,0.54571426)
(Part                ,MastersThesis       ,0.53715384)
(Part                ,PhdThesis           ,0.53711116)
(Part                ,MotionPicture       ,0.5367693)
(Part                ,Deliverable         ,0.5279546)
(Part                ,Report              ,0.5215)
(Part                ,Unpublished         ,0.51945454)
(Part                ,Manual              ,0.48583335)
(Part                ,LectureNotes        ,0.48583335)
(Part                ,Reference           ,0.48555556)
(Part                ,Institution         ,0.48545456)
(Part                ,InBook              ,0.11769231)
(Part                ,Publisher           ,0.093282826)
(Part                ,Article             ,0.086428575)
(Part                ,Monograph           ,0.068555556)
(Part                ,InProceedings       ,0.039615385)
(Part                ,Journal             ,0.037142858)
(Part                ,Proceedings         ,0.036883116)
(Part                ,Conference          ,5.000001E-4)
(Part                ,Misc                ,0.0)
(PersonList          ,PersonList          ,1.0)
(PersonList          ,PageRange           ,0.656)
(PersonList          ,InCollection        ,0.61333334)
(PersonList          ,Part                ,0.5885)
(PersonList          ,Collection          ,0.5875)
(PersonList          ,Book                ,0.5782273)
(PersonList          ,MastersThesis       ,0.57153845)
(PersonList          ,MotionPicture       ,0.57153845)
(PersonList          ,PhdThesis           ,0.5715)
(PersonList          ,Chapter             ,0.57)
(PersonList          ,School              ,0.55885714)
(PersonList          ,Informal            ,0.54925)
(PersonList          ,Academic            ,0.54925)
(PersonList          ,Deliverable         ,0.5492046)
(PersonList          ,Date                ,0.53868425)
(PersonList          ,Address             ,0.5365)
(PersonList          ,Report              ,0.5328637)
(PersonList          ,Unpublished         ,0.53227276)
(PersonList          ,Booklet             ,0.5229286)
(PersonList          ,TechReport          ,0.5224286)
(PersonList          ,LectureNotes        ,0.48583335)
(PersonList          ,Manual              ,0.4855)
(PersonList          ,Reference           ,0.4855)
(PersonList          ,Institution         ,0.48545456)
(PersonList          ,Article             ,0.34983534)
(PersonList          ,Journal             ,0.28523493)
(PersonList          ,InProceedings       ,0.28128207)
(PersonList          ,Proceedings         ,0.27575526)
(PersonList          ,Publisher           ,0.23796429)
(PersonList          ,Conference          ,0.22384617)
(PersonList          ,InBook              ,0.20569149)
(PersonList          ,Monograph           ,0.1461915)
(PersonList          ,Misc                ,0.1041915)
(PhdThesis           ,PhdThesis           ,1.0)
(PhdThesis           ,Academic            ,0.79211116)
(PhdThesis           ,MastersThesis       ,0.74230766)
(PhdThesis           ,MotionPicture       ,0.58738464)
(PhdThesis           ,PersonList          ,0.5715)
(PhdThesis           ,School              ,0.57055557)
(PhdThesis           ,PageRange           ,0.57055557)
(PhdThesis           ,Deliverable         ,0.5583117)
(PhdThesis           ,Informal            ,0.55785716)
(PhdThesis           ,InCollection        ,0.5495833)
(PhdThesis           ,Part                ,0.53711116)
(PhdThesis           ,Collection          ,0.5365)
(PhdThesis           ,Unpublished         ,0.53645456)
(PhdThesis           ,Report              ,0.536)
(PhdThesis           ,Book                ,0.53136367)
(PhdThesis           ,Chapter             ,0.5286111)
(PhdThesis           ,Booklet             ,0.52478635)
(PhdThesis           ,TechReport          ,0.5247308)
(PhdThesis           ,Date                ,0.5129532)
(PhdThesis           ,Address             ,0.48722222)
(PhdThesis           ,LectureNotes        ,0.48625)
(PhdThesis           ,Institution         ,0.4859091)
(PhdThesis           ,Reference           ,0.48555556)
(PhdThesis           ,Manual              ,0.485)
(PhdThesis           ,InProceedings       ,0.06528846)
(PhdThesis           ,Article             ,0.06430555)
(PhdThesis           ,Proceedings         ,0.058484845)
(PhdThesis           ,Journal             ,0.056666665)
(PhdThesis           ,InBook              ,0.051)
(PhdThesis           ,Monograph           ,0.046363637)
(PhdThesis           ,Misc                ,5.555555E-4)
(PhdThesis           ,Publisher           ,5.555555E-4)
(PhdThesis           ,Conference          ,5.000001E-4)
(Proceedings         ,Proceedings         ,1.0)
(Proceedings         ,InProceedings       ,0.15723076)
(Proceedings         ,Article             ,0.093636364)
(Proceedings         ,Journal             ,0.08224055)
(Proceedings         ,Report              ,0.07937063)
(Proceedings         ,Unpublished         ,0.07846154)
(Proceedings         ,Book                ,0.07331169)
(Proceedings         ,Institution         ,0.06375)
(Proceedings         ,PhdThesis           ,0.058484845)
(Proceedings         ,MastersThesis       ,0.057435896)
(Proceedings         ,MotionPicture       ,0.05705128)
(Proceedings         ,PageRange           ,0.05281818)
(Proceedings         ,Conference          ,0.052363634)
(Proceedings         ,PersonList          ,0.05190909)
(Proceedings         ,School              ,0.051454544)
(Proceedings         ,Academic            ,0.047272727)
(Proceedings         ,Deliverable         ,0.046818182)
(Proceedings         ,Date                ,0.046818182)
(Proceedings         ,Informal            ,0.046363637)
(Proceedings         ,InCollection        ,0.043333333)
(Proceedings         ,Collection          ,0.03733766)
(Proceedings         ,Part                ,0.036883116)
(Proceedings         ,InBook              ,0.03642857)
(Proceedings         ,Monograph           ,0.034454547)
(Proceedings         ,Chapter             ,0.032329544)
(Proceedings         ,Booklet             ,0.03090909)
(Proceedings         ,TechReport          ,0.030454544)
(Proceedings         ,Reference           ,0.0013636362)
(Proceedings         ,Address             ,9.090909E-4)
(Proceedings         ,LectureNotes        ,8.333334E-4)
(Proceedings         ,Misc                ,4.545453E-4)
(Proceedings         ,Publisher           ,4.545453E-4)
(Proceedings         ,Manual              ,0.0)
(Publisher           ,Publisher           ,1.0)
(Publisher           ,Journal             ,0.11182478)
(Publisher           ,Address             ,0.10255555)
(Publisher           ,Part                ,0.093282826)
(Publisher           ,Collection          ,0.093227275)
(Publisher           ,Book                ,0.08555555)
(Publisher           ,Chapter             ,0.079572655)
(Publisher           ,Booklet             ,0.073968254)
(Publisher           ,PersonList          ,0.06475)
(Publisher           ,PageRange           ,0.06430555)
(Publisher           ,School              ,0.06375)
(Publisher           ,Informal            ,0.056666665)
(Publisher           ,Academic            ,0.056666665)
(Publisher           ,Article             ,0.05211111)
(Publisher           ,Date                ,0.051555555)
(Publisher           ,InCollection        ,0.051416665)
(Publisher           ,InBook              ,0.043055557)
(Publisher           ,TechReport          ,0.034500003)
(Publisher           ,Unpublished         ,0.0036363637)
(Publisher           ,MastersThesis       ,0.001153846)
(Publisher           ,Misc                ,0.001111111)
(Publisher           ,Deliverable         ,9.090909E-4)
(Publisher           ,LectureNotes        ,8.333334E-4)
(Publisher           ,MotionPicture       ,7.692307E-4)
(Publisher           ,PhdThesis           ,5.555555E-4)
(Publisher           ,Proceedings         ,4.545453E-4)
(Publisher           ,Institution         ,4.545453E-4)
(Publisher           ,InProceedings       ,3.8461536E-4)
(Publisher           ,Manual              ,0.0)
(Publisher           ,Report              ,0.0)
(Publisher           ,Conference          ,0.0)
(Publisher           ,Monograph           ,0.0)
(Publisher           ,Reference           ,0.0)
(Reference           ,Reference           ,0.515)
(Reference           ,Conference          ,0.4654048)
(Reference           ,Journal             ,0.09634254)
(Reference           ,PageRange           ,0.002222222)
(Reference           ,LectureNotes        ,0.0020833334)
(Reference           ,Deliverable         ,0.0018181818)
(Reference           ,Report              ,0.0016666665)
(Reference           ,TechReport          ,0.0015)
(Reference           ,Proceedings         ,0.0013636362)
(Reference           ,MastersThesis       ,0.001153846)
(Reference           ,InProceedings       ,0.001153846)
(Reference           ,Informal            ,0.001111111)
(Reference           ,Address             ,0.001111111)
(Reference           ,Article             ,0.001111111)
(Reference           ,MotionPicture       ,7.692307E-4)
(Reference           ,Part                ,5.555555E-4)
(Reference           ,PhdThesis           ,5.555555E-4)
(Reference           ,Booklet             ,5.555555E-4)
(Reference           ,Misc                ,5.555555E-4)
(Reference           ,Chapter             ,5.555555E-4)
(Reference           ,Date                ,5.555555E-4)
(Reference           ,Academic            ,5.555555E-4)
(Reference           ,PersonList          ,5.000001E-4)
(Reference           ,Collection          ,5.000001E-4)
(Reference           ,Unpublished         ,4.545453E-4)
(Reference           ,InCollection        ,4.1666656E-4)
(Reference           ,Manual              ,0.0)
(Reference           ,InBook              ,0.0)
(Reference           ,Monograph           ,0.0)
(Reference           ,Book                ,0.0)
(Reference           ,School              ,0.0)
(Reference           ,Institution         ,0.0)
(Reference           ,Publisher           ,0.0)
(Report              ,Report              ,1.0)
(Report              ,TechReport          ,0.6701429)
(Report              ,Institution         ,0.61295456)
(Report              ,Unpublished         ,0.60314685)
(Report              ,Informal            ,0.5789773)
(Report              ,Deliverable         ,0.5786364)
(Report              ,Booklet             ,0.54571426)
(Report              ,MastersThesis       ,0.5367693)
(Report              ,MotionPicture       ,0.5367693)
(Report              ,PhdThesis           ,0.536)
(Report              ,PersonList          ,0.5328637)
(Report              ,School              ,0.532197)
(Report              ,PageRange           ,0.5319192)
(Report              ,Academic            ,0.52750003)
(Report              ,InCollection        ,0.5250641)
(Report              ,Part                ,0.5215)
(Report              ,Collection          ,0.5195)
(Report              ,Book                ,0.51770836)
(Report              ,Chapter             ,0.5157143)
(Report              ,Date                ,0.50625)
(Report              ,Reference           ,0.48666668)
(Report              ,LectureNotes        ,0.48625)
(Report              ,Manual              ,0.485)
(Report              ,Address             ,0.485)
(Report              ,InProceedings       ,0.08576923)
(Report              ,Article             ,0.08571429)
(Report              ,Proceedings         ,0.07937063)
(Report              ,InBook              ,0.073690474)
(Report              ,Conference          ,0.046863638)
(Report              ,Journal             ,0.03642857)
(Report              ,Monograph           ,0.032986112)
(Report              ,Misc                ,0.0)
(Report              ,Publisher           ,0.0)
(School              ,School              ,1.0)
(School              ,Informal            ,0.6319643)
(School              ,Academic            ,0.6313393)
(School              ,TechReport          ,0.614)
(School              ,Collection          ,0.588)
(School              ,Part                ,0.587)
(School              ,Book                ,0.579394)
(School              ,MastersThesis       ,0.57076925)
(School              ,Chapter             ,0.5707143)
(School              ,PhdThesis           ,0.57055557)
(School              ,MotionPicture       ,0.5703846)
(School              ,Booklet             ,0.56417584)
(School              ,PersonList          ,0.55885714)
(School              ,PageRange           ,0.55785716)
(School              ,Deliverable         ,0.5492046)
(School              ,InCollection        ,0.5425)
(School              ,Date                ,0.53868425)
(School              ,Address             ,0.536)
(School              ,Report              ,0.532197)
(School              ,Unpublished         ,0.5318182)
(School              ,Institution         ,0.4859091)
(School              ,Manual              ,0.48583335)
(School              ,LectureNotes        ,0.48583335)
(School              ,Reference           ,0.485)
(School              ,Article             ,0.12821428)
(School              ,Publisher           ,0.06375)
(School              ,InProceedings       ,0.05705128)
(School              ,Journal             ,0.051714286)
(School              ,Proceedings         ,0.051454544)
(School              ,InBook              ,0.048030302)
(School              ,Monograph           ,0.043055557)
(School              ,Conference          ,0.0)
(School              ,Misc                ,0.0)
(TechReport          ,TechReport          ,1.0)
(TechReport          ,Report              ,0.6701429)
(TechReport          ,School              ,0.614)
(TechReport          ,Informal            ,0.6031923)
(TechReport          ,Booklet             ,0.5665263)
(TechReport          ,Academic            ,0.55885714)
(TechReport          ,Deliverable         ,0.55876625)
(TechReport          ,Part                ,0.5465)
(TechReport          ,Collection          ,0.545)
(TechReport          ,Unpublished         ,0.545)
(TechReport          ,Book                ,0.54216665)
(TechReport          ,Chapter             ,0.54018426)
(TechReport          ,Institution         ,0.52750003)
(TechReport          ,MastersThesis       ,0.52500004)
(TechReport          ,MotionPicture       ,0.52500004)
(TechReport          ,PhdThesis           ,0.5247308)
(TechReport          ,Date                ,0.5247308)
(TechReport          ,PersonList          ,0.5224286)
(TechReport          ,PageRange           ,0.52192855)
(TechReport          ,InCollection        ,0.51770836)
(TechReport          ,Address             ,0.516)
(TechReport          ,LectureNotes        ,0.48708335)
(TechReport          ,Reference           ,0.48650002)
(TechReport          ,Manual              ,0.485)
(TechReport          ,Article             ,0.068500005)
(TechReport          ,InBook              ,0.0605)
(TechReport          ,Publisher           ,0.034500003)
(TechReport          ,InProceedings       ,0.032259613)
(TechReport          ,Journal             ,0.030499998)
(TechReport          ,Proceedings         ,0.030454544)
(TechReport          ,Monograph           ,0.027342103)
(TechReport          ,Conference          ,5.000001E-4)
(TechReport          ,Misc                ,0.0)
(Unpublished         ,Unpublished         ,1.0)
(Unpublished         ,Informal            ,0.63845456)
(Unpublished         ,InCollection        ,0.62492424)
(Unpublished         ,Report              ,0.60314685)
(Unpublished         ,Chapter             ,0.58745456)
(Unpublished         ,TechReport          ,0.545)
(Unpublished         ,Institution         ,0.54212123)
(Unpublished         ,MastersThesis       ,0.5367693)
(Unpublished         ,PhdThesis           ,0.53645456)
(Unpublished         ,MotionPicture       ,0.53638464)
(Unpublished         ,PersonList          ,0.53227276)
(Unpublished         ,School              ,0.5318182)
(Unpublished         ,PageRange           ,0.5318182)
(Unpublished         ,Academic            ,0.5279546)
(Unpublished         ,Deliverable         ,0.52750003)
(Unpublished         ,Part                ,0.51945454)
(Unpublished         ,Collection          ,0.519)
(Unpublished         ,Book                ,0.5173296)
(Unpublished         ,Booklet             ,0.5142424)
(Unpublished         ,Date                ,0.50670457)
(Unpublished         ,Manual              ,0.4859091)
(Unpublished         ,LectureNotes        ,0.48583335)
(Unpublished         ,Reference           ,0.48545456)
(Unpublished         ,Address             ,0.48545456)
(Unpublished         ,Article             ,0.08590909)
(Unpublished         ,InProceedings       ,0.08576923)
(Unpublished         ,Proceedings         ,0.07846154)
(Unpublished         ,Conference          ,0.046818182)
(Unpublished         ,Journal             ,0.036883116)
(Unpublished         ,InBook              ,0.034909092)
(Unpublished         ,Monograph           ,0.032329544)
(Unpublished         ,Publisher           ,0.0036363637)
(Unpublished         ,Misc                ,9.090909E-4)
