############################################
Teste=239
Precisao=0.9666666666666667
Recall=1.0
Encontrados=30
Esperados=29
############################################
Alinhamentos esperados:


Funcao1=similarity.structure.ConceptNameSimilarity@64c00eda
Peso1=0.0

Funcao2=similarity.structure.DirectIndividualSimilarity@71144678
Peso2=0.08

Funcao3=similarity.structure.CommentTokenSimilarity@4e98143
Peso3=0.92

Funcao4=class similarity.FunctionContainer@FuncoesHierarquia
Peso4=0.0

Funcao5=similarity.structure.DirectSuperClassSimilarity@56e29777
Peso5=0.34

Funcao6=similarity.structure.DirectSubClassSimilarity@32b0e5af
Peso6=0.485

Funcao5=class similarity.FunctionContainer@FuncoesPropriedades
Peso5=0.0

Funcao6=similarity.structure.DirectPropertybyRangeDomainSimilarity@61444207
Peso6=0.0

Funcao7=similarity.structure.DirectPropertybyNameSimilarity@29ef24f5
Peso7=0.24

############################
#Similaridade dos recursos

(Academic            ,MastersThesis       ,0.632)
(Academic            ,PhdThesis           ,0.632)
(Academic            ,School              ,0.34285718)
(Academic            ,Collection          ,0.24727273)
(Academic            ,Chapter             ,0.22153847)
(Academic            ,Booklet             ,0.21142858)
(Academic            ,TechReport          ,0.21142858)
(Academic            ,MotionPicture       ,0.21142858)
(Academic            ,Article             ,0.20444445)
(Academic            ,PersonList          ,0.195)
(Academic            ,PageRange           ,0.195)
(Academic            ,Deliverable         ,0.18222222)
(Academic            ,Date                ,0.17199999)
(Academic            ,InCollection        ,0.17199999)
(Academic            ,Address             ,0.16363636)
(Academic            ,Report              ,0.15666667)
(Academic            ,Unpublished         ,0.15666667)
(Academic            ,Publisher           ,0.10222223)
(Academic            ,InProceedings       ,0.092)
(Academic            ,Journal             ,0.083636366)
(Academic            ,Proceedings         ,0.083636366)
(Academic            ,Reference           ,0.08)
(Academic            ,Institution         ,0.08)
(Academic            ,LectureNotes        ,0.08)
(Academic            ,Manual              ,0.08)
(Academic            ,InBook              ,0.07666667)
(Academic            ,Monograph           ,0.070769235)
(Academic            ,Conference          ,0.0)
(Academic            ,Misc                ,0.0)
(Address             ,Address             ,1.0)
(Address             ,Collection          ,0.22153847)
(Address             ,Chapter             ,0.20266667)
(Address             ,Publisher           ,0.184)
(Address             ,School              ,0.17199999)
(Address             ,PersonList          ,0.17199999)
(Address             ,PageRange           ,0.17199999)
(Address             ,Date                ,0.16363636)
(Address             ,InCollection        ,0.15666667)
(Address             ,Booklet             ,0.13411765)
(Address             ,TechReport          ,0.13411765)
(Address             ,Conference          ,0.092)
(Address             ,Reference           ,0.08)
(Address             ,MastersThesis       ,0.08)
(Address             ,Institution         ,0.08)
(Address             ,Deliverable         ,0.08)
(Address             ,Report              ,0.08)
(Address             ,LectureNotes        ,0.08)
(Address             ,Manual              ,0.08)
(Address             ,Unpublished         ,0.08)
(Address             ,PhdThesis           ,0.08)
(Address             ,MotionPicture       ,0.08)
(Address             ,Article             ,0.07666667)
(Address             ,InBook              ,0.06571429)
(Address             ,Journal             ,0.0)
(Address             ,Misc                ,0.0)
(Address             ,Proceedings         ,0.0)
(Address             ,Monograph           ,0.0)
(Address             ,InProceedings       ,0.0)
(Article             ,Article             ,1.0)
(Article             ,InProceedings       ,0.30666667)
(Article             ,School              ,0.23)
(Article             ,Proceedings         ,0.16727273)
(Article             ,Collection          ,0.15333334)
(Article             ,Report              ,0.15333334)
(Article             ,Unpublished         ,0.15333334)
(Article             ,Chapter             ,0.13142858)
(Article             ,Institution         ,0.13142858)
(Article             ,Booklet             ,0.12266667)
(Article             ,TechReport          ,0.12266667)
(Article             ,MastersThesis       ,0.115)
(Article             ,PhdThesis           ,0.115)
(Article             ,MotionPicture       ,0.115)
(Article             ,Conference          ,0.10222223)
(Article             ,PersonList          ,0.10222223)
(Article             ,PageRange           ,0.10222223)
(Article             ,Deliverable         ,0.092)
(Article             ,Publisher           ,0.092)
(Article             ,Date                ,0.08761905)
(Article             ,InCollection        ,0.083636366)
(Article             ,Journal             ,0.07666667)
(Article             ,Address             ,0.07666667)
(Article             ,InBook              ,0.070769235)
(Article             ,Monograph           ,0.06571429)
(Article             ,Reference           ,0.0)
(Article             ,Misc                ,0.0)
(Article             ,LectureNotes        ,0.0)
(Article             ,Manual              ,0.0)
(Book                ,Collection          ,0.58181816)
(Book                ,Chapter             ,0.32533336)
(Book                ,InCollection        ,0.31)
(Book                ,Date                ,0.24727273)
(Book                ,School              ,0.24727273)
(Book                ,PersonList          ,0.24727273)
(Book                ,PageRange           ,0.24727273)
(Book                ,Address             ,0.21142858)
(Book                ,InBook              ,0.19714287)
(Book                ,Monograph           ,0.184)
(Book                ,Booklet             ,0.18222222)
(Book                ,TechReport          ,0.18222222)
(Book                ,MastersThesis       ,0.16363636)
(Book                ,PhdThesis           ,0.16363636)
(Book                ,MotionPicture       ,0.16363636)
(Book                ,Publisher           ,0.15333334)
(Book                ,Deliverable         ,0.15076923)
(Book                ,Article             ,0.14153847)
(Book                ,Report              ,0.1375)
(Book                ,Unpublished         ,0.1375)
(Book                ,Proceedings         ,0.13142858)
(Book                ,Reference           ,0.08)
(Book                ,Institution         ,0.08)
(Book                ,LectureNotes        ,0.08)
(Book                ,Manual              ,0.08)
(Book                ,InProceedings       ,0.06571429)
(Book                ,Journal             ,0.061333336)
(Book                ,Conference          ,0.0)
(Book                ,Misc                ,0.0)
(Booklet             ,Booklet             ,1.0)
(Booklet             ,Collection          ,0.2525)
(Booklet             ,TechReport          ,0.22526315)
(Booklet             ,School              ,0.22153847)
(Booklet             ,Date                ,0.1904)
(Booklet             ,Report              ,0.1882353)
(Booklet             ,Chapter             ,0.17684211)
(Booklet             ,Institution         ,0.15666667)
(Booklet             ,MastersThesis       ,0.15076923)
(Booklet             ,PhdThesis           ,0.15076923)
(Booklet             ,MotionPicture       ,0.15076923)
(Booklet             ,PersonList          ,0.14571428)
(Booklet             ,PageRange           ,0.14571428)
(Booklet             ,Deliverable         ,0.14133334)
(Booklet             ,InCollection        ,0.1375)
(Booklet             ,Address             ,0.13411765)
(Booklet             ,Publisher           ,0.13142858)
(Booklet             ,Unpublished         ,0.13111112)
(Booklet             ,Article             ,0.12266667)
(Booklet             ,Monograph           ,0.10222223)
(Booklet             ,Reference           ,0.08)
(Booklet             ,LectureNotes        ,0.08)
(Booklet             ,Manual              ,0.08)
(Booklet             ,Conference          ,0.06571429)
(Booklet             ,InProceedings       ,0.0575)
(Booklet             ,Journal             ,0.05411765)
(Booklet             ,Proceedings         ,0.05411765)
(Booklet             ,InBook              ,0.051111113)
(Booklet             ,Misc                ,0.0)
(Chapter             ,Chapter             ,1.0)
(Chapter             ,InCollection        ,0.49818182)
(Chapter             ,Collection          ,0.34285718)
(Chapter             ,Unpublished         ,0.264)
(Chapter             ,School              ,0.23333333)
(Chapter             ,PersonList          ,0.23333333)
(Chapter             ,PageRange           ,0.23333333)
(Chapter             ,Address             ,0.20266667)
(Chapter             ,Date                ,0.195)
(Chapter             ,InBook              ,0.184)
(Chapter             ,Booklet             ,0.17684211)
(Chapter             ,TechReport          ,0.17684211)
(Chapter             ,MastersThesis       ,0.15666667)
(Chapter             ,PhdThesis           ,0.15666667)
(Chapter             ,MotionPicture       ,0.15666667)
(Chapter             ,Deliverable         ,0.14571428)
(Chapter             ,Publisher           ,0.14153847)
(Chapter             ,Report              ,0.13411765)
(Chapter             ,Article             ,0.13142858)
(Chapter             ,Monograph           ,0.1082353)
(Chapter             ,Reference           ,0.08)
(Chapter             ,Institution         ,0.08)
(Chapter             ,LectureNotes        ,0.08)
(Chapter             ,Manual              ,0.08)
(Chapter             ,InProceedings       ,0.061333336)
(Chapter             ,Journal             ,0.0575)
(Chapter             ,Proceedings         ,0.0575)
(Chapter             ,Conference          ,0.0)
(Chapter             ,Misc                ,0.0)
(Collection          ,Collection          ,1.0)
(Collection          ,Chapter             ,0.34285718)
(Collection          ,InCollection        ,0.33090907)
(Collection          ,Monograph           ,0.28307694)
(Collection          ,School              ,0.264)
(Collection          ,PersonList          ,0.264)
(Collection          ,PageRange           ,0.264)
(Collection          ,Date                ,0.25523812)
(Collection          ,Booklet             ,0.2525)
(Collection          ,Address             ,0.22153847)
(Collection          ,InBook              ,0.21230769)
(Collection          ,TechReport          ,0.1882353)
(Collection          ,MastersThesis       ,0.17199999)
(Collection          ,PhdThesis           ,0.17199999)
(Collection          ,MotionPicture       ,0.17199999)
(Collection          ,Publisher           ,0.16727273)
(Collection          ,Deliverable         ,0.15666667)
(Collection          ,Article             ,0.15333334)
(Collection          ,Report              ,0.14133334)
(Collection          ,Unpublished         ,0.14133334)
(Collection          ,Reference           ,0.08)
(Collection          ,Institution         ,0.08)
(Collection          ,LectureNotes        ,0.08)
(Collection          ,Manual              ,0.08)
(Collection          ,InProceedings       ,0.070769235)
(Collection          ,Journal             ,0.06571429)
(Collection          ,Proceedings         ,0.06571429)
(Collection          ,Conference          ,0.0)
(Collection          ,Misc                ,0.0)
(Conference          ,Conference          ,1.0)
(Conference          ,Institution         ,0.184)
(Conference          ,Article             ,0.10222223)
(Conference          ,InProceedings       ,0.10222223)
(Conference          ,Proceedings         ,0.092)
(Conference          ,Address             ,0.092)
(Conference          ,Report              ,0.083636366)
(Conference          ,Unpublished         ,0.083636366)
(Conference          ,Booklet             ,0.06571429)
(Conference          ,Reference           ,0.0)
(Conference          ,Date                ,0.0)
(Conference          ,Collection          ,0.0)
(Conference          ,Journal             ,0.0)
(Conference          ,MastersThesis       ,0.0)
(Conference          ,Chapter             ,0.0)
(Conference          ,InCollection        ,0.0)
(Conference          ,Misc                ,0.0)
(Conference          ,Deliverable         ,0.0)
(Conference          ,LectureNotes        ,0.0)
(Conference          ,Manual              ,0.0)
(Conference          ,School              ,0.0)
(Conference          ,InBook              ,0.0)
(Conference          ,Publisher           ,0.0)
(Conference          ,PhdThesis           ,0.0)
(Conference          ,TechReport          ,0.0)
(Conference          ,Monograph           ,0.0)
(Conference          ,PersonList          ,0.0)
(Conference          ,PageRange           ,0.0)
(Conference          ,MotionPicture       ,0.0)
(Date                ,Date                ,1.0)
(Date                ,Collection          ,0.25523812)
(Date                ,Chapter             ,0.195)
(Date                ,Booklet             ,0.1904)
(Date                ,School              ,0.17684211)
(Date                ,PersonList          ,0.17684211)
(Date                ,PageRange           ,0.17684211)
(Date                ,InCollection        ,0.16761905)
(Date                ,Address             ,0.16363636)
(Date                ,TechReport          ,0.15076923)
(Date                ,MastersThesis       ,0.12842105)
(Date                ,PhdThesis           ,0.12842105)
(Date                ,MotionPicture       ,0.12842105)
(Date                ,Deliverable         ,0.123809524)
(Date                ,Report              ,0.11833333)
(Date                ,Unpublished         ,0.11833333)
(Date                ,Publisher           ,0.092)
(Date                ,Article             ,0.08761905)
(Date                ,Proceedings         ,0.083636366)
(Date                ,InBook              ,0.080000006)
(Date                ,Reference           ,0.08)
(Date                ,Institution         ,0.08)
(Date                ,LectureNotes        ,0.08)
(Date                ,Manual              ,0.08)
(Date                ,Monograph           ,0.07666667)
(Date                ,InProceedings       ,0.041818183)
(Date                ,Journal             ,0.040000003)
(Date                ,Conference          ,0.0)
(Date                ,Misc                ,0.0)
(Deliverable         ,Deliverable         ,1.0)
(Deliverable         ,Report              ,0.24727273)
(Deliverable         ,MastersThesis       ,0.21142858)
(Deliverable         ,PhdThesis           ,0.21142858)
(Deliverable         ,TechReport          ,0.21142858)
(Deliverable         ,MotionPicture       ,0.21142858)
(Deliverable         ,School              ,0.195)
(Deliverable         ,PersonList          ,0.195)
(Deliverable         ,PageRange           ,0.195)
(Deliverable         ,InCollection        ,0.17199999)
(Deliverable         ,Collection          ,0.15666667)
(Deliverable         ,Unpublished         ,0.15666667)
(Deliverable         ,Chapter             ,0.14571428)
(Deliverable         ,Booklet             ,0.14133334)
(Deliverable         ,Date                ,0.123809524)
(Deliverable         ,Article             ,0.092)
(Deliverable         ,InProceedings       ,0.092)
(Deliverable         ,Journal             ,0.083636366)
(Deliverable         ,Proceedings         ,0.083636366)
(Deliverable         ,Reference           ,0.08)
(Deliverable         ,Institution         ,0.08)
(Deliverable         ,LectureNotes        ,0.08)
(Deliverable         ,Address             ,0.08)
(Deliverable         ,Manual              ,0.08)
(Deliverable         ,InBook              ,0.07666667)
(Deliverable         ,Monograph           ,0.070769235)
(Deliverable         ,Conference          ,0.0)
(Deliverable         ,Misc                ,0.0)
(Deliverable         ,Publisher           ,0.0)
(InBook              ,InBook              ,1.0)
(InBook              ,PageRange           ,0.46)
(InBook              ,InCollection        ,0.2509091)
(InBook              ,Collection          ,0.21230769)
(InBook              ,Chapter             ,0.184)
(InBook              ,PersonList          ,0.184)
(InBook              ,Report              ,0.13142858)
(InBook              ,Monograph           ,0.12266667)
(InBook              ,TechReport          ,0.1082353)
(InBook              ,MastersThesis       ,0.092)
(InBook              ,PhdThesis           ,0.092)
(InBook              ,MotionPicture       ,0.092)
(InBook              ,School              ,0.083636366)
(InBook              ,Date                ,0.080000006)
(InBook              ,Deliverable         ,0.07666667)
(InBook              ,Publisher           ,0.07666667)
(InBook              ,Article             ,0.070769235)
(InBook              ,InProceedings       ,0.070769235)
(InBook              ,Journal             ,0.06571429)
(InBook              ,Proceedings         ,0.06571429)
(InBook              ,Address             ,0.06571429)
(InBook              ,Unpublished         ,0.061333336)
(InBook              ,Booklet             ,0.051111113)
(InBook              ,Reference           ,0.0)
(InBook              ,Conference          ,0.0)
(InBook              ,Misc                ,0.0)
(InBook              ,Institution         ,0.0)
(InBook              ,LectureNotes        ,0.0)
(InBook              ,Manual              ,0.0)
(InCollection        ,InCollection        ,1.0)
(InCollection        ,Chapter             ,0.49818182)
(InCollection        ,Collection          ,0.33090907)
(InCollection        ,Unpublished         ,0.33090907)
(InCollection        ,PersonList          ,0.31)
(InCollection        ,PageRange           ,0.31)
(InCollection        ,InBook              ,0.2509091)
(InCollection        ,MastersThesis       ,0.195)
(InCollection        ,PhdThesis           ,0.195)
(InCollection        ,MotionPicture       ,0.195)
(InCollection        ,School              ,0.18222222)
(InCollection        ,Deliverable         ,0.17199999)
(InCollection        ,Date                ,0.16761905)
(InCollection        ,Address             ,0.15666667)
(InCollection        ,Report              ,0.15076923)
(InCollection        ,Monograph           ,0.14153847)
(InCollection        ,Booklet             ,0.1375)
(InCollection        ,TechReport          ,0.1375)
(InCollection        ,Publisher           ,0.092)
(InCollection        ,Article             ,0.083636366)
(InCollection        ,InProceedings       ,0.083636366)
(InCollection        ,Reference           ,0.08)
(InCollection        ,Institution         ,0.08)
(InCollection        ,LectureNotes        ,0.08)
(InCollection        ,Manual              ,0.08)
(InCollection        ,Journal             ,0.07666667)
(InCollection        ,Proceedings         ,0.07666667)
(InCollection        ,Conference          ,0.0)
(InCollection        ,Misc                ,0.0)
(InProceedings       ,InProceedings       ,1.0)
(InProceedings       ,Article             ,0.30666667)
(InProceedings       ,Proceedings         ,0.27600002)
(InProceedings       ,Report              ,0.15333334)
(InProceedings       ,Unpublished         ,0.15333334)
(InProceedings       ,Institution         ,0.13142858)
(InProceedings       ,MastersThesis       ,0.115)
(InProceedings       ,PhdThesis           ,0.115)
(InProceedings       ,MotionPicture       ,0.115)
(InProceedings       ,Conference          ,0.10222223)
(InProceedings       ,School              ,0.10222223)
(InProceedings       ,PersonList          ,0.10222223)
(InProceedings       ,PageRange           ,0.10222223)
(InProceedings       ,Deliverable         ,0.092)
(InProceedings       ,InCollection        ,0.083636366)
(InProceedings       ,Journal             ,0.07666667)
(InProceedings       ,Collection          ,0.070769235)
(InProceedings       ,InBook              ,0.070769235)
(InProceedings       ,Monograph           ,0.06571429)
(InProceedings       ,Chapter             ,0.061333336)
(InProceedings       ,Booklet             ,0.0575)
(InProceedings       ,TechReport          ,0.0575)
(InProceedings       ,Date                ,0.041818183)
(InProceedings       ,Reference           ,0.0)
(InProceedings       ,Misc                ,0.0)
(InProceedings       ,LectureNotes        ,0.0)
(InProceedings       ,Address             ,0.0)
(InProceedings       ,Manual              ,0.0)
(InProceedings       ,Publisher           ,0.0)
(Informal            ,Unpublished         ,0.356)
(Informal            ,School              ,0.34285718)
(Informal            ,TechReport          ,0.29230767)
(Informal            ,Collection          ,0.24727273)
(Informal            ,Report              ,0.24727273)
(Informal            ,Chapter             ,0.22153847)
(Informal            ,Booklet             ,0.21142858)
(Informal            ,MastersThesis       ,0.21142858)
(Informal            ,PhdThesis           ,0.21142858)
(Informal            ,MotionPicture       ,0.21142858)
(Informal            ,Article             ,0.20444445)
(Informal            ,PersonList          ,0.195)
(Informal            ,PageRange           ,0.195)
(Informal            ,Deliverable         ,0.18222222)
(Informal            ,Date                ,0.17199999)
(Informal            ,InCollection        ,0.17199999)
(Informal            ,Address             ,0.16363636)
(Informal            ,Publisher           ,0.10222223)
(Informal            ,InProceedings       ,0.092)
(Informal            ,Journal             ,0.083636366)
(Informal            ,Proceedings         ,0.083636366)
(Informal            ,Reference           ,0.08)
(Informal            ,Institution         ,0.08)
(Informal            ,LectureNotes        ,0.08)
(Informal            ,Manual              ,0.08)
(Informal            ,InBook              ,0.07666667)
(Informal            ,Monograph           ,0.070769235)
(Informal            ,Conference          ,0.0)
(Informal            ,Misc                ,0.0)
(Institution         ,Institution         ,1.0)
(Institution         ,Report              ,0.31)
(Institution         ,Conference          ,0.184)
(Institution         ,Unpublished         ,0.18222222)
(Institution         ,Booklet             ,0.15666667)
(Institution         ,TechReport          ,0.15666667)
(Institution         ,Article             ,0.13142858)
(Institution         ,InProceedings       ,0.13142858)
(Institution         ,Proceedings         ,0.115)
(Institution         ,Reference           ,0.08)
(Institution         ,Date                ,0.08)
(Institution         ,Collection          ,0.08)
(Institution         ,MastersThesis       ,0.08)
(Institution         ,Chapter             ,0.08)
(Institution         ,InCollection        ,0.08)
(Institution         ,Deliverable         ,0.08)
(Institution         ,LectureNotes        ,0.08)
(Institution         ,Address             ,0.08)
(Institution         ,Manual              ,0.08)
(Institution         ,School              ,0.08)
(Institution         ,PhdThesis           ,0.08)
(Institution         ,PersonList          ,0.08)
(Institution         ,PageRange           ,0.08)
(Institution         ,MotionPicture       ,0.08)
(Institution         ,Journal             ,0.0)
(Institution         ,Misc                ,0.0)
(Institution         ,InBook              ,0.0)
(Institution         ,Publisher           ,0.0)
(Institution         ,Monograph           ,0.0)
(Journal             ,Journal             ,1.0)
(Journal             ,MastersThesis       ,0.10222223)
(Journal             ,PhdThesis           ,0.10222223)
(Journal             ,MotionPicture       ,0.10222223)
(Journal             ,School              ,0.092)
(Journal             ,PersonList          ,0.092)
(Journal             ,PageRange           ,0.092)
(Journal             ,Deliverable         ,0.083636366)
(Journal             ,Article             ,0.07666667)
(Journal             ,InCollection        ,0.07666667)
(Journal             ,InProceedings       ,0.07666667)
(Journal             ,Proceedings         ,0.070769235)
(Journal             ,Collection          ,0.06571429)
(Journal             ,Report              ,0.06571429)
(Journal             ,Unpublished         ,0.06571429)
(Journal             ,InBook              ,0.06571429)
(Journal             ,Monograph           ,0.061333336)
(Journal             ,Chapter             ,0.0575)
(Journal             ,Booklet             ,0.05411765)
(Journal             ,TechReport          ,0.05411765)
(Journal             ,Date                ,0.040000003)
(Journal             ,Reference           ,0.0)
(Journal             ,Conference          ,0.0)
(Journal             ,Misc                ,0.0)
(Journal             ,Institution         ,0.0)
(Journal             ,LectureNotes        ,0.0)
(Journal             ,Address             ,0.0)
(Journal             ,Manual              ,0.0)
(Journal             ,Publisher           ,0.0)
(LectureNotes        ,LectureNotes        ,1.0)
(LectureNotes        ,Reference           ,0.08)
(LectureNotes        ,Booklet             ,0.08)
(LectureNotes        ,Date                ,0.08)
(LectureNotes        ,Collection          ,0.08)
(LectureNotes        ,MastersThesis       ,0.08)
(LectureNotes        ,Chapter             ,0.08)
(LectureNotes        ,InCollection        ,0.08)
(LectureNotes        ,Institution         ,0.08)
(LectureNotes        ,Deliverable         ,0.08)
(LectureNotes        ,Report              ,0.08)
(LectureNotes        ,Address             ,0.08)
(LectureNotes        ,Manual              ,0.08)
(LectureNotes        ,Unpublished         ,0.08)
(LectureNotes        ,School              ,0.08)
(LectureNotes        ,PhdThesis           ,0.08)
(LectureNotes        ,TechReport          ,0.08)
(LectureNotes        ,PersonList          ,0.08)
(LectureNotes        ,PageRange           ,0.08)
(LectureNotes        ,MotionPicture       ,0.08)
(LectureNotes        ,Article             ,0.0)
(LectureNotes        ,Conference          ,0.0)
(LectureNotes        ,Journal             ,0.0)
(LectureNotes        ,Misc                ,0.0)
(LectureNotes        ,Proceedings         ,0.0)
(LectureNotes        ,InBook              ,0.0)
(LectureNotes        ,Publisher           ,0.0)
(LectureNotes        ,Monograph           ,0.0)
(LectureNotes        ,InProceedings       ,0.0)
(Manual              ,Manual              ,1.0)
(Manual              ,Reference           ,0.08)
(Manual              ,Booklet             ,0.08)
(Manual              ,Date                ,0.08)
(Manual              ,Collection          ,0.08)
(Manual              ,MastersThesis       ,0.08)
(Manual              ,Chapter             ,0.08)
(Manual              ,InCollection        ,0.08)
(Manual              ,Institution         ,0.08)
(Manual              ,Deliverable         ,0.08)
(Manual              ,Report              ,0.08)
(Manual              ,LectureNotes        ,0.08)
(Manual              ,Address             ,0.08)
(Manual              ,Unpublished         ,0.08)
(Manual              ,School              ,0.08)
(Manual              ,PhdThesis           ,0.08)
(Manual              ,TechReport          ,0.08)
(Manual              ,PersonList          ,0.08)
(Manual              ,PageRange           ,0.08)
(Manual              ,MotionPicture       ,0.08)
(Manual              ,Article             ,0.0)
(Manual              ,Conference          ,0.0)
(Manual              ,Journal             ,0.0)
(Manual              ,Misc                ,0.0)
(Manual              ,Proceedings         ,0.0)
(Manual              ,InBook              ,0.0)
(Manual              ,Publisher           ,0.0)
(Manual              ,Monograph           ,0.0)
(Manual              ,InProceedings       ,0.0)
(MastersThesis       ,MastersThesis       ,1.0)
(MastersThesis       ,PhdThesis           ,0.54)
(MastersThesis       ,MotionPicture       ,0.264)
(MastersThesis       ,School              ,0.23333333)
(MastersThesis       ,PersonList          ,0.23333333)
(MastersThesis       ,PageRange           ,0.23333333)
(MastersThesis       ,Deliverable         ,0.21142858)
(MastersThesis       ,InCollection        ,0.195)
(MastersThesis       ,Collection          ,0.17199999)
(MastersThesis       ,Report              ,0.17199999)
(MastersThesis       ,Unpublished         ,0.17199999)
(MastersThesis       ,Chapter             ,0.15666667)
(MastersThesis       ,Booklet             ,0.15076923)
(MastersThesis       ,TechReport          ,0.15076923)
(MastersThesis       ,Date                ,0.12842105)
(MastersThesis       ,Article             ,0.115)
(MastersThesis       ,InProceedings       ,0.115)
(MastersThesis       ,Journal             ,0.10222223)
(MastersThesis       ,Proceedings         ,0.10222223)
(MastersThesis       ,InBook              ,0.092)
(MastersThesis       ,Monograph           ,0.083636366)
(MastersThesis       ,Reference           ,0.08)
(MastersThesis       ,Institution         ,0.08)
(MastersThesis       ,LectureNotes        ,0.08)
(MastersThesis       ,Address             ,0.08)
(MastersThesis       ,Manual              ,0.08)
(MastersThesis       ,Conference          ,0.0)
(MastersThesis       ,Misc                ,0.0)
(MastersThesis       ,Publisher           ,0.0)
(Misc                ,Misc                ,1.0)
(Misc                ,Article             ,0.0)
(Misc                ,Reference           ,0.0)
(Misc                ,Booklet             ,0.0)
(Misc                ,Date                ,0.0)
(Misc                ,Conference          ,0.0)
(Misc                ,Collection          ,0.0)
(Misc                ,Journal             ,0.0)
(Misc                ,MastersThesis       ,0.0)
(Misc                ,Chapter             ,0.0)
(Misc                ,InCollection        ,0.0)
(Misc                ,Institution         ,0.0)
(Misc                ,Deliverable         ,0.0)
(Misc                ,Proceedings         ,0.0)
(Misc                ,Report              ,0.0)
(Misc                ,LectureNotes        ,0.0)
(Misc                ,Address             ,0.0)
(Misc                ,Manual              ,0.0)
(Misc                ,Unpublished         ,0.0)
(Misc                ,School              ,0.0)
(Misc                ,InBook              ,0.0)
(Misc                ,Publisher           ,0.0)
(Misc                ,PhdThesis           ,0.0)
(Misc                ,TechReport          ,0.0)
(Misc                ,Monograph           ,0.0)
(Misc                ,PersonList          ,0.0)
(Misc                ,PageRange           ,0.0)
(Misc                ,MotionPicture       ,0.0)
(Misc                ,InProceedings       ,0.0)
(Monograph           ,Monograph           ,1.0)
(Monograph           ,Collection          ,0.28307694)
(Monograph           ,InCollection        ,0.14153847)
(Monograph           ,InBook              ,0.12266667)
(Monograph           ,Chapter             ,0.1082353)
(Monograph           ,Booklet             ,0.10222223)
(Monograph           ,MastersThesis       ,0.083636366)
(Monograph           ,PhdThesis           ,0.083636366)
(Monograph           ,MotionPicture       ,0.083636366)
(Monograph           ,Date                ,0.07666667)
(Monograph           ,School              ,0.07666667)
(Monograph           ,PersonList          ,0.07666667)
(Monograph           ,PageRange           ,0.07666667)
(Monograph           ,Deliverable         ,0.070769235)
(Monograph           ,Article             ,0.06571429)
(Monograph           ,InProceedings       ,0.06571429)
(Monograph           ,Journal             ,0.061333336)
(Monograph           ,Proceedings         ,0.061333336)
(Monograph           ,Report              ,0.0575)
(Monograph           ,Unpublished         ,0.0575)
(Monograph           ,TechReport          ,0.048421055)
(Monograph           ,Reference           ,0.0)
(Monograph           ,Conference          ,0.0)
(Monograph           ,Misc                ,0.0)
(Monograph           ,Institution         ,0.0)
(Monograph           ,LectureNotes        ,0.0)
(Monograph           ,Address             ,0.0)
(Monograph           ,Manual              ,0.0)
(Monograph           ,Publisher           ,0.0)
(MotionPicture       ,MotionPicture       ,1.0)
(MotionPicture       ,MastersThesis       ,0.264)
(MotionPicture       ,PhdThesis           ,0.264)
(MotionPicture       ,School              ,0.23333333)
(MotionPicture       ,PersonList          ,0.23333333)
(MotionPicture       ,PageRange           ,0.23333333)
(MotionPicture       ,Deliverable         ,0.21142858)
(MotionPicture       ,InCollection        ,0.195)
(MotionPicture       ,Collection          ,0.17199999)
(MotionPicture       ,Report              ,0.17199999)
(MotionPicture       ,Unpublished         ,0.17199999)
(MotionPicture       ,Chapter             ,0.15666667)
(MotionPicture       ,Booklet             ,0.15076923)
(MotionPicture       ,TechReport          ,0.15076923)
(MotionPicture       ,Date                ,0.12842105)
(MotionPicture       ,Article             ,0.115)
(MotionPicture       ,InProceedings       ,0.115)
(MotionPicture       ,Journal             ,0.10222223)
(MotionPicture       ,Proceedings         ,0.10222223)
(MotionPicture       ,InBook              ,0.092)
(MotionPicture       ,Monograph           ,0.083636366)
(MotionPicture       ,Reference           ,0.08)
(MotionPicture       ,Institution         ,0.08)
(MotionPicture       ,LectureNotes        ,0.08)
(MotionPicture       ,Address             ,0.08)
(MotionPicture       ,Manual              ,0.08)
(MotionPicture       ,Conference          ,0.0)
(MotionPicture       ,Misc                ,0.0)
(MotionPicture       ,Publisher           ,0.0)
(PageRange           ,PageRange           ,1.0)
(PageRange           ,InBook              ,0.46)
(PageRange           ,PersonList          ,0.38666666)
(PageRange           ,InCollection        ,0.31)
(PageRange           ,Collection          ,0.264)
(PageRange           ,MastersThesis       ,0.23333333)
(PageRange           ,Chapter             ,0.23333333)
(PageRange           ,PhdThesis           ,0.23333333)
(PageRange           ,MotionPicture       ,0.23333333)
(PageRange           ,School              ,0.21142858)
(PageRange           ,Deliverable         ,0.195)
(PageRange           ,Date                ,0.17684211)
(PageRange           ,Address             ,0.17199999)
(PageRange           ,Report              ,0.16363636)
(PageRange           ,Unpublished         ,0.16363636)
(PageRange           ,Booklet             ,0.14571428)
(PageRange           ,TechReport          ,0.14571428)
(PageRange           ,Publisher           ,0.115)
(PageRange           ,Article             ,0.10222223)
(PageRange           ,InProceedings       ,0.10222223)
(PageRange           ,Journal             ,0.092)
(PageRange           ,Proceedings         ,0.092)
(PageRange           ,Reference           ,0.08)
(PageRange           ,Institution         ,0.08)
(PageRange           ,LectureNotes        ,0.08)
(PageRange           ,Manual              ,0.08)
(PageRange           ,Monograph           ,0.07666667)
(PageRange           ,Conference          ,0.0)
(PageRange           ,Misc                ,0.0)
(Part                ,InCollection        ,0.448)
(Part                ,Collection          ,0.38666666)
(Part                ,Chapter             ,0.34285718)
(Part                ,School              ,0.264)
(Part                ,PersonList          ,0.264)
(Part                ,PageRange           ,0.264)
(Part                ,Address             ,0.22153847)
(Part                ,InBook              ,0.21230769)
(Part                ,Date                ,0.20545454)
(Part                ,Booklet             ,0.1882353)
(Part                ,TechReport          ,0.1882353)
(Part                ,MastersThesis       ,0.17199999)
(Part                ,PhdThesis           ,0.17199999)
(Part                ,MotionPicture       ,0.17199999)
(Part                ,Publisher           ,0.16727273)
(Part                ,Deliverable         ,0.15666667)
(Part                ,Article             ,0.15333334)
(Part                ,Report              ,0.14133334)
(Part                ,Unpublished         ,0.14133334)
(Part                ,Monograph           ,0.12266667)
(Part                ,Reference           ,0.08)
(Part                ,Institution         ,0.08)
(Part                ,LectureNotes        ,0.08)
(Part                ,Manual              ,0.08)
(Part                ,InProceedings       ,0.070769235)
(Part                ,Journal             ,0.06571429)
(Part                ,Proceedings         ,0.06571429)
(Part                ,Conference          ,0.0)
(Part                ,Misc                ,0.0)
(PersonList          ,PersonList          ,1.0)
(PersonList          ,PageRange           ,0.38666666)
(PersonList          ,InCollection        ,0.31)
(PersonList          ,Collection          ,0.264)
(PersonList          ,MastersThesis       ,0.23333333)
(PersonList          ,Chapter             ,0.23333333)
(PersonList          ,PhdThesis           ,0.23333333)
(PersonList          ,MotionPicture       ,0.23333333)
(PersonList          ,School              ,0.21142858)
(PersonList          ,InBook              ,0.20102128)
(PersonList          ,Deliverable         ,0.195)
(PersonList          ,Date                ,0.17684211)
(PersonList          ,Address             ,0.17199999)
(PersonList          ,Report              ,0.16363636)
(PersonList          ,Unpublished         ,0.16363636)
(PersonList          ,Article             ,0.15041499)
(PersonList          ,Booklet             ,0.14571428)
(PersonList          ,TechReport          ,0.14571428)
(PersonList          ,Publisher           ,0.14357144)
(PersonList          ,Journal             ,0.14019276)
(PersonList          ,InProceedings       ,0.1391453)
(PersonList          ,Proceedings         ,0.12892307)
(PersonList          ,Monograph           ,0.093687944)
(PersonList          ,Reference           ,0.08)
(PersonList          ,Institution         ,0.08)
(PersonList          ,LectureNotes        ,0.08)
(PersonList          ,Manual              ,0.08)
(PersonList          ,Conference          ,0.036923077)
(PersonList          ,Misc                ,0.017021276)
(PhdThesis           ,PhdThesis           ,1.0)
(PhdThesis           ,MastersThesis       ,0.54)
(PhdThesis           ,MotionPicture       ,0.264)
(PhdThesis           ,School              ,0.23333333)
(PhdThesis           ,PersonList          ,0.23333333)
(PhdThesis           ,PageRange           ,0.23333333)
(PhdThesis           ,Deliverable         ,0.21142858)
(PhdThesis           ,InCollection        ,0.195)
(PhdThesis           ,Collection          ,0.17199999)
(PhdThesis           ,Report              ,0.17199999)
(PhdThesis           ,Unpublished         ,0.17199999)
(PhdThesis           ,Chapter             ,0.15666667)
(PhdThesis           ,Booklet             ,0.15076923)
(PhdThesis           ,TechReport          ,0.15076923)
(PhdThesis           ,Date                ,0.12842105)
(PhdThesis           ,Article             ,0.115)
(PhdThesis           ,InProceedings       ,0.115)
(PhdThesis           ,Journal             ,0.10222223)
(PhdThesis           ,Proceedings         ,0.10222223)
(PhdThesis           ,InBook              ,0.092)
(PhdThesis           ,Monograph           ,0.083636366)
(PhdThesis           ,Reference           ,0.08)
(PhdThesis           ,Institution         ,0.08)
(PhdThesis           ,LectureNotes        ,0.08)
(PhdThesis           ,Address             ,0.08)
(PhdThesis           ,Manual              ,0.08)
(PhdThesis           ,Conference          ,0.0)
(PhdThesis           ,Misc                ,0.0)
(PhdThesis           ,Publisher           ,0.0)
(Proceedings         ,Proceedings         ,1.0)
(Proceedings         ,InProceedings       ,0.27600002)
(Proceedings         ,Article             ,0.16727273)
(Proceedings         ,Report              ,0.14153847)
(Proceedings         ,Unpublished         ,0.14153847)
(Proceedings         ,Institution         ,0.115)
(Proceedings         ,MastersThesis       ,0.10222223)
(Proceedings         ,PhdThesis           ,0.10222223)
(Proceedings         ,MotionPicture       ,0.10222223)
(Proceedings         ,Conference          ,0.092)
(Proceedings         ,School              ,0.092)
(Proceedings         ,PersonList          ,0.092)
(Proceedings         ,PageRange           ,0.092)
(Proceedings         ,Date                ,0.083636366)
(Proceedings         ,Deliverable         ,0.083636366)
(Proceedings         ,InCollection        ,0.07666667)
(Proceedings         ,Journal             ,0.070769235)
(Proceedings         ,Collection          ,0.06571429)
(Proceedings         ,InBook              ,0.06571429)
(Proceedings         ,Monograph           ,0.061333336)
(Proceedings         ,Chapter             ,0.0575)
(Proceedings         ,Booklet             ,0.05411765)
(Proceedings         ,TechReport          ,0.05411765)
(Proceedings         ,Reference           ,0.0)
(Proceedings         ,Misc                ,0.0)
(Proceedings         ,LectureNotes        ,0.0)
(Proceedings         ,Address             ,0.0)
(Proceedings         ,Manual              ,0.0)
(Proceedings         ,Publisher           ,0.0)
(Publisher           ,Publisher           ,1.0)
(Publisher           ,Address             ,0.184)
(Publisher           ,Collection          ,0.16727273)
(Publisher           ,Chapter             ,0.14153847)
(Publisher           ,Booklet             ,0.13142858)
(Publisher           ,School              ,0.115)
(Publisher           ,PersonList          ,0.115)
(Publisher           ,PageRange           ,0.115)
(Publisher           ,Article             ,0.092)
(Publisher           ,Date                ,0.092)
(Publisher           ,InCollection        ,0.092)
(Publisher           ,InBook              ,0.07666667)
(Publisher           ,TechReport          ,0.061333336)
(Publisher           ,Reference           ,0.0)
(Publisher           ,Conference          ,0.0)
(Publisher           ,Journal             ,0.0)
(Publisher           ,MastersThesis       ,0.0)
(Publisher           ,Misc                ,0.0)
(Publisher           ,Institution         ,0.0)
(Publisher           ,Deliverable         ,0.0)
(Publisher           ,Proceedings         ,0.0)
(Publisher           ,Report              ,0.0)
(Publisher           ,LectureNotes        ,0.0)
(Publisher           ,Manual              ,0.0)
(Publisher           ,Unpublished         ,0.0)
(Publisher           ,PhdThesis           ,0.0)
(Publisher           ,Monograph           ,0.0)
(Publisher           ,MotionPicture       ,0.0)
(Publisher           ,InProceedings       ,0.0)
(Reference           ,Reference           ,0.92)
(Reference           ,Conference          ,0.07619048)
(Reference           ,Article             ,0.0)
(Reference           ,Booklet             ,0.0)
(Reference           ,Date                ,0.0)
(Reference           ,Collection          ,0.0)
(Reference           ,Journal             ,0.0)
(Reference           ,MastersThesis       ,0.0)
(Reference           ,Chapter             ,0.0)
(Reference           ,InCollection        ,0.0)
(Reference           ,Misc                ,0.0)
(Reference           ,Institution         ,0.0)
(Reference           ,Deliverable         ,0.0)
(Reference           ,Proceedings         ,0.0)
(Reference           ,Report              ,0.0)
(Reference           ,LectureNotes        ,0.0)
(Reference           ,Address             ,0.0)
(Reference           ,Manual              ,0.0)
(Reference           ,Unpublished         ,0.0)
(Reference           ,School              ,0.0)
(Reference           ,InBook              ,0.0)
(Reference           ,Publisher           ,0.0)
(Reference           ,PhdThesis           ,0.0)
(Reference           ,TechReport          ,0.0)
(Reference           ,Monograph           ,0.0)
(Reference           ,PersonList          ,0.0)
(Reference           ,PageRange           ,0.0)
(Reference           ,MotionPicture       ,0.0)
(Reference           ,InProceedings       ,0.0)
(Report              ,Report              ,1.0)
(Report              ,TechReport          ,0.40857142)
(Report              ,Institution         ,0.31)
(Report              ,Unpublished         ,0.29230767)
(Report              ,Deliverable         ,0.24727273)
(Report              ,Booklet             ,0.1882353)
(Report              ,MastersThesis       ,0.17199999)
(Report              ,PhdThesis           ,0.17199999)
(Report              ,MotionPicture       ,0.17199999)
(Report              ,School              ,0.16363636)
(Report              ,PersonList          ,0.16363636)
(Report              ,PageRange           ,0.16363636)
(Report              ,Article             ,0.15333334)
(Report              ,InProceedings       ,0.15333334)
(Report              ,InCollection        ,0.15076923)
(Report              ,Proceedings         ,0.14153847)
(Report              ,Collection          ,0.14133334)
(Report              ,Chapter             ,0.13411765)
(Report              ,InBook              ,0.13142858)
(Report              ,Date                ,0.11833333)
(Report              ,Conference          ,0.083636366)
(Report              ,Reference           ,0.08)
(Report              ,LectureNotes        ,0.08)
(Report              ,Address             ,0.08)
(Report              ,Manual              ,0.08)
(Report              ,Journal             ,0.06571429)
(Report              ,Monograph           ,0.0575)
(Report              ,Misc                ,0.0)
(Report              ,Publisher           ,0.0)
(School              ,School              ,1.0)
(School              ,TechReport          ,0.31)
(School              ,Collection          ,0.264)
(School              ,MastersThesis       ,0.23333333)
(School              ,Chapter             ,0.23333333)
(School              ,PhdThesis           ,0.23333333)
(School              ,MotionPicture       ,0.23333333)
(School              ,Article             ,0.23)
(School              ,Booklet             ,0.22153847)
(School              ,PersonList          ,0.21142858)
(School              ,PageRange           ,0.21142858)
(School              ,Deliverable         ,0.195)
(School              ,InCollection        ,0.18222222)
(School              ,Date                ,0.17684211)
(School              ,Address             ,0.17199999)
(School              ,Report              ,0.16363636)
(School              ,Unpublished         ,0.16363636)
(School              ,Publisher           ,0.115)
(School              ,InProceedings       ,0.10222223)
(School              ,Journal             ,0.092)
(School              ,Proceedings         ,0.092)
(School              ,InBook              ,0.083636366)
(School              ,Reference           ,0.08)
(School              ,Institution         ,0.08)
(School              ,LectureNotes        ,0.08)
(School              ,Manual              ,0.08)
(School              ,Monograph           ,0.07666667)
(School              ,Conference          ,0.0)
(School              ,Misc                ,0.0)
(TechReport          ,TechReport          ,1.0)
(TechReport          ,Report              ,0.40857142)
(TechReport          ,School              ,0.31)
(TechReport          ,Booklet             ,0.22526315)
(TechReport          ,Deliverable         ,0.21142858)
(TechReport          ,Collection          ,0.1882353)
(TechReport          ,Unpublished         ,0.1882353)
(TechReport          ,Chapter             ,0.17684211)
(TechReport          ,Institution         ,0.15666667)
(TechReport          ,Date                ,0.15076923)
(TechReport          ,MastersThesis       ,0.15076923)
(TechReport          ,PhdThesis           ,0.15076923)
(TechReport          ,MotionPicture       ,0.15076923)
(TechReport          ,PersonList          ,0.14571428)
(TechReport          ,PageRange           ,0.14571428)
(TechReport          ,InCollection        ,0.1375)
(TechReport          ,Address             ,0.13411765)
(TechReport          ,Article             ,0.12266667)
(TechReport          ,InBook              ,0.1082353)
(TechReport          ,Reference           ,0.08)
(TechReport          ,LectureNotes        ,0.08)
(TechReport          ,Manual              ,0.08)
(TechReport          ,Publisher           ,0.061333336)
(TechReport          ,InProceedings       ,0.0575)
(TechReport          ,Journal             ,0.05411765)
(TechReport          ,Proceedings         ,0.05411765)
(TechReport          ,Monograph           ,0.048421055)
(TechReport          ,Conference          ,0.0)
(TechReport          ,Misc                ,0.0)
(Unpublished         ,Unpublished         ,1.0)
(Unpublished         ,InCollection        ,0.33090907)
(Unpublished         ,Report              ,0.29230767)
(Unpublished         ,Chapter             ,0.264)
(Unpublished         ,TechReport          ,0.1882353)
(Unpublished         ,Institution         ,0.18222222)
(Unpublished         ,MastersThesis       ,0.17199999)
(Unpublished         ,PhdThesis           ,0.17199999)
(Unpublished         ,MotionPicture       ,0.17199999)
(Unpublished         ,School              ,0.16363636)
(Unpublished         ,PersonList          ,0.16363636)
(Unpublished         ,PageRange           ,0.16363636)
(Unpublished         ,Deliverable         ,0.15666667)
(Unpublished         ,Article             ,0.15333334)
(Unpublished         ,InProceedings       ,0.15333334)
(Unpublished         ,Proceedings         ,0.14153847)
(Unpublished         ,Collection          ,0.14133334)
(Unpublished         ,Booklet             ,0.13111112)
(Unpublished         ,Date                ,0.11833333)
(Unpublished         ,Conference          ,0.083636366)
(Unpublished         ,Reference           ,0.08)
(Unpublished         ,LectureNotes        ,0.08)
(Unpublished         ,Address             ,0.08)
(Unpublished         ,Manual              ,0.08)
(Unpublished         ,Journal             ,0.06571429)
(Unpublished         ,InBook              ,0.061333336)
(Unpublished         ,Monograph           ,0.0575)
(Unpublished         ,Misc                ,0.0)
(Unpublished         ,Publisher           ,0.0)
(abstract            ,lastName            ,0.08)
(address             ,lastName            ,0.0)
(affiliation         ,lastName            ,0.08)
(annote              ,lastName            ,0.08)
(articles            ,lastName            ,0.08)
(author              ,lastName            ,0.0)
(book                ,lastName            ,0.0)
(chapter             ,lastName            ,0.08)
(chapters            ,lastName            ,0.08)
(city                ,lastName            ,0.46)
(collection          ,lastName            ,0.08)
(communications      ,lastName            ,0.08)
(contents            ,lastName            ,0.08)
(contract            ,lastName            ,0.08)
(copyright           ,lastName            ,0.08)
(country             ,lastName            ,0.0)
(date                ,lastName            ,0.0)
(day                 ,lastName            ,0.54)
(directors           ,lastName            ,0.08)
(edition             ,lastName            ,0.08)
(editor              ,lastName            ,0.0)
(endPage             ,lastName            ,0.0)
(event               ,lastName            ,0.0)
(firstPublished      ,lastName            ,0.08)
(howPublished        ,lastName            ,0.08)
(humanCreator        ,lastName            ,0.0)
(institution         ,lastName            ,0.08)
(isPartOf            ,lastName            ,0.0)
(isbn                ,lastName            ,0.08)
(issn                ,lastName            ,0.08)
(issue               ,lastName            ,0.0)
(journal             ,lastName            ,0.0)
(key                 ,lastName            ,0.08)
(keywords            ,lastName            ,0.08)
(language            ,lastName            ,0.08)
(lastName            ,lastName            ,0.46)
(lccn                ,lastName            ,0.08)
(location            ,lastName            ,0.0)
(month               ,lastName            ,0.46)
(mrNumber            ,lastName            ,0.08)
(name                ,lastName            ,0.46)
(note                ,lastName            ,0.0)
(number              ,lastName            ,0.08)
(numberOrVolume      ,lastName            ,0.0)
(organization        ,lastName            ,0.08)
(organizer           ,lastName            ,0.08)
(pages               ,lastName            ,0.0)
(parts               ,lastName            ,0.08)
(periodicity         ,lastName            ,0.08)
(price               ,lastName            ,0.08)
(proceedings         ,lastName            ,0.0)
(publisher           ,lastName            ,0.0)
(reviewed            ,lastName            ,0.08)
(school              ,lastName            ,0.08)
(series              ,lastName            ,0.08)
(shortName           ,lastName            ,0.46)
(size                ,lastName            ,0.08)
(startPage           ,lastName            ,0.0)
(state               ,lastName            ,0.46)
(title               ,lastName            ,0.0)
(type                ,lastName            ,0.08)
(url                 ,lastName            ,0.0)
(volume              ,lastName            ,0.08)
(year                ,lastName            ,0.46)
