############################################
Teste=228
Precisao=1.0
Recall=1.0
Encontrados=33
Esperados=33
############################################
Alinhamentos esperados:


Funcao1=similarity.structure.ConceptNameSimilarity@25cf86ca
Peso1=0.0

Funcao2=similarity.structure.DirectIndividualSimilarity@670f47e4
Peso2=0.995

Funcao3=similarity.structure.CommentTokenSimilarity@3e4f318f
Peso3=0.005

Funcao4=class similarity.FunctionContainer@FuncoesHierarquia
Peso4=0.0

Funcao5=similarity.structure.DirectSuperClassSimilarity@56fe4240
Peso5=0.21

Funcao6=similarity.structure.DirectSubClassSimilarity@f5e7783
Peso6=0.755

Funcao5=class similarity.FunctionContainer@FuncoesPropriedades
Peso5=0.0

Funcao6=similarity.structure.DirectPropertybyRangeDomainSimilarity@127331eb
Peso6=0.075

Funcao7=similarity.structure.DirectPropertybyNameSimilarity@55f7a963
Peso7=0.17

############################
#Similaridade dos recursos

(Academic            ,Academic            ,1.0)
(Academic            ,MastersThesis       ,0.998)
(Academic            ,PhdThesis           ,0.998)
(Academic            ,School              ,0.99642855)
(Academic            ,Informal            ,0.99625003)
(Academic            ,Part                ,0.9959091)
(Academic            ,Collection          ,0.9959091)
(Academic            ,Book                ,0.99583334)
(Academic            ,Chapter             ,0.99576926)
(Academic            ,TechReport          ,0.9957143)
(Academic            ,MotionPicture       ,0.9957143)
(Academic            ,Booklet             ,0.9957143)
(Academic            ,PageRange           ,0.995625)
(Academic            ,PersonList          ,0.995625)
(Academic            ,Deliverable         ,0.9955556)
(Academic            ,Date                ,0.9955)
(Academic            ,InCollection        ,0.9955)
(Academic            ,Address             ,0.99545455)
(Academic            ,Report              ,0.9954167)
(Academic            ,Unpublished         ,0.9954167)
(Academic            ,Manual              ,0.995)
(Academic            ,Institution         ,0.995)
(Academic            ,LectureNotes        ,0.995)
(Academic            ,Reference           ,0.995)
(Academic            ,Article             ,0.0011111111)
(Academic            ,Publisher           ,5.5555557E-4)
(Academic            ,InProceedings       ,5.0E-4)
(Academic            ,Journal             ,4.5454546E-4)
(Academic            ,Proceedings         ,4.5454546E-4)
(Academic            ,InBook              ,4.1666668E-4)
(Academic            ,Monograph           ,3.8461538E-4)
(Academic            ,Misc                ,0.0)
(Academic            ,Conference          ,0.0)
(Address             ,Address             ,1.0)
(Address             ,Part                ,0.99576926)
(Address             ,Collection          ,0.99576926)
(Address             ,Book                ,0.9957143)
(Address             ,Chapter             ,0.9956667)
(Address             ,School              ,0.9955)
(Address             ,PageRange           ,0.9955)
(Address             ,PersonList          ,0.9955)
(Address             ,Academic            ,0.99545455)
(Address             ,Informal            ,0.99545455)
(Address             ,Date                ,0.99545455)
(Address             ,InCollection        ,0.9954167)
(Address             ,TechReport          ,0.9952941)
(Address             ,Booklet             ,0.9952941)
(Address             ,Deliverable         ,0.995)
(Address             ,Manual              ,0.995)
(Address             ,Report              ,0.995)
(Address             ,Unpublished         ,0.995)
(Address             ,Institution         ,0.995)
(Address             ,LectureNotes        ,0.995)
(Address             ,MastersThesis       ,0.995)
(Address             ,PhdThesis           ,0.995)
(Address             ,Reference           ,0.995)
(Address             ,MotionPicture       ,0.995)
(Address             ,Journal             ,0.04887364)
(Address             ,Publisher           ,0.001)
(Address             ,Conference          ,5.0E-4)
(Address             ,Article             ,4.1666668E-4)
(Address             ,InBook              ,3.5714285E-4)
(Address             ,Misc                ,0.0)
(Address             ,Monograph           ,0.0)
(Address             ,InProceedings       ,0.0)
(Address             ,Proceedings         ,0.0)
(Article             ,Article             ,1.0)
(Article             ,Journal             ,0.04463889)
(Article             ,InProceedings       ,0.0016666667)
(Article             ,School              ,0.00125)
(Article             ,Academic            ,0.0011111111)
(Article             ,Informal            ,0.0011111111)
(Article             ,Proceedings         ,9.090909E-4)
(Article             ,Part                ,8.3333335E-4)
(Article             ,Report              ,8.3333335E-4)
(Article             ,Unpublished         ,8.3333335E-4)
(Article             ,Collection          ,8.3333335E-4)
(Article             ,Book                ,7.6923077E-4)
(Article             ,Institution         ,7.142857E-4)
(Article             ,Chapter             ,7.142857E-4)
(Article             ,TechReport          ,6.6666666E-4)
(Article             ,Booklet             ,6.6666666E-4)
(Article             ,MastersThesis       ,6.25E-4)
(Article             ,PhdThesis           ,6.25E-4)
(Article             ,MotionPicture       ,6.25E-4)
(Article             ,PageRange           ,5.5555557E-4)
(Article             ,Conference          ,5.5555557E-4)
(Article             ,PersonList          ,5.5555557E-4)
(Article             ,Deliverable         ,5.0E-4)
(Article             ,Publisher           ,5.0E-4)
(Article             ,Date                ,4.7619047E-4)
(Article             ,InCollection        ,4.5454546E-4)
(Article             ,Address             ,4.1666668E-4)
(Article             ,InBook              ,3.8461538E-4)
(Article             ,Monograph           ,3.5714285E-4)
(Article             ,Misc                ,0.0)
(Article             ,Manual              ,0.0)
(Article             ,LectureNotes        ,0.0)
(Article             ,Reference           ,0.0)
(Book                ,Book                ,1.0)
(Book                ,Collection          ,0.9977273)
(Book                ,Part                ,0.99653846)
(Book                ,Chapter             ,0.99633336)
(Book                ,InCollection        ,0.99625003)
(Book                ,School              ,0.9959091)
(Book                ,PageRange           ,0.9959091)
(Book                ,Date                ,0.9959091)
(Book                ,PersonList          ,0.9959091)
(Book                ,Academic            ,0.99583334)
(Book                ,Informal            ,0.99583334)
(Book                ,Address             ,0.9957143)
(Book                ,TechReport          ,0.9955556)
(Book                ,Booklet             ,0.9955556)
(Book                ,MastersThesis       ,0.99545455)
(Book                ,PhdThesis           ,0.99545455)
(Book                ,MotionPicture       ,0.99545455)
(Book                ,Deliverable         ,0.99538463)
(Book                ,Report              ,0.9953125)
(Book                ,Unpublished         ,0.9953125)
(Book                ,Manual              ,0.995)
(Book                ,Institution         ,0.995)
(Book                ,LectureNotes        ,0.995)
(Book                ,Reference           ,0.995)
(Book                ,InBook              ,0.0010714285)
(Book                ,Monograph           ,0.001)
(Book                ,Publisher           ,8.3333335E-4)
(Book                ,Article             ,7.6923077E-4)
(Book                ,Proceedings         ,7.142857E-4)
(Book                ,InProceedings       ,3.5714285E-4)
(Book                ,Journal             ,3.3333333E-4)
(Book                ,Misc                ,0.0)
(Book                ,Conference          ,0.0)
(Booklet             ,Booklet             ,1.0)
(Booklet             ,Collection          ,0.9959375)
(Booklet             ,TechReport          ,0.99578947)
(Booklet             ,School              ,0.99576926)
(Booklet             ,Academic            ,0.9957143)
(Booklet             ,Informal            ,0.9957143)
(Booklet             ,Date                ,0.9956)
(Booklet             ,Part                ,0.99558824)
(Booklet             ,Report              ,0.99558824)
(Booklet             ,Book                ,0.9955556)
(Booklet             ,Chapter             ,0.9955263)
(Booklet             ,Institution         ,0.9954167)
(Booklet             ,MastersThesis       ,0.99538463)
(Booklet             ,PhdThesis           ,0.99538463)
(Booklet             ,MotionPicture       ,0.99538463)
(Booklet             ,PageRange           ,0.99535716)
(Booklet             ,PersonList          ,0.99535716)
(Booklet             ,Deliverable         ,0.9953333)
(Booklet             ,InCollection        ,0.9953125)
(Booklet             ,Address             ,0.9952941)
(Booklet             ,Unpublished         ,0.99527776)
(Booklet             ,Manual              ,0.995)
(Booklet             ,LectureNotes        ,0.995)
(Booklet             ,Reference           ,0.995)
(Booklet             ,Publisher           ,7.142857E-4)
(Booklet             ,Article             ,6.6666666E-4)
(Booklet             ,Monograph           ,5.5555557E-4)
(Booklet             ,Conference          ,3.5714285E-4)
(Booklet             ,InProceedings       ,3.125E-4)
(Booklet             ,Journal             ,2.9411764E-4)
(Booklet             ,Proceedings         ,2.9411764E-4)
(Booklet             ,InBook              ,2.7777778E-4)
(Booklet             ,Misc                ,0.0)
(Chapter             ,Chapter             ,1.0)
(Chapter             ,InCollection        ,0.99727273)
(Chapter             ,Part                ,0.99642855)
(Chapter             ,Collection          ,0.99642855)
(Chapter             ,Book                ,0.99633336)
(Chapter             ,Unpublished         ,0.996)
(Chapter             ,School              ,0.99583334)
(Chapter             ,PageRange           ,0.99583334)
(Chapter             ,PersonList          ,0.99583334)
(Chapter             ,Academic            ,0.99576926)
(Chapter             ,Informal            ,0.99576926)
(Chapter             ,Address             ,0.9956667)
(Chapter             ,Date                ,0.995625)
(Chapter             ,TechReport          ,0.9955263)
(Chapter             ,Booklet             ,0.9955263)
(Chapter             ,MastersThesis       ,0.9954167)
(Chapter             ,PhdThesis           ,0.9954167)
(Chapter             ,MotionPicture       ,0.9954167)
(Chapter             ,Deliverable         ,0.99535716)
(Chapter             ,Report              ,0.9952941)
(Chapter             ,Manual              ,0.995)
(Chapter             ,Institution         ,0.995)
(Chapter             ,LectureNotes        ,0.995)
(Chapter             ,Reference           ,0.995)
(Chapter             ,InBook              ,0.001)
(Chapter             ,Publisher           ,7.6923077E-4)
(Chapter             ,Article             ,7.142857E-4)
(Chapter             ,Monograph           ,5.8823527E-4)
(Chapter             ,InProceedings       ,3.3333333E-4)
(Chapter             ,Journal             ,3.125E-4)
(Chapter             ,Proceedings         ,3.125E-4)
(Chapter             ,Misc                ,0.0)
(Chapter             ,Conference          ,0.0)
(Collection          ,Collection          ,1.0)
(Collection          ,Book                ,0.9977273)
(Collection          ,Part                ,0.99666667)
(Collection          ,Chapter             ,0.99642855)
(Collection          ,InCollection        ,0.99636364)
(Collection          ,School              ,0.996)
(Collection          ,PageRange           ,0.996)
(Collection          ,PersonList          ,0.996)
(Collection          ,Date                ,0.99595237)
(Collection          ,Booklet             ,0.9959375)
(Collection          ,Academic            ,0.9959091)
(Collection          ,Informal            ,0.9959091)
(Collection          ,Address             ,0.99576926)
(Collection          ,TechReport          ,0.99558824)
(Collection          ,MastersThesis       ,0.9955)
(Collection          ,PhdThesis           ,0.9955)
(Collection          ,MotionPicture       ,0.9955)
(Collection          ,Deliverable         ,0.9954167)
(Collection          ,Report              ,0.9953333)
(Collection          ,Unpublished         ,0.9953333)
(Collection          ,Manual              ,0.995)
(Collection          ,Institution         ,0.995)
(Collection          ,LectureNotes        ,0.995)
(Collection          ,Reference           ,0.995)
(Collection          ,Monograph           ,0.0015384615)
(Collection          ,InBook              ,0.0011538462)
(Collection          ,Publisher           ,9.090909E-4)
(Collection          ,Article             ,8.3333335E-4)
(Collection          ,InProceedings       ,3.8461538E-4)
(Collection          ,Journal             ,3.5714285E-4)
(Collection          ,Proceedings         ,3.5714285E-4)
(Collection          ,Misc                ,0.0)
(Collection          ,Conference          ,0.0)
(Conference          ,Conference          ,1.0)
(Conference          ,Journal             ,0.16202699)
(Conference          ,Institution         ,0.001)
(Conference          ,Article             ,5.5555557E-4)
(Conference          ,InProceedings       ,5.5555557E-4)
(Conference          ,Address             ,5.0E-4)
(Conference          ,Proceedings         ,5.0E-4)
(Conference          ,Report              ,4.5454546E-4)
(Conference          ,Unpublished         ,4.5454546E-4)
(Conference          ,Booklet             ,3.5714285E-4)
(Conference          ,School              ,0.0)
(Conference          ,Misc                ,0.0)
(Conference          ,Deliverable         ,0.0)
(Conference          ,Manual              ,0.0)
(Conference          ,Part                ,0.0)
(Conference          ,Monograph           ,0.0)
(Conference          ,Academic            ,0.0)
(Conference          ,LectureNotes        ,0.0)
(Conference          ,Collection          ,0.0)
(Conference          ,TechReport          ,0.0)
(Conference          ,MastersThesis       ,0.0)
(Conference          ,PageRange           ,0.0)
(Conference          ,InBook              ,0.0)
(Conference          ,Book                ,0.0)
(Conference          ,PhdThesis           ,0.0)
(Conference          ,Reference           ,0.0)
(Conference          ,Chapter             ,0.0)
(Conference          ,Informal            ,0.0)
(Conference          ,Date                ,0.0)
(Conference          ,MotionPicture       ,0.0)
(Conference          ,InCollection        ,0.0)
(Conference          ,PersonList          ,0.0)
(Conference          ,Publisher           ,0.0)
(Date                ,Date                ,1.0)
(Date                ,Collection          ,0.99595237)
(Date                ,Book                ,0.9959091)
(Date                ,Part                ,0.9956818)
(Date                ,Chapter             ,0.995625)
(Date                ,Booklet             ,0.9956)
(Date                ,School              ,0.9955263)
(Date                ,PageRange           ,0.9955263)
(Date                ,PersonList          ,0.9955263)
(Date                ,Academic            ,0.9955)
(Date                ,Informal            ,0.9955)
(Date                ,InCollection        ,0.9954762)
(Date                ,Address             ,0.99545455)
(Date                ,TechReport          ,0.99538463)
(Date                ,MastersThesis       ,0.99526316)
(Date                ,PhdThesis           ,0.99526316)
(Date                ,MotionPicture       ,0.99526316)
(Date                ,Deliverable         ,0.9952381)
(Date                ,Report              ,0.9952083)
(Date                ,Unpublished         ,0.9952083)
(Date                ,Manual              ,0.995)
(Date                ,Institution         ,0.995)
(Date                ,LectureNotes        ,0.995)
(Date                ,Reference           ,0.995)
(Date                ,Publisher           ,5.0E-4)
(Date                ,Article             ,4.7619047E-4)
(Date                ,Proceedings         ,4.5454546E-4)
(Date                ,InBook              ,4.3478262E-4)
(Date                ,Monograph           ,4.1666668E-4)
(Date                ,InProceedings       ,2.2727273E-4)
(Date                ,Journal             ,2.1739131E-4)
(Date                ,Misc                ,0.0)
(Date                ,Conference          ,0.0)
(Deliverable         ,Deliverable         ,1.0)
(Deliverable         ,Report              ,0.9959091)
(Deliverable         ,TechReport          ,0.9957143)
(Deliverable         ,MastersThesis       ,0.9957143)
(Deliverable         ,PhdThesis           ,0.9957143)
(Deliverable         ,MotionPicture       ,0.9957143)
(Deliverable         ,School              ,0.995625)
(Deliverable         ,PageRange           ,0.995625)
(Deliverable         ,PersonList          ,0.995625)
(Deliverable         ,Academic            ,0.9955556)
(Deliverable         ,Informal            ,0.9955556)
(Deliverable         ,InCollection        ,0.9955)
(Deliverable         ,Part                ,0.9954167)
(Deliverable         ,Unpublished         ,0.9954167)
(Deliverable         ,Collection          ,0.9954167)
(Deliverable         ,Book                ,0.99538463)
(Deliverable         ,Chapter             ,0.99535716)
(Deliverable         ,Booklet             ,0.9953333)
(Deliverable         ,Date                ,0.9952381)
(Deliverable         ,Address             ,0.995)
(Deliverable         ,Manual              ,0.995)
(Deliverable         ,Institution         ,0.995)
(Deliverable         ,LectureNotes        ,0.995)
(Deliverable         ,Reference           ,0.995)
(Deliverable         ,Article             ,5.0E-4)
(Deliverable         ,InProceedings       ,5.0E-4)
(Deliverable         ,Journal             ,4.5454546E-4)
(Deliverable         ,Proceedings         ,4.5454546E-4)
(Deliverable         ,InBook              ,4.1666668E-4)
(Deliverable         ,Monograph           ,3.8461538E-4)
(Deliverable         ,Misc                ,0.0)
(Deliverable         ,Conference          ,0.0)
(Deliverable         ,Publisher           ,0.0)
(InBook              ,InBook              ,1.0)
(InBook              ,Journal             ,0.08590609)
(InBook              ,PageRange           ,0.0025)
(InBook              ,InCollection        ,0.0013636363)
(InBook              ,Part                ,0.0011538462)
(InBook              ,Collection          ,0.0011538462)
(InBook              ,Book                ,0.0010714285)
(InBook              ,Chapter             ,0.001)
(InBook              ,PersonList          ,0.001)
(InBook              ,Report              ,7.142857E-4)
(InBook              ,Monograph           ,6.6666666E-4)
(InBook              ,TechReport          ,5.8823527E-4)
(InBook              ,MastersThesis       ,5.0E-4)
(InBook              ,PhdThesis           ,5.0E-4)
(InBook              ,MotionPicture       ,5.0E-4)
(InBook              ,School              ,4.5454546E-4)
(InBook              ,Date                ,4.3478262E-4)
(InBook              ,Deliverable         ,4.1666668E-4)
(InBook              ,Academic            ,4.1666668E-4)
(InBook              ,Informal            ,4.1666668E-4)
(InBook              ,Publisher           ,4.1666668E-4)
(InBook              ,Article             ,3.8461538E-4)
(InBook              ,InProceedings       ,3.8461538E-4)
(InBook              ,Address             ,3.5714285E-4)
(InBook              ,Proceedings         ,3.5714285E-4)
(InBook              ,Unpublished         ,3.3333333E-4)
(InBook              ,Booklet             ,2.7777778E-4)
(InBook              ,Misc                ,0.0)
(InBook              ,Manual              ,0.0)
(InBook              ,Institution         ,0.0)
(InBook              ,LectureNotes        ,0.0)
(InBook              ,Reference           ,0.0)
(InBook              ,Conference          ,0.0)
(InCollection        ,InCollection        ,1.0)
(InCollection        ,Chapter             ,0.99727273)
(InCollection        ,Part                ,0.997)
(InCollection        ,Unpublished         ,0.99636364)
(InCollection        ,Collection          ,0.99636364)
(InCollection        ,PageRange           ,0.99625003)
(InCollection        ,Book                ,0.99625003)
(InCollection        ,PersonList          ,0.99625003)
(InCollection        ,MastersThesis       ,0.995625)
(InCollection        ,PhdThesis           ,0.995625)
(InCollection        ,MotionPicture       ,0.995625)
(InCollection        ,School              ,0.9955556)
(InCollection        ,Deliverable         ,0.9955)
(InCollection        ,Academic            ,0.9955)
(InCollection        ,Informal            ,0.9955)
(InCollection        ,Date                ,0.9954762)
(InCollection        ,Address             ,0.9954167)
(InCollection        ,Report              ,0.99538463)
(InCollection        ,TechReport          ,0.9953125)
(InCollection        ,Booklet             ,0.9953125)
(InCollection        ,Manual              ,0.995)
(InCollection        ,Institution         ,0.995)
(InCollection        ,LectureNotes        ,0.995)
(InCollection        ,Reference           ,0.995)
(InCollection        ,InBook              ,0.0013636363)
(InCollection        ,Monograph           ,7.6923077E-4)
(InCollection        ,Publisher           ,5.0E-4)
(InCollection        ,Article             ,4.5454546E-4)
(InCollection        ,InProceedings       ,4.5454546E-4)
(InCollection        ,Journal             ,4.1666668E-4)
(InCollection        ,Proceedings         ,4.1666668E-4)
(InCollection        ,Misc                ,0.0)
(InCollection        ,Conference          ,0.0)
(InProceedings       ,InProceedings       ,1.0)
(InProceedings       ,Journal             ,0.053948026)
(InProceedings       ,Article             ,0.0016666667)
(InProceedings       ,Proceedings         ,0.0015)
(InProceedings       ,Report              ,8.3333335E-4)
(InProceedings       ,Unpublished         ,8.3333335E-4)
(InProceedings       ,Institution         ,7.142857E-4)
(InProceedings       ,MastersThesis       ,6.25E-4)
(InProceedings       ,PhdThesis           ,6.25E-4)
(InProceedings       ,MotionPicture       ,6.25E-4)
(InProceedings       ,School              ,5.5555557E-4)
(InProceedings       ,PageRange           ,5.5555557E-4)
(InProceedings       ,Conference          ,5.5555557E-4)
(InProceedings       ,PersonList          ,5.5555557E-4)
(InProceedings       ,Deliverable         ,5.0E-4)
(InProceedings       ,Academic            ,5.0E-4)
(InProceedings       ,Informal            ,5.0E-4)
(InProceedings       ,InCollection        ,4.5454546E-4)
(InProceedings       ,Part                ,3.8461538E-4)
(InProceedings       ,Collection          ,3.8461538E-4)
(InProceedings       ,InBook              ,3.8461538E-4)
(InProceedings       ,Monograph           ,3.5714285E-4)
(InProceedings       ,Book                ,3.5714285E-4)
(InProceedings       ,Chapter             ,3.3333333E-4)
(InProceedings       ,TechReport          ,3.125E-4)
(InProceedings       ,Booklet             ,3.125E-4)
(InProceedings       ,Date                ,2.2727273E-4)
(InProceedings       ,Misc                ,0.0)
(InProceedings       ,Address             ,0.0)
(InProceedings       ,Manual              ,0.0)
(InProceedings       ,LectureNotes        ,0.0)
(InProceedings       ,Reference           ,0.0)
(InProceedings       ,Publisher           ,0.0)
(Informal            ,Informal            ,1.0)
(Informal            ,Unpublished         ,0.9965)
(Informal            ,School              ,0.99642855)
(Informal            ,Academic            ,0.99625003)
(Informal            ,TechReport          ,0.99615383)
(Informal            ,Part                ,0.9959091)
(Informal            ,Report              ,0.9959091)
(Informal            ,Collection          ,0.9959091)
(Informal            ,Book                ,0.99583334)
(Informal            ,Chapter             ,0.99576926)
(Informal            ,MastersThesis       ,0.9957143)
(Informal            ,PhdThesis           ,0.9957143)
(Informal            ,MotionPicture       ,0.9957143)
(Informal            ,Booklet             ,0.9957143)
(Informal            ,PageRange           ,0.995625)
(Informal            ,PersonList          ,0.995625)
(Informal            ,Deliverable         ,0.9955556)
(Informal            ,Date                ,0.9955)
(Informal            ,InCollection        ,0.9955)
(Informal            ,Address             ,0.99545455)
(Informal            ,Manual              ,0.995)
(Informal            ,Institution         ,0.995)
(Informal            ,LectureNotes        ,0.995)
(Informal            ,Reference           ,0.995)
(Informal            ,Article             ,0.0011111111)
(Informal            ,Publisher           ,5.5555557E-4)
(Informal            ,InProceedings       ,5.0E-4)
(Informal            ,Journal             ,4.5454546E-4)
(Informal            ,Proceedings         ,4.5454546E-4)
(Informal            ,InBook              ,4.1666668E-4)
(Informal            ,Monograph           ,3.8461538E-4)
(Informal            ,Misc                ,0.0)
(Informal            ,Conference          ,0.0)
(Institution         ,Institution         ,1.0)
(Institution         ,Report              ,0.99625003)
(Institution         ,Unpublished         ,0.9955556)
(Institution         ,TechReport          ,0.9954167)
(Institution         ,Booklet             ,0.9954167)
(Institution         ,School              ,0.995)
(Institution         ,Address             ,0.995)
(Institution         ,Deliverable         ,0.995)
(Institution         ,Manual              ,0.995)
(Institution         ,Part                ,0.995)
(Institution         ,Academic            ,0.995)
(Institution         ,LectureNotes        ,0.995)
(Institution         ,Collection          ,0.995)
(Institution         ,MastersThesis       ,0.995)
(Institution         ,PageRange           ,0.995)
(Institution         ,Book                ,0.995)
(Institution         ,PhdThesis           ,0.995)
(Institution         ,Reference           ,0.995)
(Institution         ,Chapter             ,0.995)
(Institution         ,Informal            ,0.995)
(Institution         ,Date                ,0.995)
(Institution         ,MotionPicture       ,0.995)
(Institution         ,InCollection        ,0.995)
(Institution         ,PersonList          ,0.995)
(Institution         ,Conference          ,0.001)
(Institution         ,Article             ,7.142857E-4)
(Institution         ,InProceedings       ,7.142857E-4)
(Institution         ,Proceedings         ,6.25E-4)
(Institution         ,Misc                ,0.0)
(Institution         ,Monograph           ,0.0)
(Institution         ,Journal             ,0.0)
(Institution         ,InBook              ,0.0)
(Institution         ,Publisher           ,0.0)
(Journal             ,Journal             ,1.0)
(Journal             ,MastersThesis       ,5.5555557E-4)
(Journal             ,PhdThesis           ,5.5555557E-4)
(Journal             ,MotionPicture       ,5.5555557E-4)
(Journal             ,School              ,5.0E-4)
(Journal             ,PageRange           ,5.0E-4)
(Journal             ,PersonList          ,5.0E-4)
(Journal             ,Deliverable         ,4.5454546E-4)
(Journal             ,Academic            ,4.5454546E-4)
(Journal             ,Informal            ,4.5454546E-4)
(Journal             ,Article             ,4.1666668E-4)
(Journal             ,InProceedings       ,4.1666668E-4)
(Journal             ,InCollection        ,4.1666668E-4)
(Journal             ,Proceedings         ,3.8461538E-4)
(Journal             ,Part                ,3.5714285E-4)
(Journal             ,Report              ,3.5714285E-4)
(Journal             ,Unpublished         ,3.5714285E-4)
(Journal             ,Collection          ,3.5714285E-4)
(Journal             ,InBook              ,3.5714285E-4)
(Journal             ,Monograph           ,3.3333333E-4)
(Journal             ,Book                ,3.3333333E-4)
(Journal             ,Chapter             ,3.125E-4)
(Journal             ,TechReport          ,2.9411764E-4)
(Journal             ,Booklet             ,2.9411764E-4)
(Journal             ,Date                ,2.1739131E-4)
(Journal             ,Misc                ,0.0)
(Journal             ,Address             ,0.0)
(Journal             ,Manual              ,0.0)
(Journal             ,Institution         ,0.0)
(Journal             ,LectureNotes        ,0.0)
(Journal             ,Reference           ,0.0)
(Journal             ,Conference          ,0.0)
(Journal             ,Publisher           ,0.0)
(LectureNotes        ,LectureNotes        ,1.0)
(LectureNotes        ,School              ,0.995)
(LectureNotes        ,Address             ,0.995)
(LectureNotes        ,Deliverable         ,0.995)
(LectureNotes        ,Manual              ,0.995)
(LectureNotes        ,Part                ,0.995)
(LectureNotes        ,Report              ,0.995)
(LectureNotes        ,Unpublished         ,0.995)
(LectureNotes        ,Academic            ,0.995)
(LectureNotes        ,Institution         ,0.995)
(LectureNotes        ,Collection          ,0.995)
(LectureNotes        ,TechReport          ,0.995)
(LectureNotes        ,MastersThesis       ,0.995)
(LectureNotes        ,PageRange           ,0.995)
(LectureNotes        ,Book                ,0.995)
(LectureNotes        ,PhdThesis           ,0.995)
(LectureNotes        ,Reference           ,0.995)
(LectureNotes        ,Chapter             ,0.995)
(LectureNotes        ,Informal            ,0.995)
(LectureNotes        ,Date                ,0.995)
(LectureNotes        ,MotionPicture       ,0.995)
(LectureNotes        ,InCollection        ,0.995)
(LectureNotes        ,PersonList          ,0.995)
(LectureNotes        ,Booklet             ,0.995)
(LectureNotes        ,Misc                ,0.0)
(LectureNotes        ,Article             ,0.0)
(LectureNotes        ,Monograph           ,0.0)
(LectureNotes        ,Journal             ,0.0)
(LectureNotes        ,InBook              ,0.0)
(LectureNotes        ,InProceedings       ,0.0)
(LectureNotes        ,Proceedings         ,0.0)
(LectureNotes        ,Conference          ,0.0)
(LectureNotes        ,Publisher           ,0.0)
(Manual              ,Manual              ,1.0)
(Manual              ,School              ,0.995)
(Manual              ,Address             ,0.995)
(Manual              ,Deliverable         ,0.995)
(Manual              ,Part                ,0.995)
(Manual              ,Report              ,0.995)
(Manual              ,Unpublished         ,0.995)
(Manual              ,Academic            ,0.995)
(Manual              ,Institution         ,0.995)
(Manual              ,LectureNotes        ,0.995)
(Manual              ,Collection          ,0.995)
(Manual              ,TechReport          ,0.995)
(Manual              ,MastersThesis       ,0.995)
(Manual              ,PageRange           ,0.995)
(Manual              ,Book                ,0.995)
(Manual              ,PhdThesis           ,0.995)
(Manual              ,Reference           ,0.995)
(Manual              ,Chapter             ,0.995)
(Manual              ,Informal            ,0.995)
(Manual              ,Date                ,0.995)
(Manual              ,MotionPicture       ,0.995)
(Manual              ,InCollection        ,0.995)
(Manual              ,PersonList          ,0.995)
(Manual              ,Booklet             ,0.995)
(Manual              ,Misc                ,0.0)
(Manual              ,Article             ,0.0)
(Manual              ,Monograph           ,0.0)
(Manual              ,Journal             ,0.0)
(Manual              ,InBook              ,0.0)
(Manual              ,InProceedings       ,0.0)
(Manual              ,Proceedings         ,0.0)
(Manual              ,Conference          ,0.0)
(Manual              ,Publisher           ,0.0)
(MastersThesis       ,MastersThesis       ,1.0)
(MastersThesis       ,Academic            ,0.998)
(MastersThesis       ,PhdThesis           ,0.9975)
(MastersThesis       ,MotionPicture       ,0.996)
(MastersThesis       ,School              ,0.99583334)
(MastersThesis       ,PageRange           ,0.99583334)
(MastersThesis       ,PersonList          ,0.99583334)
(MastersThesis       ,Deliverable         ,0.9957143)
(MastersThesis       ,Informal            ,0.9957143)
(MastersThesis       ,InCollection        ,0.995625)
(MastersThesis       ,Part                ,0.9955)
(MastersThesis       ,Report              ,0.9955)
(MastersThesis       ,Unpublished         ,0.9955)
(MastersThesis       ,Collection          ,0.9955)
(MastersThesis       ,Book                ,0.99545455)
(MastersThesis       ,Chapter             ,0.9954167)
(MastersThesis       ,TechReport          ,0.99538463)
(MastersThesis       ,Booklet             ,0.99538463)
(MastersThesis       ,Date                ,0.99526316)
(MastersThesis       ,Address             ,0.995)
(MastersThesis       ,Manual              ,0.995)
(MastersThesis       ,Institution         ,0.995)
(MastersThesis       ,LectureNotes        ,0.995)
(MastersThesis       ,Reference           ,0.995)
(MastersThesis       ,Article             ,6.25E-4)
(MastersThesis       ,InProceedings       ,6.25E-4)
(MastersThesis       ,Journal             ,5.5555557E-4)
(MastersThesis       ,Proceedings         ,5.5555557E-4)
(MastersThesis       ,InBook              ,5.0E-4)
(MastersThesis       ,Monograph           ,4.5454546E-4)
(MastersThesis       ,Misc                ,0.0)
(MastersThesis       ,Conference          ,0.0)
(MastersThesis       ,Publisher           ,0.0)
(Misc                ,Misc                ,1.0)
(Misc                ,Journal             ,0.1692177)
(Misc                ,School              ,0.0)
(Misc                ,Address             ,0.0)
(Misc                ,Deliverable         ,0.0)
(Misc                ,Article             ,0.0)
(Misc                ,Manual              ,0.0)
(Misc                ,Part                ,0.0)
(Misc                ,Monograph           ,0.0)
(Misc                ,Report              ,0.0)
(Misc                ,Unpublished         ,0.0)
(Misc                ,Academic            ,0.0)
(Misc                ,Institution         ,0.0)
(Misc                ,LectureNotes        ,0.0)
(Misc                ,Collection          ,0.0)
(Misc                ,TechReport          ,0.0)
(Misc                ,MastersThesis       ,0.0)
(Misc                ,PageRange           ,0.0)
(Misc                ,InBook              ,0.0)
(Misc                ,Book                ,0.0)
(Misc                ,PhdThesis           ,0.0)
(Misc                ,Reference           ,0.0)
(Misc                ,Chapter             ,0.0)
(Misc                ,InProceedings       ,0.0)
(Misc                ,Proceedings         ,0.0)
(Misc                ,Conference          ,0.0)
(Misc                ,Informal            ,0.0)
(Misc                ,Date                ,0.0)
(Misc                ,MotionPicture       ,0.0)
(Misc                ,InCollection        ,0.0)
(Misc                ,PersonList          ,0.0)
(Misc                ,Publisher           ,0.0)
(Misc                ,Booklet             ,0.0)
(Monograph           ,Monograph           ,1.0)
(Monograph           ,Journal             ,0.19775397)
(Monograph           ,Collection          ,0.0015384615)
(Monograph           ,Book                ,0.001)
(Monograph           ,InCollection        ,7.6923077E-4)
(Monograph           ,Part                ,6.6666666E-4)
(Monograph           ,InBook              ,6.6666666E-4)
(Monograph           ,Chapter             ,5.8823527E-4)
(Monograph           ,Booklet             ,5.5555557E-4)
(Monograph           ,MastersThesis       ,4.5454546E-4)
(Monograph           ,PhdThesis           ,4.5454546E-4)
(Monograph           ,MotionPicture       ,4.5454546E-4)
(Monograph           ,School              ,4.1666668E-4)
(Monograph           ,PageRange           ,4.1666668E-4)
(Monograph           ,Date                ,4.1666668E-4)
(Monograph           ,PersonList          ,4.1666668E-4)
(Monograph           ,Deliverable         ,3.8461538E-4)
(Monograph           ,Academic            ,3.8461538E-4)
(Monograph           ,Informal            ,3.8461538E-4)
(Monograph           ,Article             ,3.5714285E-4)
(Monograph           ,InProceedings       ,3.5714285E-4)
(Monograph           ,Proceedings         ,3.3333333E-4)
(Monograph           ,Report              ,3.125E-4)
(Monograph           ,Unpublished         ,3.125E-4)
(Monograph           ,TechReport          ,2.6315788E-4)
(Monograph           ,Misc                ,0.0)
(Monograph           ,Address             ,0.0)
(Monograph           ,Manual              ,0.0)
(Monograph           ,Institution         ,0.0)
(Monograph           ,LectureNotes        ,0.0)
(Monograph           ,Reference           ,0.0)
(Monograph           ,Conference          ,0.0)
(Monograph           ,Publisher           ,0.0)
(MotionPicture       ,MotionPicture       ,1.0)
(MotionPicture       ,MastersThesis       ,0.996)
(MotionPicture       ,PhdThesis           ,0.996)
(MotionPicture       ,School              ,0.99583334)
(MotionPicture       ,PageRange           ,0.99583334)
(MotionPicture       ,PersonList          ,0.99583334)
(MotionPicture       ,Deliverable         ,0.9957143)
(MotionPicture       ,Academic            ,0.9957143)
(MotionPicture       ,Informal            ,0.9957143)
(MotionPicture       ,InCollection        ,0.995625)
(MotionPicture       ,Part                ,0.9955)
(MotionPicture       ,Report              ,0.9955)
(MotionPicture       ,Unpublished         ,0.9955)
(MotionPicture       ,Collection          ,0.9955)
(MotionPicture       ,Book                ,0.99545455)
(MotionPicture       ,Chapter             ,0.9954167)
(MotionPicture       ,TechReport          ,0.99538463)
(MotionPicture       ,Booklet             ,0.99538463)
(MotionPicture       ,Date                ,0.99526316)
(MotionPicture       ,Address             ,0.995)
(MotionPicture       ,Manual              ,0.995)
(MotionPicture       ,Institution         ,0.995)
(MotionPicture       ,LectureNotes        ,0.995)
(MotionPicture       ,Reference           ,0.995)
(MotionPicture       ,Article             ,6.25E-4)
(MotionPicture       ,InProceedings       ,6.25E-4)
(MotionPicture       ,Journal             ,5.5555557E-4)
(MotionPicture       ,Proceedings         ,5.5555557E-4)
(MotionPicture       ,InBook              ,5.0E-4)
(MotionPicture       ,Monograph           ,4.5454546E-4)
(MotionPicture       ,Misc                ,0.0)
(MotionPicture       ,Conference          ,0.0)
(MotionPicture       ,Publisher           ,0.0)
(PageRange           ,PageRange           ,1.0)
(PageRange           ,PersonList          ,0.99666667)
(PageRange           ,InCollection        ,0.99625003)
(PageRange           ,Part                ,0.996)
(PageRange           ,Collection          ,0.996)
(PageRange           ,Book                ,0.9959091)
(PageRange           ,MastersThesis       ,0.99583334)
(PageRange           ,PhdThesis           ,0.99583334)
(PageRange           ,Chapter             ,0.99583334)
(PageRange           ,MotionPicture       ,0.99583334)
(PageRange           ,School              ,0.9957143)
(PageRange           ,Deliverable         ,0.995625)
(PageRange           ,Academic            ,0.995625)
(PageRange           ,Informal            ,0.995625)
(PageRange           ,Date                ,0.9955263)
(PageRange           ,Address             ,0.9955)
(PageRange           ,Report              ,0.99545455)
(PageRange           ,Unpublished         ,0.99545455)
(PageRange           ,TechReport          ,0.99535716)
(PageRange           ,Booklet             ,0.99535716)
(PageRange           ,Manual              ,0.995)
(PageRange           ,Institution         ,0.995)
(PageRange           ,LectureNotes        ,0.995)
(PageRange           ,Reference           ,0.995)
(PageRange           ,Journal             ,0.13895081)
(PageRange           ,InBook              ,0.0025)
(PageRange           ,Publisher           ,6.25E-4)
(PageRange           ,Article             ,5.5555557E-4)
(PageRange           ,InProceedings       ,5.5555557E-4)
(PageRange           ,Proceedings         ,5.0E-4)
(PageRange           ,Monograph           ,4.1666668E-4)
(PageRange           ,Misc                ,0.0)
(PageRange           ,Conference          ,0.0)
(Part                ,Part                ,1.0)
(Part                ,InCollection        ,0.997)
(Part                ,Collection          ,0.99666667)
(Part                ,Book                ,0.99653846)
(Part                ,Chapter             ,0.99642855)
(Part                ,School              ,0.996)
(Part                ,PageRange           ,0.996)
(Part                ,PersonList          ,0.996)
(Part                ,Academic            ,0.9959091)
(Part                ,Informal            ,0.9959091)
(Part                ,Address             ,0.99576926)
(Part                ,Date                ,0.9956818)
(Part                ,TechReport          ,0.99558824)
(Part                ,Booklet             ,0.99558824)
(Part                ,MastersThesis       ,0.9955)
(Part                ,PhdThesis           ,0.9955)
(Part                ,MotionPicture       ,0.9955)
(Part                ,Deliverable         ,0.9954167)
(Part                ,Report              ,0.9953333)
(Part                ,Unpublished         ,0.9953333)
(Part                ,Manual              ,0.995)
(Part                ,Institution         ,0.995)
(Part                ,LectureNotes        ,0.995)
(Part                ,Reference           ,0.995)
(Part                ,InBook              ,0.0011538462)
(Part                ,Publisher           ,9.090909E-4)
(Part                ,Article             ,8.3333335E-4)
(Part                ,Monograph           ,6.6666666E-4)
(Part                ,InProceedings       ,3.8461538E-4)
(Part                ,Journal             ,3.5714285E-4)
(Part                ,Proceedings         ,3.5714285E-4)
(Part                ,Misc                ,0.0)
(Part                ,Conference          ,0.0)
(PersonList          ,PersonList          ,1.0)
(PersonList          ,PageRange           ,0.99666667)
(PersonList          ,InCollection        ,0.99625003)
(PersonList          ,Part                ,0.996)
(PersonList          ,Collection          ,0.996)
(PersonList          ,Book                ,0.9959091)
(PersonList          ,MastersThesis       ,0.99583334)
(PersonList          ,PhdThesis           ,0.99583334)
(PersonList          ,Chapter             ,0.99583334)
(PersonList          ,MotionPicture       ,0.99583334)
(PersonList          ,School              ,0.9957143)
(PersonList          ,Deliverable         ,0.995625)
(PersonList          ,Academic            ,0.995625)
(PersonList          ,Informal            ,0.995625)
(PersonList          ,Date                ,0.9955263)
(PersonList          ,Address             ,0.9955)
(PersonList          ,Report              ,0.99545455)
(PersonList          ,Unpublished         ,0.99545455)
(PersonList          ,TechReport          ,0.99535716)
(PersonList          ,Booklet             ,0.99535716)
(PersonList          ,Manual              ,0.995)
(PersonList          ,Institution         ,0.995)
(PersonList          ,LectureNotes        ,0.995)
(PersonList          ,Reference           ,0.995)
(PersonList          ,Article             ,0.5999531)
(PersonList          ,Journal             ,0.48001805)
(PersonList          ,InProceedings       ,0.45978633)
(PersonList          ,Proceedings         ,0.45973077)
(PersonList          ,Conference          ,0.45923078)
(PersonList          ,Publisher           ,0.35598212)
(PersonList          ,InBook              ,0.21270214)
(PersonList          ,Monograph           ,0.2121188)
(PersonList          ,Misc                ,0.21170214)
(PhdThesis           ,PhdThesis           ,1.0)
(PhdThesis           ,Academic            ,0.998)
(PhdThesis           ,MastersThesis       ,0.9975)
(PhdThesis           ,MotionPicture       ,0.996)
(PhdThesis           ,School              ,0.99583334)
(PhdThesis           ,PageRange           ,0.99583334)
(PhdThesis           ,PersonList          ,0.99583334)
(PhdThesis           ,Deliverable         ,0.9957143)
(PhdThesis           ,Informal            ,0.9957143)
(PhdThesis           ,InCollection        ,0.995625)
(PhdThesis           ,Part                ,0.9955)
(PhdThesis           ,Report              ,0.9955)
(PhdThesis           ,Unpublished         ,0.9955)
(PhdThesis           ,Collection          ,0.9955)
(PhdThesis           ,Book                ,0.99545455)
(PhdThesis           ,Chapter             ,0.9954167)
(PhdThesis           ,TechReport          ,0.99538463)
(PhdThesis           ,Booklet             ,0.99538463)
(PhdThesis           ,Date                ,0.99526316)
(PhdThesis           ,Address             ,0.995)
(PhdThesis           ,Manual              ,0.995)
(PhdThesis           ,Institution         ,0.995)
(PhdThesis           ,LectureNotes        ,0.995)
(PhdThesis           ,Reference           ,0.995)
(PhdThesis           ,Article             ,6.25E-4)
(PhdThesis           ,InProceedings       ,6.25E-4)
(PhdThesis           ,Journal             ,5.5555557E-4)
(PhdThesis           ,Proceedings         ,5.5555557E-4)
(PhdThesis           ,InBook              ,5.0E-4)
(PhdThesis           ,Monograph           ,4.5454546E-4)
(PhdThesis           ,Misc                ,0.0)
(PhdThesis           ,Conference          ,0.0)
(PhdThesis           ,Publisher           ,0.0)
(Proceedings         ,Proceedings         ,1.0)
(Proceedings         ,Journal             ,0.08675614)
(Proceedings         ,InProceedings       ,0.0015)
(Proceedings         ,Article             ,9.090909E-4)
(Proceedings         ,Report              ,7.6923077E-4)
(Proceedings         ,Unpublished         ,7.6923077E-4)
(Proceedings         ,Book                ,7.142857E-4)
(Proceedings         ,Institution         ,6.25E-4)
(Proceedings         ,MastersThesis       ,5.5555557E-4)
(Proceedings         ,PhdThesis           ,5.5555557E-4)
(Proceedings         ,MotionPicture       ,5.5555557E-4)
(Proceedings         ,School              ,5.0E-4)
(Proceedings         ,PageRange           ,5.0E-4)
(Proceedings         ,Conference          ,5.0E-4)
(Proceedings         ,PersonList          ,5.0E-4)
(Proceedings         ,Deliverable         ,4.5454546E-4)
(Proceedings         ,Academic            ,4.5454546E-4)
(Proceedings         ,Informal            ,4.5454546E-4)
(Proceedings         ,Date                ,4.5454546E-4)
(Proceedings         ,InCollection        ,4.1666668E-4)
(Proceedings         ,Part                ,3.5714285E-4)
(Proceedings         ,Collection          ,3.5714285E-4)
(Proceedings         ,InBook              ,3.5714285E-4)
(Proceedings         ,Monograph           ,3.3333333E-4)
(Proceedings         ,Chapter             ,3.125E-4)
(Proceedings         ,TechReport          ,2.9411764E-4)
(Proceedings         ,Booklet             ,2.9411764E-4)
(Proceedings         ,Misc                ,0.0)
(Proceedings         ,Address             ,0.0)
(Proceedings         ,Manual              ,0.0)
(Proceedings         ,LectureNotes        ,0.0)
(Proceedings         ,Reference           ,0.0)
(Proceedings         ,Publisher           ,0.0)
(Publisher           ,Publisher           ,1.0)
(Publisher           ,Journal             ,0.22941372)
(Publisher           ,Address             ,0.001)
(Publisher           ,Part                ,9.090909E-4)
(Publisher           ,Collection          ,9.090909E-4)
(Publisher           ,Book                ,8.3333335E-4)
(Publisher           ,Chapter             ,7.6923077E-4)
(Publisher           ,Booklet             ,7.142857E-4)
(Publisher           ,School              ,6.25E-4)
(Publisher           ,PageRange           ,6.25E-4)
(Publisher           ,PersonList          ,6.25E-4)
(Publisher           ,Academic            ,5.5555557E-4)
(Publisher           ,Informal            ,5.5555557E-4)
(Publisher           ,Article             ,5.0E-4)
(Publisher           ,Date                ,5.0E-4)
(Publisher           ,InCollection        ,5.0E-4)
(Publisher           ,InBook              ,4.1666668E-4)
(Publisher           ,TechReport          ,3.3333333E-4)
(Publisher           ,Misc                ,0.0)
(Publisher           ,Deliverable         ,0.0)
(Publisher           ,Manual              ,0.0)
(Publisher           ,Monograph           ,0.0)
(Publisher           ,Report              ,0.0)
(Publisher           ,Unpublished         ,0.0)
(Publisher           ,Institution         ,0.0)
(Publisher           ,LectureNotes        ,0.0)
(Publisher           ,MastersThesis       ,0.0)
(Publisher           ,PhdThesis           ,0.0)
(Publisher           ,Reference           ,0.0)
(Publisher           ,InProceedings       ,0.0)
(Publisher           ,Proceedings         ,0.0)
(Publisher           ,Conference          ,0.0)
(Publisher           ,MotionPicture       ,0.0)
(Reference           ,Conference          ,0.94761914)
(Reference           ,Journal             ,0.19537169)
(Reference           ,Reference           ,0.005)
(Reference           ,School              ,0.0)
(Reference           ,Misc                ,0.0)
(Reference           ,Address             ,0.0)
(Reference           ,Deliverable         ,0.0)
(Reference           ,Article             ,0.0)
(Reference           ,Manual              ,0.0)
(Reference           ,Part                ,0.0)
(Reference           ,Monograph           ,0.0)
(Reference           ,Report              ,0.0)
(Reference           ,Unpublished         ,0.0)
(Reference           ,Academic            ,0.0)
(Reference           ,Institution         ,0.0)
(Reference           ,LectureNotes        ,0.0)
(Reference           ,Collection          ,0.0)
(Reference           ,TechReport          ,0.0)
(Reference           ,MastersThesis       ,0.0)
(Reference           ,PageRange           ,0.0)
(Reference           ,InBook              ,0.0)
(Reference           ,Book                ,0.0)
(Reference           ,PhdThesis           ,0.0)
(Reference           ,Chapter             ,0.0)
(Reference           ,InProceedings       ,0.0)
(Reference           ,Proceedings         ,0.0)
(Reference           ,Informal            ,0.0)
(Reference           ,Date                ,0.0)
(Reference           ,MotionPicture       ,0.0)
(Reference           ,InCollection        ,0.0)
(Reference           ,PersonList          ,0.0)
(Reference           ,Publisher           ,0.0)
(Reference           ,Booklet             ,0.0)
(Report              ,Report              ,1.0)
(Report              ,TechReport          ,0.9967857)
(Report              ,Institution         ,0.99625003)
(Report              ,Unpublished         ,0.99615383)
(Report              ,Deliverable         ,0.9959091)
(Report              ,Informal            ,0.9959091)
(Report              ,Booklet             ,0.99558824)
(Report              ,MastersThesis       ,0.9955)
(Report              ,PhdThesis           ,0.9955)
(Report              ,MotionPicture       ,0.9955)
(Report              ,School              ,0.99545455)
(Report              ,PageRange           ,0.99545455)
(Report              ,PersonList          ,0.99545455)
(Report              ,Academic            ,0.9954167)
(Report              ,InCollection        ,0.99538463)
(Report              ,Part                ,0.9953333)
(Report              ,Collection          ,0.9953333)
(Report              ,Book                ,0.9953125)
(Report              ,Chapter             ,0.9952941)
(Report              ,Date                ,0.9952083)
(Report              ,Address             ,0.995)
(Report              ,Manual              ,0.995)
(Report              ,LectureNotes        ,0.995)
(Report              ,Reference           ,0.995)
(Report              ,Article             ,8.3333335E-4)
(Report              ,InProceedings       ,8.3333335E-4)
(Report              ,Proceedings         ,7.6923077E-4)
(Report              ,InBook              ,7.142857E-4)
(Report              ,Conference          ,4.5454546E-4)
(Report              ,Journal             ,3.5714285E-4)
(Report              ,Monograph           ,3.125E-4)
(Report              ,Misc                ,0.0)
(Report              ,Publisher           ,0.0)
(School              ,School              ,1.0)
(School              ,Academic            ,0.99642855)
(School              ,Informal            ,0.99642855)
(School              ,TechReport          ,0.99625003)
(School              ,Part                ,0.996)
(School              ,Collection          ,0.996)
(School              ,Book                ,0.9959091)
(School              ,MastersThesis       ,0.99583334)
(School              ,PhdThesis           ,0.99583334)
(School              ,Chapter             ,0.99583334)
(School              ,MotionPicture       ,0.99583334)
(School              ,Booklet             ,0.99576926)
(School              ,PageRange           ,0.9957143)
(School              ,PersonList          ,0.9957143)
(School              ,Deliverable         ,0.995625)
(School              ,InCollection        ,0.9955556)
(School              ,Date                ,0.9955263)
(School              ,Address             ,0.9955)
(School              ,Report              ,0.99545455)
(School              ,Unpublished         ,0.99545455)
(School              ,Manual              ,0.995)
(School              ,Institution         ,0.995)
(School              ,LectureNotes        ,0.995)
(School              ,Reference           ,0.995)
(School              ,Article             ,0.00125)
(School              ,Publisher           ,6.25E-4)
(School              ,InProceedings       ,5.5555557E-4)
(School              ,Journal             ,5.0E-4)
(School              ,Proceedings         ,5.0E-4)
(School              ,InBook              ,4.5454546E-4)
(School              ,Monograph           ,4.1666668E-4)
(School              ,Misc                ,0.0)
(School              ,Conference          ,0.0)
(TechReport          ,TechReport          ,1.0)
(TechReport          ,Report              ,0.9967857)
(TechReport          ,School              ,0.99625003)
(TechReport          ,Informal            ,0.99615383)
(TechReport          ,Booklet             ,0.99578947)
(TechReport          ,Deliverable         ,0.9957143)
(TechReport          ,Academic            ,0.9957143)
(TechReport          ,Part                ,0.99558824)
(TechReport          ,Unpublished         ,0.99558824)
(TechReport          ,Collection          ,0.99558824)
(TechReport          ,Book                ,0.9955556)
(TechReport          ,Chapter             ,0.9955263)
(TechReport          ,Institution         ,0.9954167)
(TechReport          ,MastersThesis       ,0.99538463)
(TechReport          ,PhdThesis           ,0.99538463)
(TechReport          ,Date                ,0.99538463)
(TechReport          ,MotionPicture       ,0.99538463)
(TechReport          ,PageRange           ,0.99535716)
(TechReport          ,PersonList          ,0.99535716)
(TechReport          ,InCollection        ,0.9953125)
(TechReport          ,Address             ,0.9952941)
(TechReport          ,Manual              ,0.995)
(TechReport          ,LectureNotes        ,0.995)
(TechReport          ,Reference           ,0.995)
(TechReport          ,Article             ,6.6666666E-4)
(TechReport          ,InBook              ,5.8823527E-4)
(TechReport          ,Publisher           ,3.3333333E-4)
(TechReport          ,InProceedings       ,3.125E-4)
(TechReport          ,Journal             ,2.9411764E-4)
(TechReport          ,Proceedings         ,2.9411764E-4)
(TechReport          ,Monograph           ,2.6315788E-4)
(TechReport          ,Misc                ,0.0)
(TechReport          ,Conference          ,0.0)
(Unpublished         ,Unpublished         ,1.0)
(Unpublished         ,Informal            ,0.9965)
(Unpublished         ,InCollection        ,0.99636364)
(Unpublished         ,Report              ,0.99615383)
(Unpublished         ,Chapter             ,0.996)
(Unpublished         ,TechReport          ,0.99558824)
(Unpublished         ,Institution         ,0.9955556)
(Unpublished         ,MastersThesis       ,0.9955)
(Unpublished         ,PhdThesis           ,0.9955)
(Unpublished         ,MotionPicture       ,0.9955)
(Unpublished         ,School              ,0.99545455)
(Unpublished         ,PageRange           ,0.99545455)
(Unpublished         ,PersonList          ,0.99545455)
(Unpublished         ,Deliverable         ,0.9954167)
(Unpublished         ,Academic            ,0.9954167)
(Unpublished         ,Part                ,0.9953333)
(Unpublished         ,Collection          ,0.9953333)
(Unpublished         ,Book                ,0.9953125)
(Unpublished         ,Booklet             ,0.99527776)
(Unpublished         ,Date                ,0.9952083)
(Unpublished         ,Address             ,0.995)
(Unpublished         ,Manual              ,0.995)
(Unpublished         ,LectureNotes        ,0.995)
(Unpublished         ,Reference           ,0.995)
(Unpublished         ,Article             ,8.3333335E-4)
(Unpublished         ,InProceedings       ,8.3333335E-4)
(Unpublished         ,Proceedings         ,7.6923077E-4)
(Unpublished         ,Conference          ,4.5454546E-4)
(Unpublished         ,Journal             ,3.5714285E-4)
(Unpublished         ,InBook              ,3.3333333E-4)
(Unpublished         ,Monograph           ,3.125E-4)
(Unpublished         ,Misc                ,0.0)
(Unpublished         ,Publisher           ,0.0)
