############################################
Teste=236
Precisao=1.0
Recall=1.0
Encontrados=33
Esperados=33
############################################
Alinhamentos esperados:


Funcao1=similarity.structure.ConceptNameSimilarity@78f6ddda
Peso1=0.8

Funcao2=similarity.structure.DirectIndividualSimilarity@11532c14
Peso2=0.2

Funcao3=similarity.structure.CommentTokenSimilarity@2a24e9e9
Peso3=0.0

Funcao4=class similarity.FunctionContainer@FuncoesHierarquia
Peso4=0.0

Funcao5=similarity.structure.DirectSuperClassSimilarity@6c112540
Peso5=0.065

Funcao6=similarity.structure.DirectSubClassSimilarity@22c72d15
Peso6=0.9

Funcao5=class similarity.FunctionContainer@FuncoesPropriedades
Peso5=0.0

Funcao6=similarity.structure.DirectPropertybyRangeDomainSimilarity@2a7c96d5
Peso6=0.1

Funcao7=similarity.structure.DirectPropertybyNameSimilarity@279a49d2
Peso7=0.795

############################
#Similaridade dos recursos

(Academic            ,Academic            ,1.0)
(Academic            ,Misc                ,0.4)
(Academic            ,InCollection        ,0.4)
(Academic            ,Address             ,0.4)
(Academic            ,Date                ,0.4)
(Academic            ,MastersThesis       ,0.38461536)
(Academic            ,PhdThesis           ,0.37777776)
(Academic            ,Conference          ,0.36)
(Academic            ,TechReport          ,0.36)
(Academic            ,Collection          ,0.36)
(Academic            ,Proceedings         ,0.34545457)
(Academic            ,LectureNotes        ,0.33333337)
(Academic            ,InProceedings       ,0.3230769)
(Academic            ,MotionPicture       ,0.3230769)
(Academic            ,Manual              ,0.3)
(Academic            ,School              ,0.3)
(Academic            ,Informal            ,0.3)
(Academic            ,Part                ,0.3)
(Academic            ,Article             ,0.3)
(Academic            ,Chapter             ,0.3)
(Academic            ,PageRange           ,0.28888887)
(Academic            ,Reference           ,0.28888887)
(Academic            ,PersonList          ,0.28000003)
(Academic            ,Institution         ,0.27272725)
(Academic            ,Deliverable         ,0.27272725)
(Academic            ,Unpublished         ,0.27272725)
(Academic            ,Book                ,0.2)
(Academic            ,Publisher           ,0.2)
(Academic            ,Report              ,0.2)
(Academic            ,Monograph           ,0.2)
(Academic            ,Journal             ,0.2)
(Academic            ,InBook              ,0.2)
(Academic            ,Booklet             ,0.2)
(Address             ,Address             ,1.0)
(Address             ,PhdThesis           ,0.5555555)
(Address             ,MastersThesis       ,0.5076923)
(Address             ,Date                ,0.4285714)
(Address             ,Academic            ,0.4)
(Address             ,LectureNotes        ,0.4)
(Address             ,InProceedings       ,0.38461536)
(Address             ,PageRange           ,0.37777776)
(Address             ,Reference           ,0.37777776)
(Address             ,Conference          ,0.36)
(Address             ,TechReport          ,0.36)
(Address             ,Proceedings         ,0.34545457)
(Address             ,Misc                ,0.3142857)
(Address             ,Part                ,0.3142857)
(Address             ,Journal             ,0.3142857)
(Address             ,Article             ,0.3142857)
(Address             ,Informal            ,0.3)
(Address             ,Publisher           ,0.28888887)
(Address             ,Monograph           ,0.28888887)
(Address             ,Collection          ,0.28000003)
(Address             ,PersonList          ,0.28000003)
(Address             ,Deliverable         ,0.27272725)
(Address             ,Unpublished         ,0.27272725)
(Address             ,InCollection        ,0.26666665)
(Address             ,Institution         ,0.2)
(Address             ,Manual              ,0.2)
(Address             ,Book                ,0.2)
(Address             ,Report              ,0.2)
(Address             ,School              ,0.2)
(Address             ,InBook              ,0.2)
(Address             ,Booklet             ,0.2)
(Address             ,Chapter             ,0.2)
(Address             ,MotionPicture       ,0.2)
(Article             ,Article             ,0.8)
(Article             ,MotionPicture       ,0.24615383)
(Article             ,Part                ,0.22857141)
(Article             ,Date                ,0.22857141)
(Article             ,Deliverable         ,0.2181818)
(Article             ,MastersThesis       ,0.18461537)
(Article             ,PageRange           ,0.17777777)
(Article             ,Publisher           ,0.17777777)
(Article             ,Reference           ,0.17777777)
(Article             ,Conference          ,0.16)
(Article             ,PersonList          ,0.16)
(Article             ,Institution         ,0.14545456)
(Article             ,Proceedings         ,0.14545456)
(Article             ,Unpublished         ,0.14545456)
(Article             ,LectureNotes        ,0.13333336)
(Article             ,InCollection        ,0.13333336)
(Article             ,InProceedings       ,0.123076916)
(Article             ,Manual              ,0.11428571)
(Article             ,Misc                ,0.11428571)
(Article             ,Report              ,0.11428571)
(Article             ,School              ,0.11428571)
(Article             ,Booklet             ,0.11428571)
(Article             ,Address             ,0.11428571)
(Article             ,Academic            ,0.1)
(Article             ,PhdThesis           ,0.08888888)
(Article             ,TechReport          ,0.08000002)
(Article             ,Collection          ,0.08000002)
(Article             ,Book                ,0.0)
(Article             ,Informal            ,0.0)
(Article             ,Monograph           ,0.0)
(Article             ,Journal             ,0.0)
(Article             ,InBook              ,0.0)
(Article             ,Chapter             ,0.0)
(Book                ,Book                ,1.0)
(Book                ,InBook              ,0.7333333)
(Book                ,Booklet             ,0.6571428)
(Book                ,School              ,0.46666664)
(Book                ,Monograph           ,0.37777776)
(Book                ,Collection          ,0.36)
(Book                ,Report              ,0.33333337)
(Book                ,InCollection        ,0.33333337)
(Book                ,MotionPicture       ,0.3230769)
(Book                ,Journal             ,0.3142857)
(Book                ,Informal            ,0.3)
(Book                ,Publisher           ,0.28888887)
(Book                ,Conference          ,0.28000003)
(Book                ,TechReport          ,0.28000003)
(Book                ,PersonList          ,0.28000003)
(Book                ,Institution         ,0.27272725)
(Book                ,Proceedings         ,0.27272725)
(Book                ,Unpublished         ,0.27272725)
(Book                ,LectureNotes        ,0.26666665)
(Book                ,InProceedings       ,0.26153845)
(Book                ,Manual              ,0.2)
(Book                ,Academic            ,0.2)
(Book                ,PhdThesis           ,0.2)
(Book                ,PageRange           ,0.2)
(Book                ,MastersThesis       ,0.2)
(Book                ,Misc                ,0.2)
(Book                ,Part                ,0.2)
(Book                ,Deliverable         ,0.2)
(Book                ,Reference           ,0.2)
(Book                ,Article             ,0.2)
(Book                ,Chapter             ,0.2)
(Book                ,Address             ,0.2)
(Book                ,Date                ,0.2)
(Booklet             ,Booklet             ,1.0)
(Booklet             ,Book                ,0.6571428)
(Booklet             ,InCollection        ,0.46666664)
(Booklet             ,Collection          ,0.44)
(Booklet             ,PersonList          ,0.44)
(Booklet             ,InBook              ,0.4285714)
(Booklet             ,MotionPicture       ,0.38461536)
(Booklet             ,Publisher           ,0.37777776)
(Booklet             ,Monograph           ,0.37777776)
(Booklet             ,Conference          ,0.36)
(Booklet             ,TechReport          ,0.36)
(Booklet             ,Proceedings         ,0.34545457)
(Booklet             ,Unpublished         ,0.34545457)
(Booklet             ,LectureNotes        ,0.33333337)
(Booklet             ,InProceedings       ,0.3230769)
(Booklet             ,Report              ,0.3142857)
(Booklet             ,School              ,0.3142857)
(Booklet             ,Part                ,0.3142857)
(Booklet             ,Journal             ,0.3142857)
(Booklet             ,Article             ,0.3142857)
(Booklet             ,Chapter             ,0.3142857)
(Booklet             ,Date                ,0.3142857)
(Booklet             ,Informal            ,0.3)
(Booklet             ,PhdThesis           ,0.28888887)
(Booklet             ,Reference           ,0.28888887)
(Booklet             ,Institution         ,0.27272725)
(Booklet             ,Deliverable         ,0.27272725)
(Booklet             ,MastersThesis       ,0.26153845)
(Booklet             ,Manual              ,0.2)
(Booklet             ,Academic            ,0.2)
(Booklet             ,PageRange           ,0.2)
(Booklet             ,Misc                ,0.2)
(Booklet             ,Address             ,0.2)
(Chapter             ,Chapter             ,1.0)
(Chapter             ,Date                ,0.5428571)
(Chapter             ,TechReport          ,0.44)
(Chapter             ,Part                ,0.4285714)
(Chapter             ,LectureNotes        ,0.4)
(Chapter             ,MastersThesis       ,0.38461536)
(Chapter             ,MotionPicture       ,0.38461536)
(Chapter             ,PhdThesis           ,0.37777776)
(Chapter             ,Publisher           ,0.37777776)
(Chapter             ,Conference          ,0.36)
(Chapter             ,Collection          ,0.36)
(Chapter             ,Deliverable         ,0.34545457)
(Chapter             ,InCollection        ,0.33333337)
(Chapter             ,Manual              ,0.3142857)
(Chapter             ,Report              ,0.3142857)
(Chapter             ,School              ,0.3142857)
(Chapter             ,Booklet             ,0.3142857)
(Chapter             ,Academic            ,0.3)
(Chapter             ,PageRange           ,0.28888887)
(Chapter             ,Reference           ,0.28888887)
(Chapter             ,Institution         ,0.27272725)
(Chapter             ,Proceedings         ,0.27272725)
(Chapter             ,Unpublished         ,0.27272725)
(Chapter             ,InProceedings       ,0.26153845)
(Chapter             ,Book                ,0.2)
(Chapter             ,Misc                ,0.2)
(Chapter             ,Informal            ,0.2)
(Chapter             ,Monograph           ,0.2)
(Chapter             ,Journal             ,0.2)
(Chapter             ,Article             ,0.2)
(Chapter             ,InBook              ,0.2)
(Chapter             ,Address             ,0.2)
(Chapter             ,PersonList          ,0.2)
(Collection          ,Collection          ,1.0)
(Collection          ,InCollection        ,0.8666667)
(Collection          ,Institution         ,0.4909091)
(Collection          ,Conference          ,0.44)
(Collection          ,Booklet             ,0.44)
(Collection          ,MotionPicture       ,0.38461536)
(Collection          ,Book                ,0.36)
(Collection          ,Academic            ,0.36)
(Collection          ,School              ,0.36)
(Collection          ,Chapter             ,0.36)
(Collection          ,Deliverable         ,0.34545457)
(Collection          ,Proceedings         ,0.34545457)
(Collection          ,LectureNotes        ,0.33333337)
(Collection          ,InProceedings       ,0.3230769)
(Collection          ,MastersThesis       ,0.3230769)
(Collection          ,PhdThesis           ,0.28000003)
(Collection          ,PageRange           ,0.28000003)
(Collection          ,Misc                ,0.28000003)
(Collection          ,Publisher           ,0.28000003)
(Collection          ,Report              ,0.28000003)
(Collection          ,Monograph           ,0.28000003)
(Collection          ,Part                ,0.28000003)
(Collection          ,Journal             ,0.28000003)
(Collection          ,Reference           ,0.28000003)
(Collection          ,Article             ,0.28000003)
(Collection          ,InBook              ,0.28000003)
(Collection          ,Address             ,0.28000003)
(Collection          ,Date                ,0.28000003)
(Collection          ,PersonList          ,0.28000003)
(Collection          ,Manual              ,0.2)
(Collection          ,TechReport          ,0.2)
(Collection          ,Informal            ,0.2)
(Collection          ,Unpublished         ,0.2)
(Conference          ,Conference          ,0.8)
(Conference          ,Reference           ,0.56)
(Conference          ,PageRange           ,0.32)
(Conference          ,LectureNotes        ,0.26666665)
(Conference          ,Collection          ,0.24000001)
(Conference          ,Informal            ,0.24000001)
(Conference          ,Monograph           ,0.24000001)
(Conference          ,Journal             ,0.24000001)
(Conference          ,Deliverable         ,0.2181818)
(Conference          ,Proceedings         ,0.2181818)
(Conference          ,InCollection        ,0.2)
(Conference          ,InProceedings       ,0.18461537)
(Conference          ,MastersThesis       ,0.18461537)
(Conference          ,MotionPicture       ,0.18461537)
(Conference          ,Academic            ,0.16)
(Conference          ,Article             ,0.16)
(Conference          ,Booklet             ,0.16)
(Conference          ,Chapter             ,0.16)
(Conference          ,Address             ,0.16)
(Conference          ,Manual              ,0.08000002)
(Conference          ,Book                ,0.08000002)
(Conference          ,TechReport          ,0.08000002)
(Conference          ,PhdThesis           ,0.08000002)
(Conference          ,Misc                ,0.08000002)
(Conference          ,Report              ,0.08000002)
(Conference          ,Part                ,0.08000002)
(Conference          ,InBook              ,0.08000002)
(Conference          ,Date                ,0.08000002)
(Conference          ,Unpublished         ,0.072727256)
(Conference          ,Institution         ,0.0)
(Conference          ,Publisher           ,0.0)
(Conference          ,School              ,0.0)
(Conference          ,PersonList          ,0.0)
(Date                ,Date                ,1.0)
(Date                ,Chapter             ,0.5428571)
(Date                ,Article             ,0.4285714)
(Date                ,Address             ,0.4285714)
(Date                ,Deliverable         ,0.4181818)
(Date                ,Academic            ,0.4)
(Date                ,Part                ,0.4)
(Date                ,MastersThesis       ,0.38461536)
(Date                ,PhdThesis           ,0.37777776)
(Date                ,PageRange           ,0.37777776)
(Date                ,Manual              ,0.33333337)
(Date                ,LectureNotes        ,0.33333337)
(Date                ,MotionPicture       ,0.3230769)
(Date                ,Booklet             ,0.3142857)
(Date                ,Publisher           ,0.28888887)
(Date                ,Monograph           ,0.28888887)
(Date                ,Reference           ,0.28888887)
(Date                ,Conference          ,0.28000003)
(Date                ,TechReport          ,0.28000003)
(Date                ,Collection          ,0.28000003)
(Date                ,Institution         ,0.27272725)
(Date                ,Proceedings         ,0.27272725)
(Date                ,Unpublished         ,0.27272725)
(Date                ,InCollection        ,0.26666665)
(Date                ,InProceedings       ,0.26153845)
(Date                ,Book                ,0.2)
(Date                ,Misc                ,0.2)
(Date                ,Report              ,0.2)
(Date                ,School              ,0.2)
(Date                ,Informal            ,0.2)
(Date                ,Journal             ,0.2)
(Date                ,InBook              ,0.2)
(Date                ,PersonList          ,0.2)
(Deliverable         ,Deliverable         ,1.0)
(Deliverable         ,PageRange           ,0.4909091)
(Deliverable         ,Reference           ,0.4909091)
(Deliverable         ,Conference          ,0.4181818)
(Deliverable         ,Article             ,0.4181818)
(Deliverable         ,Date                ,0.4181818)
(Deliverable         ,Manual              ,0.34545457)
(Deliverable         ,TechReport          ,0.34545457)
(Deliverable         ,Publisher           ,0.34545457)
(Deliverable         ,Collection          ,0.34545457)
(Deliverable         ,Report              ,0.34545457)
(Deliverable         ,Informal            ,0.34545457)
(Deliverable         ,Monograph           ,0.34545457)
(Deliverable         ,Journal             ,0.34545457)
(Deliverable         ,Chapter             ,0.34545457)
(Deliverable         ,LectureNotes        ,0.33333337)
(Deliverable         ,MastersThesis       ,0.3230769)
(Deliverable         ,MotionPicture       ,0.3230769)
(Deliverable         ,Academic            ,0.27272725)
(Deliverable         ,PhdThesis           ,0.27272725)
(Deliverable         ,Misc                ,0.27272725)
(Deliverable         ,School              ,0.27272725)
(Deliverable         ,Part                ,0.27272725)
(Deliverable         ,Proceedings         ,0.27272725)
(Deliverable         ,InBook              ,0.27272725)
(Deliverable         ,Booklet             ,0.27272725)
(Deliverable         ,Address             ,0.27272725)
(Deliverable         ,PersonList          ,0.27272725)
(Deliverable         ,InCollection        ,0.26666665)
(Deliverable         ,InProceedings       ,0.26153845)
(Deliverable         ,Institution         ,0.2)
(Deliverable         ,Book                ,0.2)
(Deliverable         ,Unpublished         ,0.2)
(InBook              ,InBook              ,0.8)
(InBook              ,Book                ,0.5333333)
(InBook              ,Informal            ,0.3)
(InBook              ,School              ,0.26666665)
(InBook              ,InCollection        ,0.26666665)
(InBook              ,Booklet             ,0.22857141)
(InBook              ,Institution         ,0.2181818)
(InBook              ,InProceedings       ,0.18461537)
(InBook              ,Unpublished         ,0.14545456)
(InBook              ,Report              ,0.13333336)
(InBook              ,MotionPicture       ,0.123076916)
(InBook              ,Publisher           ,0.08888888)
(InBook              ,Monograph           ,0.08888888)
(InBook              ,Conference          ,0.08000002)
(InBook              ,TechReport          ,0.08000002)
(InBook              ,Collection          ,0.08000002)
(InBook              ,PersonList          ,0.08000002)
(InBook              ,Deliverable         ,0.072727256)
(InBook              ,LectureNotes        ,0.066666655)
(InBook              ,Manual              ,0.0)
(InBook              ,Academic            ,0.0)
(InBook              ,PhdThesis           ,0.0)
(InBook              ,PageRange           ,0.0)
(InBook              ,MastersThesis       ,0.0)
(InBook              ,Misc                ,0.0)
(InBook              ,Part                ,0.0)
(InBook              ,Journal             ,0.0)
(InBook              ,Reference           ,0.0)
(InBook              ,Proceedings         ,0.0)
(InBook              ,Article             ,0.0)
(InBook              ,Chapter             ,0.0)
(InBook              ,Address             ,0.0)
(InBook              ,Date                ,0.0)
(InCollection        ,InCollection        ,1.0)
(InCollection        ,Collection          ,0.8666667)
(InCollection        ,Institution         ,0.6)
(InCollection        ,InBook              ,0.46666664)
(InCollection        ,Booklet             ,0.46666664)
(InCollection        ,InProceedings       ,0.44615382)
(InCollection        ,Conference          ,0.4)
(InCollection        ,Academic            ,0.4)
(InCollection        ,Informal            ,0.4)
(InCollection        ,MotionPicture       ,0.38461536)
(InCollection        ,Book                ,0.33333337)
(InCollection        ,TechReport          ,0.33333337)
(InCollection        ,PhdThesis           ,0.33333337)
(InCollection        ,Report              ,0.33333337)
(InCollection        ,School              ,0.33333337)
(InCollection        ,LectureNotes        ,0.33333337)
(InCollection        ,Proceedings         ,0.33333337)
(InCollection        ,Article             ,0.33333337)
(InCollection        ,Chapter             ,0.33333337)
(InCollection        ,Unpublished         ,0.33333337)
(InCollection        ,PersonList          ,0.33333337)
(InCollection        ,Manual              ,0.26666665)
(InCollection        ,PageRange           ,0.26666665)
(InCollection        ,Misc                ,0.26666665)
(InCollection        ,Publisher           ,0.26666665)
(InCollection        ,Monograph           ,0.26666665)
(InCollection        ,Part                ,0.26666665)
(InCollection        ,Deliverable         ,0.26666665)
(InCollection        ,Journal             ,0.26666665)
(InCollection        ,Reference           ,0.26666665)
(InCollection        ,Address             ,0.26666665)
(InCollection        ,Date                ,0.26666665)
(InCollection        ,MastersThesis       ,0.2)
(InProceedings       ,InProceedings       ,0.8)
(InProceedings       ,Proceedings         ,0.6769231)
(InProceedings       ,PhdThesis           ,0.24615383)
(InProceedings       ,PageRange           ,0.24615383)
(InProceedings       ,InCollection        ,0.24615383)
(InProceedings       ,Institution         ,0.18461537)
(InProceedings       ,Conference          ,0.18461537)
(InProceedings       ,Informal            ,0.18461537)
(InProceedings       ,Reference           ,0.18461537)
(InProceedings       ,InBook              ,0.18461537)
(InProceedings       ,Address             ,0.18461537)
(InProceedings       ,Academic            ,0.123076916)
(InProceedings       ,MastersThesis       ,0.123076916)
(InProceedings       ,Collection          ,0.123076916)
(InProceedings       ,Report              ,0.123076916)
(InProceedings       ,LectureNotes        ,0.123076916)
(InProceedings       ,Journal             ,0.123076916)
(InProceedings       ,Article             ,0.123076916)
(InProceedings       ,Booklet             ,0.123076916)
(InProceedings       ,Unpublished         ,0.123076916)
(InProceedings       ,PersonList          ,0.123076916)
(InProceedings       ,Book                ,0.061538458)
(InProceedings       ,TechReport          ,0.061538458)
(InProceedings       ,Misc                ,0.061538458)
(InProceedings       ,Publisher           ,0.061538458)
(InProceedings       ,School              ,0.061538458)
(InProceedings       ,Monograph           ,0.061538458)
(InProceedings       ,Part                ,0.061538458)
(InProceedings       ,Deliverable         ,0.061538458)
(InProceedings       ,Chapter             ,0.061538458)
(InProceedings       ,MotionPicture       ,0.061538458)
(InProceedings       ,Date                ,0.061538458)
(InProceedings       ,Manual              ,0.0)
(Informal            ,Informal            ,1.0)
(Informal            ,Journal             ,0.5)
(Informal            ,InBook              ,0.5)
(Informal            ,Conference          ,0.44)
(Informal            ,Manual              ,0.4)
(Informal            ,Report              ,0.4)
(Informal            ,School              ,0.4)
(Informal            ,InCollection        ,0.4)
(Informal            ,InProceedings       ,0.38461536)
(Informal            ,Monograph           ,0.37777776)
(Informal            ,Reference           ,0.37777776)
(Informal            ,Institution         ,0.34545457)
(Informal            ,Deliverable         ,0.34545457)
(Informal            ,MotionPicture       ,0.3230769)
(Informal            ,Book                ,0.3)
(Informal            ,Academic            ,0.3)
(Informal            ,Part                ,0.3)
(Informal            ,Booklet             ,0.3)
(Informal            ,Address             ,0.3)
(Informal            ,PageRange           ,0.28888887)
(Informal            ,TechReport          ,0.28000003)
(Informal            ,PersonList          ,0.28000003)
(Informal            ,Unpublished         ,0.27272725)
(Informal            ,LectureNotes        ,0.26666665)
(Informal            ,MastersThesis       ,0.26153845)
(Informal            ,PhdThesis           ,0.2)
(Informal            ,Misc                ,0.2)
(Informal            ,Publisher           ,0.2)
(Informal            ,Collection          ,0.2)
(Informal            ,Proceedings         ,0.2)
(Informal            ,Article             ,0.2)
(Informal            ,Chapter             ,0.2)
(Informal            ,Date                ,0.2)
(Institution         ,Institution         ,1.0)
(Institution         ,InCollection        ,0.6)
(Institution         ,Collection          ,0.4909091)
(Institution         ,InBook              ,0.4181818)
(Institution         ,InProceedings       ,0.38461536)
(Institution         ,MastersThesis       ,0.38461536)
(Institution         ,PhdThesis           ,0.34545457)
(Institution         ,School              ,0.34545457)
(Institution         ,Informal            ,0.34545457)
(Institution         ,Article             ,0.34545457)
(Institution         ,MotionPicture       ,0.3230769)
(Institution         ,Manual              ,0.27272725)
(Institution         ,Book                ,0.27272725)
(Institution         ,Academic            ,0.27272725)
(Institution         ,Misc                ,0.27272725)
(Institution         ,Publisher           ,0.27272725)
(Institution         ,Report              ,0.27272725)
(Institution         ,Part                ,0.27272725)
(Institution         ,Journal             ,0.27272725)
(Institution         ,Booklet             ,0.27272725)
(Institution         ,Chapter             ,0.27272725)
(Institution         ,Unpublished         ,0.27272725)
(Institution         ,Date                ,0.27272725)
(Institution         ,PersonList          ,0.27272725)
(Institution         ,LectureNotes        ,0.26666665)
(Institution         ,Conference          ,0.2)
(Institution         ,TechReport          ,0.2)
(Institution         ,PageRange           ,0.2)
(Institution         ,Monograph           ,0.2)
(Institution         ,Deliverable         ,0.2)
(Institution         ,Reference           ,0.2)
(Institution         ,Proceedings         ,0.2)
(Institution         ,Address             ,0.2)
(Journal             ,Journal             ,0.8)
(Journal             ,Informal            ,0.3)
(Journal             ,Conference          ,0.24000001)
(Journal             ,Manual              ,0.22857141)
(Journal             ,LectureNotes        ,0.2)
(Journal             ,PageRange           ,0.17777777)
(Journal             ,Monograph           ,0.17777777)
(Journal             ,Reference           ,0.17777777)
(Journal             ,Deliverable         ,0.14545456)
(Journal             ,Proceedings         ,0.14545456)
(Journal             ,InProceedings       ,0.123076916)
(Journal             ,MotionPicture       ,0.123076916)
(Journal             ,Book                ,0.11428571)
(Journal             ,School              ,0.11428571)
(Journal             ,Part                ,0.11428571)
(Journal             ,Booklet             ,0.11428571)
(Journal             ,Address             ,0.11428571)
(Journal             ,TechReport          ,0.08000002)
(Journal             ,Collection          ,0.08000002)
(Journal             ,PersonList          ,0.08000002)
(Journal             ,Institution         ,0.072727256)
(Journal             ,Unpublished         ,0.072727256)
(Journal             ,InCollection        ,0.066666655)
(Journal             ,MastersThesis       ,0.061538458)
(Journal             ,Academic            ,0.0)
(Journal             ,PhdThesis           ,0.0)
(Journal             ,Misc                ,0.0)
(Journal             ,Publisher           ,0.0)
(Journal             ,Report              ,0.0)
(Journal             ,Article             ,0.0)
(Journal             ,InBook              ,0.0)
(Journal             ,Chapter             ,0.0)
(Journal             ,Date                ,0.0)
(LectureNotes        ,LectureNotes        ,1.0)
(LectureNotes        ,TechReport          ,0.53333336)
(LectureNotes        ,Reference           ,0.53333336)
(LectureNotes        ,Conference          ,0.46666664)
(LectureNotes        ,PhdThesis           ,0.4)
(LectureNotes        ,PageRange           ,0.4)
(LectureNotes        ,Report              ,0.4)
(LectureNotes        ,Journal             ,0.4)
(LectureNotes        ,Chapter             ,0.4)
(LectureNotes        ,Address             ,0.4)
(LectureNotes        ,MastersThesis       ,0.38461536)
(LectureNotes        ,Academic            ,0.33333337)
(LectureNotes        ,Publisher           ,0.33333337)
(LectureNotes        ,Collection          ,0.33333337)
(LectureNotes        ,School              ,0.33333337)
(LectureNotes        ,InCollection        ,0.33333337)
(LectureNotes        ,Part                ,0.33333337)
(LectureNotes        ,Deliverable         ,0.33333337)
(LectureNotes        ,Proceedings         ,0.33333337)
(LectureNotes        ,Article             ,0.33333337)
(LectureNotes        ,Booklet             ,0.33333337)
(LectureNotes        ,Unpublished         ,0.33333337)
(LectureNotes        ,Date                ,0.33333337)
(LectureNotes        ,PersonList          ,0.33333337)
(LectureNotes        ,InProceedings       ,0.3230769)
(LectureNotes        ,Institution         ,0.26666665)
(LectureNotes        ,Manual              ,0.26666665)
(LectureNotes        ,Book                ,0.26666665)
(LectureNotes        ,Informal            ,0.26666665)
(LectureNotes        ,Monograph           ,0.26666665)
(LectureNotes        ,InBook              ,0.26666665)
(LectureNotes        ,MotionPicture       ,0.26153845)
(LectureNotes        ,Misc                ,0.2)
(Manual              ,Manual              ,1.0)
(Manual              ,Monograph           ,0.46666664)
(Manual              ,Journal             ,0.4285714)
(Manual              ,Informal            ,0.4)
(Manual              ,MotionPicture       ,0.38461536)
(Manual              ,PageRange           ,0.37777776)
(Manual              ,Deliverable         ,0.34545457)
(Manual              ,Unpublished         ,0.34545457)
(Manual              ,Misc                ,0.33333337)
(Manual              ,School              ,0.33333337)
(Manual              ,Part                ,0.33333337)
(Manual              ,Date                ,0.33333337)
(Manual              ,MastersThesis       ,0.3230769)
(Manual              ,Article             ,0.3142857)
(Manual              ,Chapter             ,0.3142857)
(Manual              ,Academic            ,0.3)
(Manual              ,Conference          ,0.28000003)
(Manual              ,PersonList          ,0.28000003)
(Manual              ,Institution         ,0.27272725)
(Manual              ,LectureNotes        ,0.26666665)
(Manual              ,InCollection        ,0.26666665)
(Manual              ,InProceedings       ,0.2)
(Manual              ,Book                ,0.2)
(Manual              ,TechReport          ,0.2)
(Manual              ,PhdThesis           ,0.2)
(Manual              ,Publisher           ,0.2)
(Manual              ,Collection          ,0.2)
(Manual              ,Report              ,0.2)
(Manual              ,Reference           ,0.2)
(Manual              ,Proceedings         ,0.2)
(Manual              ,InBook              ,0.2)
(Manual              ,Booklet             ,0.2)
(Manual              ,Address             ,0.2)
(MastersThesis       ,MastersThesis       ,1.0)
(MastersThesis       ,PhdThesis           ,0.56923074)
(MastersThesis       ,Address             ,0.5076923)
(MastersThesis       ,PageRange           ,0.44615382)
(MastersThesis       ,PersonList          ,0.44615382)
(MastersThesis       ,Institution         ,0.38461536)
(MastersThesis       ,Conference          ,0.38461536)
(MastersThesis       ,Academic            ,0.38461536)
(MastersThesis       ,Publisher           ,0.38461536)
(MastersThesis       ,LectureNotes        ,0.38461536)
(MastersThesis       ,Monograph           ,0.38461536)
(MastersThesis       ,Part                ,0.38461536)
(MastersThesis       ,Reference           ,0.38461536)
(MastersThesis       ,Article             ,0.38461536)
(MastersThesis       ,Chapter             ,0.38461536)
(MastersThesis       ,Date                ,0.38461536)
(MastersThesis       ,InProceedings       ,0.3230769)
(MastersThesis       ,Manual              ,0.3230769)
(MastersThesis       ,TechReport          ,0.3230769)
(MastersThesis       ,Misc                ,0.3230769)
(MastersThesis       ,Collection          ,0.3230769)
(MastersThesis       ,Report              ,0.3230769)
(MastersThesis       ,School              ,0.3230769)
(MastersThesis       ,Deliverable         ,0.3230769)
(MastersThesis       ,Proceedings         ,0.3230769)
(MastersThesis       ,Unpublished         ,0.3230769)
(MastersThesis       ,Informal            ,0.26153845)
(MastersThesis       ,Journal             ,0.26153845)
(MastersThesis       ,Booklet             ,0.26153845)
(MastersThesis       ,MotionPicture       ,0.26153845)
(MastersThesis       ,Book                ,0.2)
(MastersThesis       ,InCollection        ,0.2)
(MastersThesis       ,InBook              ,0.2)
(Misc                ,Misc                ,0.8)
(Misc                ,Academic            ,0.2)
(Misc                ,MotionPicture       ,0.18461537)
(Misc                ,Publisher           ,0.17777777)
(Misc                ,PersonList          ,0.16)
(Misc                ,Unpublished         ,0.14545456)
(Misc                ,Manual              ,0.13333336)
(Misc                ,MastersThesis       ,0.123076916)
(Misc                ,Article             ,0.11428571)
(Misc                ,Address             ,0.11428571)
(Misc                ,PhdThesis           ,0.08888888)
(Misc                ,Monograph           ,0.08888888)
(Misc                ,Reference           ,0.08888888)
(Misc                ,Conference          ,0.08000002)
(Misc                ,Collection          ,0.08000002)
(Misc                ,Institution         ,0.072727256)
(Misc                ,Deliverable         ,0.072727256)
(Misc                ,Proceedings         ,0.072727256)
(Misc                ,InCollection        ,0.066666655)
(Misc                ,InProceedings       ,0.061538458)
(Misc                ,Book                ,0.0)
(Misc                ,TechReport          ,0.0)
(Misc                ,PageRange           ,0.0)
(Misc                ,Report              ,0.0)
(Misc                ,School              ,0.0)
(Misc                ,Informal            ,0.0)
(Misc                ,LectureNotes        ,0.0)
(Misc                ,Part                ,0.0)
(Misc                ,Journal             ,0.0)
(Misc                ,InBook              ,0.0)
(Misc                ,Booklet             ,0.0)
(Misc                ,Chapter             ,0.0)
(Misc                ,Date                ,0.0)
(Monograph           ,Monograph           ,0.8)
(Monograph           ,Manual              ,0.26666665)
(Monograph           ,Conference          ,0.24000001)
(Monograph           ,MastersThesis       ,0.18461537)
(Monograph           ,MotionPicture       ,0.18461537)
(Monograph           ,Book                ,0.17777777)
(Monograph           ,Report              ,0.17777777)
(Monograph           ,Informal            ,0.17777777)
(Monograph           ,Journal             ,0.17777777)
(Monograph           ,Booklet             ,0.17777777)
(Monograph           ,Deliverable         ,0.14545456)
(Monograph           ,PageRange           ,0.08888888)
(Monograph           ,Misc                ,0.08888888)
(Monograph           ,School              ,0.08888888)
(Monograph           ,Part                ,0.08888888)
(Monograph           ,InBook              ,0.08888888)
(Monograph           ,Address             ,0.08888888)
(Monograph           ,Date                ,0.08888888)
(Monograph           ,TechReport          ,0.08000002)
(Monograph           ,Collection          ,0.08000002)
(Monograph           ,PersonList          ,0.08000002)
(Monograph           ,Proceedings         ,0.072727256)
(Monograph           ,Unpublished         ,0.072727256)
(Monograph           ,LectureNotes        ,0.066666655)
(Monograph           ,InCollection        ,0.066666655)
(Monograph           ,InProceedings       ,0.061538458)
(Monograph           ,Institution         ,0.0)
(Monograph           ,Academic            ,0.0)
(Monograph           ,PhdThesis           ,0.0)
(Monograph           ,Publisher           ,0.0)
(Monograph           ,Reference           ,0.0)
(Monograph           ,Article             ,0.0)
(Monograph           ,Chapter             ,0.0)
(MotionPicture       ,MotionPicture       ,1.0)
(MotionPicture       ,Article             ,0.44615382)
(MotionPicture       ,PersonList          ,0.44615382)
(MotionPicture       ,Conference          ,0.38461536)
(MotionPicture       ,Manual              ,0.38461536)
(MotionPicture       ,Misc                ,0.38461536)
(MotionPicture       ,Collection          ,0.38461536)
(MotionPicture       ,Monograph           ,0.38461536)
(MotionPicture       ,InCollection        ,0.38461536)
(MotionPicture       ,Booklet             ,0.38461536)
(MotionPicture       ,Chapter             ,0.38461536)
(MotionPicture       ,Institution         ,0.3230769)
(MotionPicture       ,Book                ,0.3230769)
(MotionPicture       ,Academic            ,0.3230769)
(MotionPicture       ,TechReport          ,0.3230769)
(MotionPicture       ,Publisher           ,0.3230769)
(MotionPicture       ,Report              ,0.3230769)
(MotionPicture       ,Informal            ,0.3230769)
(MotionPicture       ,Part                ,0.3230769)
(MotionPicture       ,Deliverable         ,0.3230769)
(MotionPicture       ,Journal             ,0.3230769)
(MotionPicture       ,Reference           ,0.3230769)
(MotionPicture       ,InBook              ,0.3230769)
(MotionPicture       ,Date                ,0.3230769)
(MotionPicture       ,InProceedings       ,0.26153845)
(MotionPicture       ,PhdThesis           ,0.26153845)
(MotionPicture       ,PageRange           ,0.26153845)
(MotionPicture       ,MastersThesis       ,0.26153845)
(MotionPicture       ,School              ,0.26153845)
(MotionPicture       ,LectureNotes        ,0.26153845)
(MotionPicture       ,Proceedings         ,0.26153845)
(MotionPicture       ,Unpublished         ,0.26153845)
(MotionPicture       ,Address             ,0.2)
(PageRange           ,PageRange           ,1.0)
(PageRange           ,Reference           ,0.5555555)
(PageRange           ,Conference          ,0.52)
(PageRange           ,Deliverable         ,0.4909091)
(PageRange           ,Proceedings         ,0.4909091)
(PageRange           ,Part                ,0.46666664)
(PageRange           ,InProceedings       ,0.44615382)
(PageRange           ,MastersThesis       ,0.44615382)
(PageRange           ,LectureNotes        ,0.4)
(PageRange           ,Manual              ,0.37777776)
(PageRange           ,Journal             ,0.37777776)
(PageRange           ,Article             ,0.37777776)
(PageRange           ,Address             ,0.37777776)
(PageRange           ,Date                ,0.37777776)
(PageRange           ,PersonList          ,0.36)
(PageRange           ,Academic            ,0.28888887)
(PageRange           ,PhdThesis           ,0.28888887)
(PageRange           ,Publisher           ,0.28888887)
(PageRange           ,Report              ,0.28888887)
(PageRange           ,Informal            ,0.28888887)
(PageRange           ,Monograph           ,0.28888887)
(PageRange           ,Chapter             ,0.28888887)
(PageRange           ,TechReport          ,0.28000003)
(PageRange           ,Collection          ,0.28000003)
(PageRange           ,Unpublished         ,0.27272725)
(PageRange           ,InCollection        ,0.26666665)
(PageRange           ,MotionPicture       ,0.26153845)
(PageRange           ,Institution         ,0.2)
(PageRange           ,Book                ,0.2)
(PageRange           ,Misc                ,0.2)
(PageRange           ,School              ,0.2)
(PageRange           ,InBook              ,0.2)
(PageRange           ,Booklet             ,0.2)
(Part                ,Part                ,1.0)
(Part                ,Report              ,0.6)
(Part                ,PageRange           ,0.46666664)
(Part                ,TechReport          ,0.44)
(Part                ,PersonList          ,0.44)
(Part                ,Article             ,0.4285714)
(Part                ,Chapter             ,0.4285714)
(Part                ,Date                ,0.4)
(Part                ,MastersThesis       ,0.38461536)
(Part                ,PhdThesis           ,0.37777776)
(Part                ,Manual              ,0.33333337)
(Part                ,LectureNotes        ,0.33333337)
(Part                ,MotionPicture       ,0.3230769)
(Part                ,Journal             ,0.3142857)
(Part                ,Booklet             ,0.3142857)
(Part                ,Address             ,0.3142857)
(Part                ,Academic            ,0.3)
(Part                ,Informal            ,0.3)
(Part                ,Publisher           ,0.28888887)
(Part                ,Monograph           ,0.28888887)
(Part                ,Reference           ,0.28888887)
(Part                ,Conference          ,0.28000003)
(Part                ,Collection          ,0.28000003)
(Part                ,Institution         ,0.27272725)
(Part                ,Deliverable         ,0.27272725)
(Part                ,Proceedings         ,0.27272725)
(Part                ,Unpublished         ,0.27272725)
(Part                ,InCollection        ,0.26666665)
(Part                ,InProceedings       ,0.26153845)
(Part                ,Book                ,0.2)
(Part                ,Misc                ,0.2)
(Part                ,School              ,0.2)
(Part                ,InBook              ,0.2)
(PersonList          ,PersonList          ,1.0)
(PersonList          ,MastersThesis       ,0.44615382)
(PersonList          ,MotionPicture       ,0.44615382)
(PersonList          ,PhdThesis           ,0.44)
(PersonList          ,Report              ,0.44)
(PersonList          ,Part                ,0.44)
(PersonList          ,Booklet             ,0.44)
(PersonList          ,TechReport          ,0.36)
(PersonList          ,PageRange           ,0.36)
(PersonList          ,Misc                ,0.36)
(PersonList          ,Publisher           ,0.36)
(PersonList          ,School              ,0.36)
(PersonList          ,Article             ,0.36)
(PersonList          ,Proceedings         ,0.34545457)
(PersonList          ,Unpublished         ,0.34545457)
(PersonList          ,LectureNotes        ,0.33333337)
(PersonList          ,InCollection        ,0.33333337)
(PersonList          ,InProceedings       ,0.3230769)
(PersonList          ,Manual              ,0.28000003)
(PersonList          ,Book                ,0.28000003)
(PersonList          ,Academic            ,0.28000003)
(PersonList          ,Collection          ,0.28000003)
(PersonList          ,Informal            ,0.28000003)
(PersonList          ,Monograph           ,0.28000003)
(PersonList          ,Journal             ,0.28000003)
(PersonList          ,Reference           ,0.28000003)
(PersonList          ,InBook              ,0.28000003)
(PersonList          ,Address             ,0.28000003)
(PersonList          ,Institution         ,0.27272725)
(PersonList          ,Deliverable         ,0.27272725)
(PersonList          ,Conference          ,0.2)
(PersonList          ,Chapter             ,0.2)
(PersonList          ,Date                ,0.2)
(PhdThesis           ,PhdThesis           ,1.0)
(PhdThesis           ,MastersThesis       ,0.56923074)
(PhdThesis           ,Address             ,0.5555555)
(PhdThesis           ,Proceedings         ,0.4909091)
(PhdThesis           ,InProceedings       ,0.44615382)
(PhdThesis           ,PersonList          ,0.44)
(PhdThesis           ,LectureNotes        ,0.4)
(PhdThesis           ,Academic            ,0.37777776)
(PhdThesis           ,Part                ,0.37777776)
(PhdThesis           ,Chapter             ,0.37777776)
(PhdThesis           ,Date                ,0.37777776)
(PhdThesis           ,Institution         ,0.34545457)
(PhdThesis           ,InCollection        ,0.33333337)
(PhdThesis           ,PageRange           ,0.28888887)
(PhdThesis           ,Misc                ,0.28888887)
(PhdThesis           ,Publisher           ,0.28888887)
(PhdThesis           ,School              ,0.28888887)
(PhdThesis           ,Reference           ,0.28888887)
(PhdThesis           ,Article             ,0.28888887)
(PhdThesis           ,Booklet             ,0.28888887)
(PhdThesis           ,Conference          ,0.28000003)
(PhdThesis           ,TechReport          ,0.28000003)
(PhdThesis           ,Collection          ,0.28000003)
(PhdThesis           ,Deliverable         ,0.27272725)
(PhdThesis           ,Unpublished         ,0.27272725)
(PhdThesis           ,MotionPicture       ,0.26153845)
(PhdThesis           ,Manual              ,0.2)
(PhdThesis           ,Book                ,0.2)
(PhdThesis           ,Report              ,0.2)
(PhdThesis           ,Informal            ,0.2)
(PhdThesis           ,Monograph           ,0.2)
(PhdThesis           ,Journal             ,0.2)
(PhdThesis           ,InBook              ,0.2)
(Proceedings         ,Proceedings         ,0.8)
(Proceedings         ,InProceedings       ,0.6769231)
(Proceedings         ,PhdThesis           ,0.2909091)
(Proceedings         ,PageRange           ,0.2909091)
(Proceedings         ,Conference          ,0.2181818)
(Proceedings         ,Reference           ,0.2181818)
(Proceedings         ,Academic            ,0.14545456)
(Proceedings         ,Collection          ,0.14545456)
(Proceedings         ,Report              ,0.14545456)
(Proceedings         ,Journal             ,0.14545456)
(Proceedings         ,Article             ,0.14545456)
(Proceedings         ,Booklet             ,0.14545456)
(Proceedings         ,Address             ,0.14545456)
(Proceedings         ,PersonList          ,0.14545456)
(Proceedings         ,LectureNotes        ,0.13333336)
(Proceedings         ,InCollection        ,0.13333336)
(Proceedings         ,MastersThesis       ,0.123076916)
(Proceedings         ,Book                ,0.072727256)
(Proceedings         ,TechReport          ,0.072727256)
(Proceedings         ,Misc                ,0.072727256)
(Proceedings         ,Publisher           ,0.072727256)
(Proceedings         ,School              ,0.072727256)
(Proceedings         ,Monograph           ,0.072727256)
(Proceedings         ,Part                ,0.072727256)
(Proceedings         ,Deliverable         ,0.072727256)
(Proceedings         ,Chapter             ,0.072727256)
(Proceedings         ,Date                ,0.072727256)
(Proceedings         ,MotionPicture       ,0.061538458)
(Proceedings         ,Institution         ,0.0)
(Proceedings         ,Manual              ,0.0)
(Proceedings         ,Informal            ,0.0)
(Proceedings         ,InBook              ,0.0)
(Proceedings         ,Unpublished         ,0.0)
(Publisher           ,Publisher           ,0.8)
(Publisher           ,Unpublished         ,0.5818182)
(Publisher           ,MastersThesis       ,0.18461537)
(Publisher           ,Misc                ,0.17777777)
(Publisher           ,Article             ,0.17777777)
(Publisher           ,Booklet             ,0.17777777)
(Publisher           ,Chapter             ,0.17777777)
(Publisher           ,PersonList          ,0.16)
(Publisher           ,Deliverable         ,0.14545456)
(Publisher           ,LectureNotes        ,0.13333336)
(Publisher           ,MotionPicture       ,0.123076916)
(Publisher           ,Book                ,0.08888888)
(Publisher           ,PhdThesis           ,0.08888888)
(Publisher           ,PageRange           ,0.08888888)
(Publisher           ,Part                ,0.08888888)
(Publisher           ,InBook              ,0.08888888)
(Publisher           ,Address             ,0.08888888)
(Publisher           ,Date                ,0.08888888)
(Publisher           ,TechReport          ,0.08000002)
(Publisher           ,Collection          ,0.08000002)
(Publisher           ,Institution         ,0.072727256)
(Publisher           ,Proceedings         ,0.072727256)
(Publisher           ,InCollection        ,0.066666655)
(Publisher           ,InProceedings       ,0.061538458)
(Publisher           ,Conference          ,0.0)
(Publisher           ,Manual              ,0.0)
(Publisher           ,Academic            ,0.0)
(Publisher           ,Report              ,0.0)
(Publisher           ,School              ,0.0)
(Publisher           ,Informal            ,0.0)
(Publisher           ,Monograph           ,0.0)
(Publisher           ,Journal             ,0.0)
(Publisher           ,Reference           ,0.0)
(Reference           ,Reference           ,0.8)
(Reference           ,Conference          ,0.56)
(Reference           ,PageRange           ,0.35555553)
(Reference           ,LectureNotes        ,0.33333334)
(Reference           ,Deliverable         ,0.2909091)
(Reference           ,Report              ,0.26666665)
(Reference           ,TechReport          ,0.24000001)
(Reference           ,Proceedings         ,0.2181818)
(Reference           ,InProceedings       ,0.18461537)
(Reference           ,MastersThesis       ,0.18461537)
(Reference           ,Informal            ,0.17777777)
(Reference           ,Journal             ,0.17777777)
(Reference           ,Article             ,0.17777777)
(Reference           ,Address             ,0.17777777)
(Reference           ,MotionPicture       ,0.123076916)
(Reference           ,Academic            ,0.08888888)
(Reference           ,PhdThesis           ,0.08888888)
(Reference           ,Misc                ,0.08888888)
(Reference           ,Part                ,0.08888888)
(Reference           ,Booklet             ,0.08888888)
(Reference           ,Chapter             ,0.08888888)
(Reference           ,Date                ,0.08888888)
(Reference           ,Collection          ,0.08000002)
(Reference           ,PersonList          ,0.08000002)
(Reference           ,Unpublished         ,0.072727256)
(Reference           ,InCollection        ,0.066666655)
(Reference           ,Institution         ,0.0)
(Reference           ,Manual              ,0.0)
(Reference           ,Book                ,0.0)
(Reference           ,Publisher           ,0.0)
(Reference           ,School              ,0.0)
(Reference           ,Monograph           ,0.0)
(Reference           ,InBook              ,0.0)
(Report              ,Report              ,1.0)
(Report              ,TechReport          ,0.68)
(Report              ,Part                ,0.6)
(Report              ,Reference           ,0.46666664)
(Report              ,PersonList          ,0.44)
(Report              ,Informal            ,0.4)
(Report              ,LectureNotes        ,0.4)
(Report              ,Monograph           ,0.37777776)
(Report              ,Deliverable         ,0.34545457)
(Report              ,Proceedings         ,0.34545457)
(Report              ,Book                ,0.33333337)
(Report              ,School              ,0.33333337)
(Report              ,InCollection        ,0.33333337)
(Report              ,InBook              ,0.33333337)
(Report              ,InProceedings       ,0.3230769)
(Report              ,MastersThesis       ,0.3230769)
(Report              ,MotionPicture       ,0.3230769)
(Report              ,Article             ,0.3142857)
(Report              ,Booklet             ,0.3142857)
(Report              ,Chapter             ,0.3142857)
(Report              ,PageRange           ,0.28888887)
(Report              ,Conference          ,0.28000003)
(Report              ,Collection          ,0.28000003)
(Report              ,Institution         ,0.27272725)
(Report              ,Unpublished         ,0.27272725)
(Report              ,Manual              ,0.2)
(Report              ,Academic            ,0.2)
(Report              ,PhdThesis           ,0.2)
(Report              ,Misc                ,0.2)
(Report              ,Publisher           ,0.2)
(Report              ,Journal             ,0.2)
(Report              ,Address             ,0.2)
(Report              ,Date                ,0.2)
(School              ,School              ,1.0)
(School              ,Book                ,0.46666664)
(School              ,InBook              ,0.46666664)
(School              ,TechReport          ,0.44)
(School              ,Informal            ,0.4)
(School              ,Collection          ,0.36)
(School              ,PersonList          ,0.36)
(School              ,Institution         ,0.34545457)
(School              ,Manual              ,0.33333337)
(School              ,Report              ,0.33333337)
(School              ,LectureNotes        ,0.33333337)
(School              ,InCollection        ,0.33333337)
(School              ,MastersThesis       ,0.3230769)
(School              ,Journal             ,0.3142857)
(School              ,Article             ,0.3142857)
(School              ,Booklet             ,0.3142857)
(School              ,Chapter             ,0.3142857)
(School              ,Academic            ,0.3)
(School              ,PhdThesis           ,0.28888887)
(School              ,Monograph           ,0.28888887)
(School              ,Deliverable         ,0.27272725)
(School              ,Proceedings         ,0.27272725)
(School              ,Unpublished         ,0.27272725)
(School              ,InProceedings       ,0.26153845)
(School              ,MotionPicture       ,0.26153845)
(School              ,Conference          ,0.2)
(School              ,PageRange           ,0.2)
(School              ,Misc                ,0.2)
(School              ,Publisher           ,0.2)
(School              ,Part                ,0.2)
(School              ,Reference           ,0.2)
(School              ,Address             ,0.2)
(School              ,Date                ,0.2)
(TechReport          ,TechReport          ,1.0)
(TechReport          ,Report              ,0.68)
(TechReport          ,LectureNotes        ,0.53333336)
(TechReport          ,School              ,0.44)
(TechReport          ,Part                ,0.44)
(TechReport          ,Reference           ,0.44)
(TechReport          ,Chapter             ,0.44)
(TechReport          ,Academic            ,0.36)
(TechReport          ,Booklet             ,0.36)
(TechReport          ,Address             ,0.36)
(TechReport          ,PersonList          ,0.36)
(TechReport          ,Deliverable         ,0.34545457)
(TechReport          ,InCollection        ,0.33333337)
(TechReport          ,MastersThesis       ,0.3230769)
(TechReport          ,MotionPicture       ,0.3230769)
(TechReport          ,Conference          ,0.28000003)
(TechReport          ,Book                ,0.28000003)
(TechReport          ,PhdThesis           ,0.28000003)
(TechReport          ,PageRange           ,0.28000003)
(TechReport          ,Publisher           ,0.28000003)
(TechReport          ,Informal            ,0.28000003)
(TechReport          ,Monograph           ,0.28000003)
(TechReport          ,Journal             ,0.28000003)
(TechReport          ,Article             ,0.28000003)
(TechReport          ,InBook              ,0.28000003)
(TechReport          ,Date                ,0.28000003)
(TechReport          ,Proceedings         ,0.27272725)
(TechReport          ,InProceedings       ,0.26153845)
(TechReport          ,Institution         ,0.2)
(TechReport          ,Manual              ,0.2)
(TechReport          ,Misc                ,0.2)
(TechReport          ,Collection          ,0.2)
(TechReport          ,Unpublished         ,0.2)
(Unpublished         ,Unpublished         ,1.0)
(Unpublished         ,Publisher           ,0.7818182)
(Unpublished         ,Manual              ,0.34545457)
(Unpublished         ,Misc                ,0.34545457)
(Unpublished         ,Article             ,0.34545457)
(Unpublished         ,InBook              ,0.34545457)
(Unpublished         ,Booklet             ,0.34545457)
(Unpublished         ,PersonList          ,0.34545457)
(Unpublished         ,LectureNotes        ,0.33333337)
(Unpublished         ,InCollection        ,0.33333337)
(Unpublished         ,InProceedings       ,0.3230769)
(Unpublished         ,MastersThesis       ,0.3230769)
(Unpublished         ,Institution         ,0.27272725)
(Unpublished         ,Conference          ,0.27272725)
(Unpublished         ,Book                ,0.27272725)
(Unpublished         ,Academic            ,0.27272725)
(Unpublished         ,PhdThesis           ,0.27272725)
(Unpublished         ,PageRange           ,0.27272725)
(Unpublished         ,Report              ,0.27272725)
(Unpublished         ,School              ,0.27272725)
(Unpublished         ,Informal            ,0.27272725)
(Unpublished         ,Monograph           ,0.27272725)
(Unpublished         ,Part                ,0.27272725)
(Unpublished         ,Journal             ,0.27272725)
(Unpublished         ,Reference           ,0.27272725)
(Unpublished         ,Chapter             ,0.27272725)
(Unpublished         ,Address             ,0.27272725)
(Unpublished         ,Date                ,0.27272725)
(Unpublished         ,MotionPicture       ,0.26153845)
(Unpublished         ,TechReport          ,0.2)
(Unpublished         ,Collection          ,0.2)
(Unpublished         ,Deliverable         ,0.2)
(Unpublished         ,Proceedings         ,0.2)
